[INFO] 2022-09-28 09:39:53 > Run name : gpm-DCGAN-train-2022_09_28_09_39_53
[INFO] 2022-09-28 09:39:53 > cfgs.DATA =
[INFO] 2022-09-28 09:39:53 > {
  "name": "gpm",
  "img_size": 32,
  "num_classes": 1,
  "img_channels": 3,
  "num_dims": 2
}
[INFO] 2022-09-28 09:39:53 > cfgs.MODEL =
[INFO] 2022-09-28 09:39:53 > {
  "backbone": "deep_conv",
  "g_cond_mtd": "W/O",
  "d_cond_mtd": "W/O",
  "aux_cls_type": "W/O",
  "normalize_d_embed": false,
  "d_embed_dim": "N/A",
  "apply_g_sn": false,
  "apply_d_sn": false,
  "g_act_fn": "ReLU",
  "d_act_fn": "ReLU",
  "apply_attn": false,
  "attn_g_loc": [
    "N/A"
  ],
  "attn_d_loc": [
    "N/A"
  ],
  "z_prior": "gaussian",
  "z_dim": 128,
  "w_dim": "N/A",
  "g_shared_dim": "N/A",
  "g_conv_dim": "N/A",
  "d_conv_dim": "N/A",
  "g_depth": "N/A",
  "d_depth": "N/A",
  "apply_g_ema": false,
  "g_ema_decay": "N/A",
  "g_ema_start": "N/A",
  "g_init": "ortho",
  "d_init": "ortho"
}
[INFO] 2022-09-28 09:39:53 > cfgs.LOSS =
[INFO] 2022-09-28 09:39:53 > {
  "adv_loss": "vanilla",
  "cond_lambda": "N/A",
  "tac_gen_lambda": "N/A",
  "tac_dis_lambda": "N/A",
  "mh_lambda": "N/A",
  "apply_fm": false,
  "fm_lambda": "N/A",
  "apply_r1_reg": false,
  "r1_lambda": "N/A",
  "m_p": "N/A",
  "temperature": "N/A",
  "apply_wc": false,
  "wc_bound": "N/A",
  "apply_gp": false,
  "gp_lambda": "N/A",
  "apply_dra": false,
  "dra_labmda": "N/A",
  "apply_maxgp": false,
  "maxgp_lambda": "N/A",
  "apply_cr": false,
  "cr_lambda": "N/A",
  "apply_bcr": false,
  "real_lambda": "N/A",
  "fake_lambda": "N/A",
  "apply_zcr": false,
  "radius": "N/A",
  "g_lambda": "N/A",
  "d_lambda": "N/A",
  "apply_lo": false,
  "lo_alpha": "N/A",
  "lo_beta": "N/A",
  "lo_rate": "N/A",
  "lo_lambda": "N/A",
  "lo_steps4train": "N/A",
  "lo_steps4eval": "N/A",
  "apply_topk": false,
  "topk_gamma": "N/A",
  "topk_nu": "N/A"
}
[INFO] 2022-09-28 09:39:53 > cfgs.OPTIMIZATION =
[INFO] 2022-09-28 09:39:53 > {
  "type_": "Adam",
  "batch_size": 64,
  "acml_steps": 1,
  "g_lr": 0.0002,
  "d_lr": 0.0002,
  "g_weight_decay": 0.0,
  "d_weight_decay": 0.0,
  "momentum": "N/A",
  "nesterov": "N/A",
  "alpha": "N/A",
  "beta1": 0.5,
  "beta2": 0.999,
  "g_updates_per_step": 1,
  "d_updates_per_step": 2,
  "total_steps": 200000,
  "world_size": 1
}
[INFO] 2022-09-28 09:39:53 > cfgs.PRE =
[INFO] 2022-09-28 09:39:53 > {
  "apply_rflip": false,
  "crop_long_edge": false,
  "resize_size": null
}
[INFO] 2022-09-28 09:39:53 > cfgs.AUG =
[INFO] 2022-09-28 09:39:53 > {
  "apply_diffaug": false,
  "apply_ada": false,
  "cr_aug_type": "W/O",
  "bcr_aug_type": "W/O",
  "diffaug_type": "W/O",
  "ada_aug_type": "W/O",
  "ada_initial_augment_p": "N/A",
  "ada_target": "N/A",
  "ada_kimg": "N/A",
  "ada_interval": "N/A"
}
[INFO] 2022-09-28 09:39:53 > cfgs.RUN =
[INFO] 2022-09-28 09:39:53 > {
  "entity": null,
  "project": null,
  "cfg_file": "src/configs/GPM_carb/DCGAN.yaml",
  "data_dir": "./data/gpm_carb_256/",
  "save_dir": "./output_carb/",
  "ckpt_dir": null,
  "load_best": false,
  "seed": 2347,
  "distributed_data_parallel": false,
  "backend": "nccl",
  "total_nodes": 1,
  "current_node": 0,
  "num_workers": 0,
  "synchronized_bn": false,
  "mixed_precision": false,
  "truncation_factor": -1.0,
  "truncation_cutoff": null,
  "batch_statistics": false,
  "standing_statistics": false,
  "standing_max_batch": -1,
  "standing_step": -1,
  "freezeD": -1,
  "langevin_sampling": true,
  "langevin_rate": -1,
  "langevin_noise_std": 1.0,
  "langevin_decay": -1,
  "langevin_decay_steps": -1,
  "langevin_steps": -1,
  "train": true,
  "load_train_hdf5": true,
  "load_data_in_memory": false,
  "eval": true,
  "save_fake_images": true,
  "vis_fake_images": false,
  "k_nearest_neighbor": false,
  "interpolation": false,
  "frequency_analysis": false,
  "tsne_analysis": false,
  "intra_class_fid": false,
  "GAN_train": false,
  "GAN_test": false,
  "resume_classifier_train": false,
  "semantic_factorization": false,
  "num_semantic_axis": -1,
  "maximum_variations": -1,
  "print_every": 100,
  "save_every": 1000,
  "eval_backbone": "Inception_V3",
  "ref_dataset": "train"
}
[INFO] 2022-09-28 09:39:53 > cfgs.STYLEGAN2 =
[INFO] 2022-09-28 09:39:53 > {
  "cond_type": [
    "PD",
    "SPD",
    "2C",
    "D2DCE"
  ],
  "g_reg_interval": "N/A",
  "d_reg_interval": "N/A",
  "mapping_network": "N/A",
  "style_mixing_p": "N/A",
  "g_ema_kimg": "N/A",
  "g_ema_rampup": "N/A",
  "apply_pl_reg": false,
  "pl_weight": "N/A",
  "d_architecture": "N/A",
  "d_epilogue_mbstd_group_size": "N/A"
}
[INFO] 2022-09-28 09:39:53 > Load gpm train dataset.
[INFO] 2022-09-28 09:39:53 > Train dataset size: 1750
[INFO] 2022-09-28 09:39:53 > Load gpm train dataset.
[INFO] 2022-09-28 09:39:53 > Eval dataset size: 1750
[INFO] 2022-09-28 09:39:53 > Build a Generative Adversarial Network.
[INFO] 2022-09-28 09:39:53 > Modules are located on './src/models.deep_conv'.
[INFO] 2022-09-28 09:39:59 > Number of parameters: 3812355
[INFO] 2022-09-28 09:39:59 > Generator(
  (linear0): Linear(in_features=128, out_features=8192, bias=True)
  (blocks): ModuleList(
    (0): ModuleList(
      (0): GenBlock(
        (deconv0): ConvTranspose2d(512, 256, kernel_size=(4, 4), stride=(2, 2), padding=(1, 1))
        (bn0): BatchNorm2d(256, eps=0.0001, momentum=0.1, affine=True, track_running_stats=True)
        (activation): ReLU(inplace=True)
      )
    )
    (1): ModuleList(
      (0): GenBlock(
        (deconv0): ConvTranspose2d(256, 128, kernel_size=(4, 4), stride=(2, 2), padding=(1, 1))
        (bn0): BatchNorm2d(128, eps=0.0001, momentum=0.1, affine=True, track_running_stats=True)
        (activation): ReLU(inplace=True)
      )
    )
    (2): ModuleList(
      (0): GenBlock(
        (deconv0): ConvTranspose2d(128, 64, kernel_size=(4, 4), stride=(2, 2), padding=(1, 1))
        (bn0): BatchNorm2d(64, eps=0.0001, momentum=0.1, affine=True, track_running_stats=True)
        (activation): ReLU(inplace=True)
      )
    )
  )
  (conv4): Conv2d(64, 3, kernel_size=(3, 3), stride=(1, 1), padding=(1, 1))
  (tanh): Tanh()
)
[INFO] 2022-09-28 09:39:59 > Number of parameters: 2931009
[INFO] 2022-09-28 09:39:59 > Discriminator(
  (blocks): ModuleList(
    (0): ModuleList(
      (0): DiscBlock(
        (conv0): Conv2d(3, 64, kernel_size=(3, 3), stride=(1, 1), padding=(1, 1))
        (conv1): Conv2d(64, 64, kernel_size=(4, 4), stride=(2, 2), padding=(1, 1))
        (bn0): BatchNorm2d(64, eps=0.0001, momentum=0.1, affine=True, track_running_stats=True)
        (bn1): BatchNorm2d(64, eps=0.0001, momentum=0.1, affine=True, track_running_stats=True)
        (activation): ReLU(inplace=True)
      )
    )
    (1): ModuleList(
      (0): DiscBlock(
        (conv0): Conv2d(64, 128, kernel_size=(3, 3), stride=(1, 1), padding=(1, 1))
        (conv1): Conv2d(128, 128, kernel_size=(4, 4), stride=(2, 2), padding=(1, 1))
        (bn0): BatchNorm2d(128, eps=0.0001, momentum=0.1, affine=True, track_running_stats=True)
        (bn1): BatchNorm2d(128, eps=0.0001, momentum=0.1, affine=True, track_running_stats=True)
        (activation): ReLU(inplace=True)
      )
    )
    (2): ModuleList(
      (0): DiscBlock(
        (conv0): Conv2d(128, 256, kernel_size=(3, 3), stride=(1, 1), padding=(1, 1))
        (conv1): Conv2d(256, 256, kernel_size=(4, 4), stride=(2, 2), padding=(1, 1))
        (bn0): BatchNorm2d(256, eps=0.0001, momentum=0.1, affine=True, track_running_stats=True)
        (bn1): BatchNorm2d(256, eps=0.0001, momentum=0.1, affine=True, track_running_stats=True)
        (activation): ReLU(inplace=True)
      )
    )
  )
  (activation): ReLU(inplace=True)
  (conv1): Conv2d(256, 512, kernel_size=(3, 3), stride=(1, 1), padding=(1, 1))
  (bn1): BatchNorm2d(512, eps=0.0001, momentum=0.1, affine=True, track_running_stats=True)
  (linear1): Linear(in_features=512, out_features=1, bias=True)
)
[INFO] 2022-09-28 09:40:10 > Start training!
[INFO] 2022-09-28 09:40:47 > Step:    100 Progress: 0.1% Elapsed: 0:00:37 Gen_loss: 8.028 Dis_loss: 0.002242 Cls_loss: N/A Topk:  N/A ada_p: N/A 
[INFO] 2022-09-28 09:41:23 > Step:    200 Progress: 0.1% Elapsed: 0:01:12 Gen_loss: 9.203 Dis_loss: 0.0004372 Cls_loss: N/A Topk:  N/A ada_p: N/A 
[INFO] 2022-09-28 09:41:58 > Step:    300 Progress: 0.1% Elapsed: 0:01:48 Gen_loss: 20.94 Dis_loss: 4.208e-05 Cls_loss: N/A Topk:  N/A ada_p: N/A 
[INFO] 2022-09-28 09:42:33 > Step:    400 Progress: 0.2% Elapsed: 0:02:23 Gen_loss: 16.69 Dis_loss: 0.002698 Cls_loss: N/A Topk:  N/A ada_p: N/A 
[INFO] 2022-09-28 09:43:09 > Step:    500 Progress: 0.2% Elapsed: 0:02:58 Gen_loss: 8.621 Dis_loss: 0.009513 Cls_loss: N/A Topk:  N/A ada_p: N/A 
[INFO] 2022-09-28 09:43:44 > Step:    600 Progress: 0.3% Elapsed: 0:03:34 Gen_loss: 6.566 Dis_loss: 0.00791 Cls_loss: N/A Topk:  N/A ada_p: N/A 
[INFO] 2022-09-28 09:44:20 > Step:    700 Progress: 0.4% Elapsed: 0:04:09 Gen_loss: 7.93 Dis_loss: 0.019 Cls_loss: N/A Topk:  N/A ada_p: N/A 
