[INFO] 2022-09-23 12:37:07 > Run name : gpm-WGAN-GP-train-2022_09_23_12_37_07
[INFO] 2022-09-23 12:37:07 > cfgs.DATA =
[INFO] 2022-09-23 12:37:07 > {
  "name": "gpm",
  "img_size": 512,
  "num_classes": 1,
  "img_channels": 3
}
[INFO] 2022-09-23 12:37:07 > cfgs.MODEL =
[INFO] 2022-09-23 12:37:07 > {
  "backbone": "resnet",
  "g_cond_mtd": "W/O",
  "d_cond_mtd": "W/O",
  "aux_cls_type": "W/O",
  "normalize_d_embed": false,
  "d_embed_dim": "N/A",
  "apply_g_sn": false,
  "apply_d_sn": false,
  "g_act_fn": "ReLU",
  "d_act_fn": "ReLU",
  "apply_attn": false,
  "attn_g_loc": [
    "N/A"
  ],
  "attn_d_loc": [
    "N/A"
  ],
  "z_prior": "gaussian",
  "z_dim": 8,
  "w_dim": "N/A",
  "g_shared_dim": "N/A",
  "g_conv_dim": 32,
  "d_conv_dim": 32,
  "g_depth": "N/A",
  "d_depth": "N/A",
  "apply_g_ema": false,
  "g_ema_decay": "N/A",
  "g_ema_start": "N/A",
  "g_init": "ortho",
  "d_init": "ortho"
}
[INFO] 2022-09-23 12:37:07 > cfgs.LOSS =
[INFO] 2022-09-23 12:37:07 > {
  "adv_loss": "wasserstein",
  "cond_lambda": "N/A",
  "tac_gen_lambda": "N/A",
  "tac_dis_lambda": "N/A",
  "mh_lambda": "N/A",
  "apply_fm": false,
  "fm_lambda": "N/A",
  "apply_r1_reg": false,
  "r1_lambda": "N/A",
  "m_p": "N/A",
  "temperature": "N/A",
  "apply_wc": false,
  "wc_bound": "N/A",
  "apply_gp": true,
  "gp_lambda": 10.0,
  "apply_dra": false,
  "dra_labmda": "N/A",
  "apply_maxgp": false,
  "maxgp_lambda": "N/A",
  "apply_cr": false,
  "cr_lambda": "N/A",
  "apply_bcr": false,
  "real_lambda": "N/A",
  "fake_lambda": "N/A",
  "apply_zcr": false,
  "radius": "N/A",
  "g_lambda": "N/A",
  "d_lambda": "N/A",
  "apply_lo": false,
  "lo_alpha": "N/A",
  "lo_beta": "N/A",
  "lo_rate": "N/A",
  "lo_lambda": "N/A",
  "lo_steps4train": "N/A",
  "lo_steps4eval": "N/A",
  "apply_topk": false,
  "topk_gamma": "N/A",
  "topk_nu": "N/A"
}
[INFO] 2022-09-23 12:37:07 > cfgs.OPTIMIZATION =
[INFO] 2022-09-23 12:37:07 > {
  "type_": "Adam",
  "batch_size": 24,
  "acml_steps": 1,
  "g_lr": 0.0001,
  "d_lr": 0.0004,
  "g_weight_decay": 0.0,
  "d_weight_decay": 0.0,
  "momentum": "N/A",
  "nesterov": "N/A",
  "alpha": "N/A",
  "beta1": 0.0,
  "beta2": 0.999,
  "g_updates_per_step": 1,
  "d_updates_per_step": 1,
  "total_steps": 30000,
  "world_size": 3
}
[INFO] 2022-09-23 12:37:07 > cfgs.PRE =
[INFO] 2022-09-23 12:37:07 > {
  "apply_rflip": true,
  "crop_long_edge": true,
  "resize_size": 512
}
[INFO] 2022-09-23 12:37:07 > cfgs.AUG =
[INFO] 2022-09-23 12:37:07 > {
  "apply_diffaug": false,
  "apply_ada": false,
  "cr_aug_type": "W/O",
  "bcr_aug_type": "W/O",
  "diffaug_type": "W/O",
  "ada_aug_type": "W/O",
  "ada_initial_augment_p": "N/A",
  "ada_target": "N/A",
  "ada_kimg": "N/A",
  "ada_interval": "N/A"
}
[INFO] 2022-09-23 12:37:07 > cfgs.RUN =
[INFO] 2022-09-23 12:37:07 > {
  "entity": null,
  "project": "gpm_carb",
  "cfg_file": "src/configs/GPM_carb/WGAN-GP.yaml",
  "data_dir": "data/gpm_carb/",
  "save_dir": "./output_carb/",
  "ckpt_dir": null,
  "load_best": false,
  "seed": 3094,
  "distributed_data_parallel": false,
  "backend": "nccl",
  "total_nodes": 1,
  "current_node": 0,
  "num_workers": 8,
  "synchronized_bn": false,
  "mixed_precision": false,
  "truncation_factor": -1.0,
  "truncation_cutoff": null,
  "batch_statistics": false,
  "standing_statistics": false,
  "standing_max_batch": -1,
  "standing_step": -1,
  "freezeD": -1,
  "langevin_sampling": false,
  "langevin_rate": -1,
  "langevin_noise_std": -1,
  "langevin_decay": -1,
  "langevin_decay_steps": -1,
  "langevin_steps": -1,
  "train": true,
  "load_train_hdf5": false,
  "load_data_in_memory": false,
  "eval": false,
  "save_fake_images": true,
  "vis_fake_images": false,
  "k_nearest_neighbor": false,
  "interpolation": false,
  "frequency_analysis": false,
  "tsne_analysis": false,
  "intra_class_fid": false,
  "GAN_train": false,
  "GAN_test": false,
  "resume_classifier_train": false,
  "semantic_factorization": false,
  "num_semantic_axis": -1,
  "maximum_variations": -1,
  "print_every": 100,
  "save_every": 100,
  "eval_backbone": "Inception_V3",
  "ref_dataset": "train"
}
[INFO] 2022-09-23 12:37:07 > cfgs.STYLEGAN2 =
[INFO] 2022-09-23 12:37:07 > {
  "cond_type": [
    "PD",
    "SPD",
    "2C",
    "D2DCE"
  ],
  "g_reg_interval": "N/A",
  "d_reg_interval": "N/A",
  "mapping_network": "N/A",
  "style_mixing_p": "N/A",
  "g_ema_kimg": "N/A",
  "g_ema_rampup": "N/A",
  "apply_pl_reg": false,
  "pl_weight": "N/A",
  "d_architecture": "N/A",
  "d_epilogue_mbstd_group_size": "N/A"
}
[INFO] 2022-09-23 12:37:07 > Load gpm train dataset.
[INFO] 2022-09-23 12:37:07 > Train dataset size: 1750
[INFO] 2022-09-23 12:37:07 > Build a Generative Adversarial Network.
[INFO] 2022-09-23 12:37:07 > Modules are located on './src/models.resnet'.
[INFO] 2022-09-23 12:37:10 > Number of parameters: 8854115
[INFO] 2022-09-23 12:37:10 > Generator(
  (linear0): Linear(in_features=8, out_features=8192, bias=True)
  (blocks): ModuleList(
    (0): ModuleList(
      (0): GenBlock(
        (bn1): BatchNorm2d(512, eps=0.0001, momentum=0.1, affine=True, track_running_stats=True)
        (bn2): BatchNorm2d(512, eps=0.0001, momentum=0.1, affine=True, track_running_stats=True)
        (activation): ReLU(inplace=True)
        (conv2d0): Conv2d(512, 512, kernel_size=(1, 1), stride=(1, 1))
        (conv2d1): Conv2d(512, 512, kernel_size=(3, 3), stride=(1, 1), padding=(1, 1))
        (conv2d2): Conv2d(512, 512, kernel_size=(3, 3), stride=(1, 1), padding=(1, 1))
      )
    )
    (1): ModuleList(
      (0): GenBlock(
        (bn1): BatchNorm2d(512, eps=0.0001, momentum=0.1, affine=True, track_running_stats=True)
        (bn2): BatchNorm2d(256, eps=0.0001, momentum=0.1, affine=True, track_running_stats=True)
        (activation): ReLU(inplace=True)
        (conv2d0): Conv2d(512, 256, kernel_size=(1, 1), stride=(1, 1))
        (conv2d1): Conv2d(512, 256, kernel_size=(3, 3), stride=(1, 1), padding=(1, 1))
        (conv2d2): Conv2d(256, 256, kernel_size=(3, 3), stride=(1, 1), padding=(1, 1))
      )
    )
    (2): ModuleList(
      (0): GenBlock(
        (bn1): BatchNorm2d(256, eps=0.0001, momentum=0.1, affine=True, track_running_stats=True)
        (bn2): BatchNorm2d(256, eps=0.0001, momentum=0.1, affine=True, track_running_stats=True)
        (activation): ReLU(inplace=True)
        (conv2d0): Conv2d(256, 256, kernel_size=(1, 1), stride=(1, 1))
        (conv2d1): Conv2d(256, 256, kernel_size=(3, 3), stride=(1, 1), padding=(1, 1))
        (conv2d2): Conv2d(256, 256, kernel_size=(3, 3), stride=(1, 1), padding=(1, 1))
      )
    )
    (3): ModuleList(
      (0): GenBlock(
        (bn1): BatchNorm2d(256, eps=0.0001, momentum=0.1, affine=True, track_running_stats=True)
        (bn2): BatchNorm2d(128, eps=0.0001, momentum=0.1, affine=True, track_running_stats=True)
        (activation): ReLU(inplace=True)
        (conv2d0): Conv2d(256, 128, kernel_size=(1, 1), stride=(1, 1))
        (conv2d1): Conv2d(256, 128, kernel_size=(3, 3), stride=(1, 1), padding=(1, 1))
        (conv2d2): Conv2d(128, 128, kernel_size=(3, 3), stride=(1, 1), padding=(1, 1))
      )
    )
    (4): ModuleList(
      (0): GenBlock(
        (bn1): BatchNorm2d(128, eps=0.0001, momentum=0.1, affine=True, track_running_stats=True)
        (bn2): BatchNorm2d(64, eps=0.0001, momentum=0.1, affine=True, track_running_stats=True)
        (activation): ReLU(inplace=True)
        (conv2d0): Conv2d(128, 64, kernel_size=(1, 1), stride=(1, 1))
        (conv2d1): Conv2d(128, 64, kernel_size=(3, 3), stride=(1, 1), padding=(1, 1))
        (conv2d2): Conv2d(64, 64, kernel_size=(3, 3), stride=(1, 1), padding=(1, 1))
      )
    )
    (5): ModuleList(
      (0): GenBlock(
        (bn1): BatchNorm2d(64, eps=0.0001, momentum=0.1, affine=True, track_running_stats=True)
        (bn2): BatchNorm2d(32, eps=0.0001, momentum=0.1, affine=True, track_running_stats=True)
        (activation): ReLU(inplace=True)
        (conv2d0): Conv2d(64, 32, kernel_size=(1, 1), stride=(1, 1))
        (conv2d1): Conv2d(64, 32, kernel_size=(3, 3), stride=(1, 1), padding=(1, 1))
        (conv2d2): Conv2d(32, 32, kernel_size=(3, 3), stride=(1, 1), padding=(1, 1))
      )
    )
    (6): ModuleList(
      (0): GenBlock(
        (bn1): BatchNorm2d(32, eps=0.0001, momentum=0.1, affine=True, track_running_stats=True)
        (bn2): BatchNorm2d(32, eps=0.0001, momentum=0.1, affine=True, track_running_stats=True)
        (activation): ReLU(inplace=True)
        (conv2d0): Conv2d(32, 32, kernel_size=(1, 1), stride=(1, 1))
        (conv2d1): Conv2d(32, 32, kernel_size=(3, 3), stride=(1, 1), padding=(1, 1))
        (conv2d2): Conv2d(32, 32, kernel_size=(3, 3), stride=(1, 1), padding=(1, 1))
      )
    )
  )
  (bn4): BatchNorm2d(32, eps=0.0001, momentum=0.1, affine=True, track_running_stats=True)
  (activation): ReLU(inplace=True)
  (conv2d5): Conv2d(32, 3, kernel_size=(3, 3), stride=(1, 1), padding=(1, 1))
  (tanh): Tanh()
)
[INFO] 2022-09-23 12:37:10 > Number of parameters: 10880711
[INFO] 2022-09-23 12:37:10 > Discriminator(
  (blocks): ModuleList(
    (0): ModuleList(
      (0): DiscOptBlock(
        (conv2d0): Conv2d(3, 32, kernel_size=(1, 1), stride=(1, 1))
        (conv2d1): Conv2d(3, 32, kernel_size=(3, 3), stride=(1, 1), padding=(1, 1))
        (conv2d2): Conv2d(32, 32, kernel_size=(3, 3), stride=(1, 1), padding=(1, 1))
        (bn0): BatchNorm2d(3, eps=0.0001, momentum=0.1, affine=True, track_running_stats=True)
        (bn1): BatchNorm2d(32, eps=0.0001, momentum=0.1, affine=True, track_running_stats=True)
        (activation): ReLU(inplace=True)
        (average_pooling): AvgPool2d(kernel_size=2, stride=2, padding=0)
      )
    )
    (1): ModuleList(
      (0): DiscBlock(
        (activation): ReLU(inplace=True)
        (conv2d0): Conv2d(32, 32, kernel_size=(1, 1), stride=(1, 1))
        (bn0): BatchNorm2d(32, eps=0.0001, momentum=0.1, affine=True, track_running_stats=True)
        (conv2d1): Conv2d(32, 32, kernel_size=(3, 3), stride=(1, 1), padding=(1, 1))
        (conv2d2): Conv2d(32, 32, kernel_size=(3, 3), stride=(1, 1), padding=(1, 1))
        (bn1): BatchNorm2d(32, eps=0.0001, momentum=0.1, affine=True, track_running_stats=True)
        (bn2): BatchNorm2d(32, eps=0.0001, momentum=0.1, affine=True, track_running_stats=True)
        (average_pooling): AvgPool2d(kernel_size=2, stride=2, padding=0)
      )
    )
    (2): ModuleList(
      (0): DiscBlock(
        (activation): ReLU(inplace=True)
        (conv2d0): Conv2d(32, 64, kernel_size=(1, 1), stride=(1, 1))
        (bn0): BatchNorm2d(32, eps=0.0001, momentum=0.1, affine=True, track_running_stats=True)
        (conv2d1): Conv2d(32, 64, kernel_size=(3, 3), stride=(1, 1), padding=(1, 1))
        (conv2d2): Conv2d(64, 64, kernel_size=(3, 3), stride=(1, 1), padding=(1, 1))
        (bn1): BatchNorm2d(32, eps=0.0001, momentum=0.1, affine=True, track_running_stats=True)
        (bn2): BatchNorm2d(64, eps=0.0001, momentum=0.1, affine=True, track_running_stats=True)
        (average_pooling): AvgPool2d(kernel_size=2, stride=2, padding=0)
      )
    )
    (3): ModuleList(
      (0): DiscBlock(
        (activation): ReLU(inplace=True)
        (conv2d0): Conv2d(64, 128, kernel_size=(1, 1), stride=(1, 1))
        (bn0): BatchNorm2d(64, eps=0.0001, momentum=0.1, affine=True, track_running_stats=True)
        (conv2d1): Conv2d(64, 128, kernel_size=(3, 3), stride=(1, 1), padding=(1, 1))
        (conv2d2): Conv2d(128, 128, kernel_size=(3, 3), stride=(1, 1), padding=(1, 1))
        (bn1): BatchNorm2d(64, eps=0.0001, momentum=0.1, affine=True, track_running_stats=True)
        (bn2): BatchNorm2d(128, eps=0.0001, momentum=0.1, affine=True, track_running_stats=True)
        (average_pooling): AvgPool2d(kernel_size=2, stride=2, padding=0)
      )
    )
    (4): ModuleList(
      (0): DiscBlock(
        (activation): ReLU(inplace=True)
        (conv2d0): Conv2d(128, 256, kernel_size=(1, 1), stride=(1, 1))
        (bn0): BatchNorm2d(128, eps=0.0001, momentum=0.1, affine=True, track_running_stats=True)
        (conv2d1): Conv2d(128, 256, kernel_size=(3, 3), stride=(1, 1), padding=(1, 1))
        (conv2d2): Conv2d(256, 256, kernel_size=(3, 3), stride=(1, 1), padding=(1, 1))
        (bn1): BatchNorm2d(128, eps=0.0001, momentum=0.1, affine=True, track_running_stats=True)
        (bn2): BatchNorm2d(256, eps=0.0001, momentum=0.1, affine=True, track_running_stats=True)
        (average_pooling): AvgPool2d(kernel_size=2, stride=2, padding=0)
      )
    )
    (5): ModuleList(
      (0): DiscBlock(
        (activation): ReLU(inplace=True)
        (conv2d0): Conv2d(256, 256, kernel_size=(1, 1), stride=(1, 1))
        (bn0): BatchNorm2d(256, eps=0.0001, momentum=0.1, affine=True, track_running_stats=True)
        (conv2d1): Conv2d(256, 256, kernel_size=(3, 3), stride=(1, 1), padding=(1, 1))
        (conv2d2): Conv2d(256, 256, kernel_size=(3, 3), stride=(1, 1), padding=(1, 1))
        (bn1): BatchNorm2d(256, eps=0.0001, momentum=0.1, affine=True, track_running_stats=True)
        (bn2): BatchNorm2d(256, eps=0.0001, momentum=0.1, affine=True, track_running_stats=True)
        (average_pooling): AvgPool2d(kernel_size=2, stride=2, padding=0)
      )
    )
    (6): ModuleList(
      (0): DiscBlock(
        (activation): ReLU(inplace=True)
        (conv2d0): Conv2d(256, 512, kernel_size=(1, 1), stride=(1, 1))
        (bn0): BatchNorm2d(256, eps=0.0001, momentum=0.1, affine=True, track_running_stats=True)
        (conv2d1): Conv2d(256, 512, kernel_size=(3, 3), stride=(1, 1), padding=(1, 1))
        (conv2d2): Conv2d(512, 512, kernel_size=(3, 3), stride=(1, 1), padding=(1, 1))
        (bn1): BatchNorm2d(256, eps=0.0001, momentum=0.1, affine=True, track_running_stats=True)
        (bn2): BatchNorm2d(512, eps=0.0001, momentum=0.1, affine=True, track_running_stats=True)
        (average_pooling): AvgPool2d(kernel_size=2, stride=2, padding=0)
      )
    )
    (7): ModuleList(
      (0): DiscBlock(
        (activation): ReLU(inplace=True)
        (conv2d1): Conv2d(512, 512, kernel_size=(3, 3), stride=(1, 1), padding=(1, 1))
        (conv2d2): Conv2d(512, 512, kernel_size=(3, 3), stride=(1, 1), padding=(1, 1))
        (bn1): BatchNorm2d(512, eps=0.0001, momentum=0.1, affine=True, track_running_stats=True)
        (bn2): BatchNorm2d(512, eps=0.0001, momentum=0.1, affine=True, track_running_stats=True)
        (average_pooling): AvgPool2d(kernel_size=2, stride=2, padding=0)
      )
    )
  )
  (activation): ReLU(inplace=True)
  (linear1): Linear(in_features=512, out_features=1, bias=True)
)
[INFO] 2022-09-23 12:37:14 > Start training!
[INFO] 2022-09-23 12:41:39 > Step:    100 Progress: 0.3% Elapsed: 0:04:24 Gen_loss: 1.607e+03 Dis_loss: -740.2 Cls_loss: N/A Topk:  N/A ada_p: N/A 
[INFO] 2022-09-23 12:41:39 > Visualize (num_rows x 8) fake image canvans.
[INFO] 2022-09-23 12:41:42 > Save image canvas to ./output_carb/figures/gpm-WGAN-GP-train-2022_09_23_12_37_07/generated_canvas_100.png
[INFO] 2022-09-23 12:41:45 > Save model to ./output_carb/checkpoints/gpm-WGAN-GP-train-2022_09_23_12_37_07
[INFO] 2022-09-23 12:46:04 > Step:    200 Progress: 0.7% Elapsed: 0:08:49 Gen_loss: 604.0 Dis_loss: -239.8 Cls_loss: N/A Topk:  N/A ada_p: N/A 
[INFO] 2022-09-23 12:46:04 > Visualize (num_rows x 8) fake image canvans.
[INFO] 2022-09-23 12:46:07 > Save image canvas to ./output_carb/figures/gpm-WGAN-GP-train-2022_09_23_12_37_07/generated_canvas_200.png
[INFO] 2022-09-23 12:46:10 > Save model to ./output_carb/checkpoints/gpm-WGAN-GP-train-2022_09_23_12_37_07
[INFO] 2022-09-23 12:50:29 > Step:    300 Progress: 1.0% Elapsed: 0:13:14 Gen_loss: 928.5 Dis_loss: -260.4 Cls_loss: N/A Topk:  N/A ada_p: N/A 
[INFO] 2022-09-23 12:50:29 > Visualize (num_rows x 8) fake image canvans.
[INFO] 2022-09-23 12:50:31 > Save image canvas to ./output_carb/figures/gpm-WGAN-GP-train-2022_09_23_12_37_07/generated_canvas_300.png
[INFO] 2022-09-23 12:50:34 > Save model to ./output_carb/checkpoints/gpm-WGAN-GP-train-2022_09_23_12_37_07
[INFO] 2022-09-23 12:54:53 > Step:    400 Progress: 1.3% Elapsed: 0:17:38 Gen_loss: 322.5 Dis_loss: -105.8 Cls_loss: N/A Topk:  N/A ada_p: N/A 
[INFO] 2022-09-23 12:54:53 > Visualize (num_rows x 8) fake image canvans.
[INFO] 2022-09-23 12:54:56 > Save image canvas to ./output_carb/figures/gpm-WGAN-GP-train-2022_09_23_12_37_07/generated_canvas_400.png
[INFO] 2022-09-23 12:54:58 > Save model to ./output_carb/checkpoints/gpm-WGAN-GP-train-2022_09_23_12_37_07
[INFO] 2022-09-23 12:59:17 > Step:    500 Progress: 1.7% Elapsed: 0:22:03 Gen_loss: 907.4 Dis_loss: -59.89 Cls_loss: N/A Topk:  N/A ada_p: N/A 
[INFO] 2022-09-23 12:59:17 > Visualize (num_rows x 8) fake image canvans.
[INFO] 2022-09-23 12:59:20 > Save image canvas to ./output_carb/figures/gpm-WGAN-GP-train-2022_09_23_12_37_07/generated_canvas_500.png
[INFO] 2022-09-23 12:59:22 > Save model to ./output_carb/checkpoints/gpm-WGAN-GP-train-2022_09_23_12_37_07
[INFO] 2022-09-23 13:03:41 > Step:    600 Progress: 2.0% Elapsed: 0:26:26 Gen_loss: 838.4 Dis_loss: -295.6 Cls_loss: N/A Topk:  N/A ada_p: N/A 
[INFO] 2022-09-23 13:03:41 > Visualize (num_rows x 8) fake image canvans.
[INFO] 2022-09-23 13:03:43 > Save image canvas to ./output_carb/figures/gpm-WGAN-GP-train-2022_09_23_12_37_07/generated_canvas_600.png
[INFO] 2022-09-23 13:03:46 > Save model to ./output_carb/checkpoints/gpm-WGAN-GP-train-2022_09_23_12_37_07
[INFO] 2022-09-23 13:08:05 > Step:    700 Progress: 2.3% Elapsed: 0:30:50 Gen_loss: 838.7 Dis_loss: -356.6 Cls_loss: N/A Topk:  N/A ada_p: N/A 
[INFO] 2022-09-23 13:08:05 > Visualize (num_rows x 8) fake image canvans.
[INFO] 2022-09-23 13:08:07 > Save image canvas to ./output_carb/figures/gpm-WGAN-GP-train-2022_09_23_12_37_07/generated_canvas_700.png
[INFO] 2022-09-23 13:08:10 > Save model to ./output_carb/checkpoints/gpm-WGAN-GP-train-2022_09_23_12_37_07
[INFO] 2022-09-23 13:12:29 > Step:    800 Progress: 2.7% Elapsed: 0:35:14 Gen_loss: -22.13 Dis_loss: 42.38 Cls_loss: N/A Topk:  N/A ada_p: N/A 
[INFO] 2022-09-23 13:12:29 > Visualize (num_rows x 8) fake image canvans.
[INFO] 2022-09-23 13:12:31 > Save image canvas to ./output_carb/figures/gpm-WGAN-GP-train-2022_09_23_12_37_07/generated_canvas_800.png
[INFO] 2022-09-23 13:12:33 > Save model to ./output_carb/checkpoints/gpm-WGAN-GP-train-2022_09_23_12_37_07
[INFO] 2022-09-23 13:16:53 > Step:    900 Progress: 3.0% Elapsed: 0:39:38 Gen_loss: -117.3 Dis_loss: -20.29 Cls_loss: N/A Topk:  N/A ada_p: N/A 
[INFO] 2022-09-23 13:16:53 > Visualize (num_rows x 8) fake image canvans.
[INFO] 2022-09-23 13:16:55 > Save image canvas to ./output_carb/figures/gpm-WGAN-GP-train-2022_09_23_12_37_07/generated_canvas_900.png
[INFO] 2022-09-23 13:16:57 > Save model to ./output_carb/checkpoints/gpm-WGAN-GP-train-2022_09_23_12_37_07
[INFO] 2022-09-23 13:21:16 > Step:   1000 Progress: 3.3% Elapsed: 0:44:01 Gen_loss: 387.3 Dis_loss: 8.272 Cls_loss: N/A Topk:  N/A ada_p: N/A 
[INFO] 2022-09-23 13:21:16 > Visualize (num_rows x 8) fake image canvans.
[INFO] 2022-09-23 13:21:18 > Save image canvas to ./output_carb/figures/gpm-WGAN-GP-train-2022_09_23_12_37_07/generated_canvas_1000.png
[INFO] 2022-09-23 13:21:21 > Save model to ./output_carb/checkpoints/gpm-WGAN-GP-train-2022_09_23_12_37_07
[INFO] 2022-09-23 13:25:40 > Step:   1100 Progress: 3.7% Elapsed: 0:48:26 Gen_loss: 308.9 Dis_loss: 28.39 Cls_loss: N/A Topk:  N/A ada_p: N/A 
[INFO] 2022-09-23 13:25:40 > Visualize (num_rows x 8) fake image canvans.
[INFO] 2022-09-23 13:25:42 > Save image canvas to ./output_carb/figures/gpm-WGAN-GP-train-2022_09_23_12_37_07/generated_canvas_1100.png
[INFO] 2022-09-23 13:25:45 > Save model to ./output_carb/checkpoints/gpm-WGAN-GP-train-2022_09_23_12_37_07
[INFO] 2022-09-23 13:30:04 > Step:   1200 Progress: 4.0% Elapsed: 0:52:49 Gen_loss: 541.3 Dis_loss: -437.8 Cls_loss: N/A Topk:  N/A ada_p: N/A 
[INFO] 2022-09-23 13:30:04 > Visualize (num_rows x 8) fake image canvans.
[INFO] 2022-09-23 13:30:06 > Save image canvas to ./output_carb/figures/gpm-WGAN-GP-train-2022_09_23_12_37_07/generated_canvas_1200.png
[INFO] 2022-09-23 13:30:09 > Save model to ./output_carb/checkpoints/gpm-WGAN-GP-train-2022_09_23_12_37_07
[INFO] 2022-09-23 13:34:28 > Step:   1300 Progress: 4.3% Elapsed: 0:57:13 Gen_loss: 1.24e+03 Dis_loss: -8.584 Cls_loss: N/A Topk:  N/A ada_p: N/A 
[INFO] 2022-09-23 13:34:28 > Visualize (num_rows x 8) fake image canvans.
[INFO] 2022-09-23 13:34:30 > Save image canvas to ./output_carb/figures/gpm-WGAN-GP-train-2022_09_23_12_37_07/generated_canvas_1300.png
[INFO] 2022-09-23 13:34:32 > Save model to ./output_carb/checkpoints/gpm-WGAN-GP-train-2022_09_23_12_37_07
[INFO] 2022-09-23 13:38:51 > Step:   1400 Progress: 4.7% Elapsed: 1:01:36 Gen_loss: 1.106e+03 Dis_loss: 46.61 Cls_loss: N/A Topk:  N/A ada_p: N/A 
[INFO] 2022-09-23 13:38:51 > Visualize (num_rows x 8) fake image canvans.
[INFO] 2022-09-23 13:38:53 > Save image canvas to ./output_carb/figures/gpm-WGAN-GP-train-2022_09_23_12_37_07/generated_canvas_1400.png
[INFO] 2022-09-23 13:38:55 > Save model to ./output_carb/checkpoints/gpm-WGAN-GP-train-2022_09_23_12_37_07
[INFO] 2022-09-23 13:43:15 > Step:   1500 Progress: 5.0% Elapsed: 1:06:00 Gen_loss: 1.356e+03 Dis_loss: -8.927 Cls_loss: N/A Topk:  N/A ada_p: N/A 
[INFO] 2022-09-23 13:43:15 > Visualize (num_rows x 8) fake image canvans.
[INFO] 2022-09-23 13:43:16 > Save image canvas to ./output_carb/figures/gpm-WGAN-GP-train-2022_09_23_12_37_07/generated_canvas_1500.png
[INFO] 2022-09-23 13:43:19 > Save model to ./output_carb/checkpoints/gpm-WGAN-GP-train-2022_09_23_12_37_07
[INFO] 2022-09-23 13:47:37 > Step:   1600 Progress: 5.3% Elapsed: 1:10:23 Gen_loss: 1.038e+03 Dis_loss: 53.2 Cls_loss: N/A Topk:  N/A ada_p: N/A 
[INFO] 2022-09-23 13:47:37 > Visualize (num_rows x 8) fake image canvans.
[INFO] 2022-09-23 13:47:39 > Save image canvas to ./output_carb/figures/gpm-WGAN-GP-train-2022_09_23_12_37_07/generated_canvas_1600.png
[INFO] 2022-09-23 13:47:42 > Save model to ./output_carb/checkpoints/gpm-WGAN-GP-train-2022_09_23_12_37_07
[INFO] 2022-09-23 13:52:01 > Step:   1700 Progress: 5.7% Elapsed: 1:14:46 Gen_loss: 1.493e+03 Dis_loss: 42.41 Cls_loss: N/A Topk:  N/A ada_p: N/A 
[INFO] 2022-09-23 13:52:01 > Visualize (num_rows x 8) fake image canvans.
[INFO] 2022-09-23 13:52:03 > Save image canvas to ./output_carb/figures/gpm-WGAN-GP-train-2022_09_23_12_37_07/generated_canvas_1700.png
[INFO] 2022-09-23 13:52:06 > Save model to ./output_carb/checkpoints/gpm-WGAN-GP-train-2022_09_23_12_37_07
[INFO] 2022-09-23 13:56:25 > Step:   1800 Progress: 6.0% Elapsed: 1:19:10 Gen_loss: 2.816e+03 Dis_loss: -1.565e+03 Cls_loss: N/A Topk:  N/A ada_p: N/A 
[INFO] 2022-09-23 13:56:25 > Visualize (num_rows x 8) fake image canvans.
[INFO] 2022-09-23 13:56:27 > Save image canvas to ./output_carb/figures/gpm-WGAN-GP-train-2022_09_23_12_37_07/generated_canvas_1800.png
[INFO] 2022-09-23 13:56:29 > Save model to ./output_carb/checkpoints/gpm-WGAN-GP-train-2022_09_23_12_37_07
[INFO] 2022-09-23 14:00:48 > Step:   1900 Progress: 6.3% Elapsed: 1:23:34 Gen_loss: 1.957e+03 Dis_loss: -9.544 Cls_loss: N/A Topk:  N/A ada_p: N/A 
[INFO] 2022-09-23 14:00:48 > Visualize (num_rows x 8) fake image canvans.
[INFO] 2022-09-23 14:00:50 > Save image canvas to ./output_carb/figures/gpm-WGAN-GP-train-2022_09_23_12_37_07/generated_canvas_1900.png
[INFO] 2022-09-23 14:00:52 > Save model to ./output_carb/checkpoints/gpm-WGAN-GP-train-2022_09_23_12_37_07
[INFO] 2022-09-23 14:05:11 > Step:   2000 Progress: 6.7% Elapsed: 1:27:56 Gen_loss: 1.227e+03 Dis_loss: -71.62 Cls_loss: N/A Topk:  N/A ada_p: N/A 
[INFO] 2022-09-23 14:05:11 > Visualize (num_rows x 8) fake image canvans.
[INFO] 2022-09-23 14:05:13 > Save image canvas to ./output_carb/figures/gpm-WGAN-GP-train-2022_09_23_12_37_07/generated_canvas_2000.png
[INFO] 2022-09-23 14:05:15 > Save model to ./output_carb/checkpoints/gpm-WGAN-GP-train-2022_09_23_12_37_07
[INFO] 2022-09-23 14:09:34 > Step:   2100 Progress: 7.0% Elapsed: 1:32:19 Gen_loss: 803.3 Dis_loss: 1.336 Cls_loss: N/A Topk:  N/A ada_p: N/A 
[INFO] 2022-09-23 14:09:34 > Visualize (num_rows x 8) fake image canvans.
[INFO] 2022-09-23 14:09:36 > Save image canvas to ./output_carb/figures/gpm-WGAN-GP-train-2022_09_23_12_37_07/generated_canvas_2100.png
[INFO] 2022-09-23 14:09:38 > Save model to ./output_carb/checkpoints/gpm-WGAN-GP-train-2022_09_23_12_37_07
[INFO] 2022-09-23 14:13:57 > Step:   2200 Progress: 7.3% Elapsed: 1:36:42 Gen_loss: 1.034e+03 Dis_loss: 38.7 Cls_loss: N/A Topk:  N/A ada_p: N/A 
[INFO] 2022-09-23 14:13:57 > Visualize (num_rows x 8) fake image canvans.
[INFO] 2022-09-23 14:13:58 > Save image canvas to ./output_carb/figures/gpm-WGAN-GP-train-2022_09_23_12_37_07/generated_canvas_2200.png
[INFO] 2022-09-23 14:14:01 > Save model to ./output_carb/checkpoints/gpm-WGAN-GP-train-2022_09_23_12_37_07
[INFO] 2022-09-23 14:18:19 > Step:   2300 Progress: 7.7% Elapsed: 1:41:05 Gen_loss: 568.9 Dis_loss: -27.28 Cls_loss: N/A Topk:  N/A ada_p: N/A 
[INFO] 2022-09-23 14:18:19 > Visualize (num_rows x 8) fake image canvans.
[INFO] 2022-09-23 14:18:21 > Save image canvas to ./output_carb/figures/gpm-WGAN-GP-train-2022_09_23_12_37_07/generated_canvas_2300.png
[INFO] 2022-09-23 14:18:23 > Save model to ./output_carb/checkpoints/gpm-WGAN-GP-train-2022_09_23_12_37_07
[INFO] 2022-09-23 14:22:42 > Step:   2400 Progress: 8.0% Elapsed: 1:45:27 Gen_loss: 980.2 Dis_loss: -9.451 Cls_loss: N/A Topk:  N/A ada_p: N/A 
[INFO] 2022-09-23 14:22:42 > Visualize (num_rows x 8) fake image canvans.
[INFO] 2022-09-23 14:22:44 > Save image canvas to ./output_carb/figures/gpm-WGAN-GP-train-2022_09_23_12_37_07/generated_canvas_2400.png
[INFO] 2022-09-23 14:22:46 > Save model to ./output_carb/checkpoints/gpm-WGAN-GP-train-2022_09_23_12_37_07
[INFO] 2022-09-23 14:27:05 > Step:   2500 Progress: 8.3% Elapsed: 1:49:50 Gen_loss: 306.0 Dis_loss: 0.1936 Cls_loss: N/A Topk:  N/A ada_p: N/A 
[INFO] 2022-09-23 14:27:05 > Visualize (num_rows x 8) fake image canvans.
[INFO] 2022-09-23 14:27:07 > Save image canvas to ./output_carb/figures/gpm-WGAN-GP-train-2022_09_23_12_37_07/generated_canvas_2500.png
[INFO] 2022-09-23 14:27:09 > Save model to ./output_carb/checkpoints/gpm-WGAN-GP-train-2022_09_23_12_37_07
[INFO] 2022-09-23 14:31:28 > Step:   2600 Progress: 8.7% Elapsed: 1:54:13 Gen_loss: 886.0 Dis_loss: 30.45 Cls_loss: N/A Topk:  N/A ada_p: N/A 
[INFO] 2022-09-23 14:31:28 > Visualize (num_rows x 8) fake image canvans.
[INFO] 2022-09-23 14:31:30 > Save image canvas to ./output_carb/figures/gpm-WGAN-GP-train-2022_09_23_12_37_07/generated_canvas_2600.png
[INFO] 2022-09-23 14:31:32 > Save model to ./output_carb/checkpoints/gpm-WGAN-GP-train-2022_09_23_12_37_07
[INFO] 2022-09-23 14:35:51 > Step:   2700 Progress: 9.0% Elapsed: 1:58:36 Gen_loss: 557.2 Dis_loss: 52.25 Cls_loss: N/A Topk:  N/A ada_p: N/A 
[INFO] 2022-09-23 14:35:51 > Visualize (num_rows x 8) fake image canvans.
[INFO] 2022-09-23 14:35:53 > Save image canvas to ./output_carb/figures/gpm-WGAN-GP-train-2022_09_23_12_37_07/generated_canvas_2700.png
[INFO] 2022-09-23 14:35:56 > Save model to ./output_carb/checkpoints/gpm-WGAN-GP-train-2022_09_23_12_37_07
[INFO] 2022-09-23 14:40:14 > Step:   2800 Progress: 9.3% Elapsed: 2:02:59 Gen_loss: 388.5 Dis_loss: -38.57 Cls_loss: N/A Topk:  N/A ada_p: N/A 
[INFO] 2022-09-23 14:40:14 > Visualize (num_rows x 8) fake image canvans.
[INFO] 2022-09-23 14:40:16 > Save image canvas to ./output_carb/figures/gpm-WGAN-GP-train-2022_09_23_12_37_07/generated_canvas_2800.png
[INFO] 2022-09-23 14:40:18 > Save model to ./output_carb/checkpoints/gpm-WGAN-GP-train-2022_09_23_12_37_07
