[INFO] 2022-09-26 14:39:08 > Run name : gpm-WGAN-GP-train-2022_09_26_14_39_08
[INFO] 2022-09-26 14:39:08 > cfgs.DATA =
[INFO] 2022-09-26 14:39:08 > {
  "name": "gpm",
  "img_size": 64,
  "num_classes": 1,
  "img_channels": 3,
  "num_dims": 2
}
[INFO] 2022-09-26 14:39:08 > cfgs.MODEL =
[INFO] 2022-09-26 14:39:08 > {
  "backbone": "resnet",
  "g_cond_mtd": "W/O",
  "d_cond_mtd": "W/O",
  "aux_cls_type": "W/O",
  "normalize_d_embed": false,
  "d_embed_dim": "N/A",
  "apply_g_sn": false,
  "apply_d_sn": false,
  "g_act_fn": "ReLU",
  "d_act_fn": "ReLU",
  "apply_attn": false,
  "attn_g_loc": [
    "N/A"
  ],
  "attn_d_loc": [
    "N/A"
  ],
  "z_prior": "gaussian",
  "z_dim": 16,
  "w_dim": "N/A",
  "g_shared_dim": "N/A",
  "g_conv_dim": 2,
  "d_conv_dim": 2,
  "g_depth": "N/A",
  "d_depth": "N/A",
  "apply_g_ema": false,
  "g_ema_decay": "N/A",
  "g_ema_start": "N/A",
  "g_init": "ortho",
  "d_init": "ortho"
}
[INFO] 2022-09-26 14:39:08 > cfgs.LOSS =
[INFO] 2022-09-26 14:39:08 > {
  "adv_loss": "wasserstein",
  "cond_lambda": "N/A",
  "tac_gen_lambda": "N/A",
  "tac_dis_lambda": "N/A",
  "mh_lambda": "N/A",
  "apply_fm": false,
  "fm_lambda": "N/A",
  "apply_r1_reg": false,
  "r1_lambda": "N/A",
  "m_p": "N/A",
  "temperature": "N/A",
  "apply_wc": false,
  "wc_bound": "N/A",
  "apply_gp": true,
  "gp_lambda": 10.0,
  "apply_dra": false,
  "dra_labmda": "N/A",
  "apply_maxgp": false,
  "maxgp_lambda": "N/A",
  "apply_cr": false,
  "cr_lambda": "N/A",
  "apply_bcr": false,
  "real_lambda": "N/A",
  "fake_lambda": "N/A",
  "apply_zcr": false,
  "radius": "N/A",
  "g_lambda": "N/A",
  "d_lambda": "N/A",
  "apply_lo": false,
  "lo_alpha": "N/A",
  "lo_beta": "N/A",
  "lo_rate": "N/A",
  "lo_lambda": "N/A",
  "lo_steps4train": "N/A",
  "lo_steps4eval": "N/A",
  "apply_topk": false,
  "topk_gamma": "N/A",
  "topk_nu": "N/A"
}
[INFO] 2022-09-26 14:39:08 > cfgs.OPTIMIZATION =
[INFO] 2022-09-26 14:39:08 > {
  "type_": "Adam",
  "batch_size": 128,
  "acml_steps": 1,
  "g_lr": 0.002,
  "d_lr": 0.002,
  "g_weight_decay": 0.0,
  "d_weight_decay": 0.0,
  "momentum": "N/A",
  "nesterov": "N/A",
  "alpha": "N/A",
  "beta1": 0.5,
  "beta2": 0.999,
  "g_updates_per_step": 1,
  "d_updates_per_step": 2,
  "total_steps": 30000,
  "world_size": 2
}
[INFO] 2022-09-26 14:39:08 > cfgs.PRE =
[INFO] 2022-09-26 14:39:08 > {
  "apply_rflip": true,
  "crop_long_edge": true,
  "resize_size": 64
}
[INFO] 2022-09-26 14:39:08 > cfgs.AUG =
[INFO] 2022-09-26 14:39:08 > {
  "apply_diffaug": false,
  "apply_ada": false,
  "cr_aug_type": "W/O",
  "bcr_aug_type": "W/O",
  "diffaug_type": "W/O",
  "ada_aug_type": "W/O",
  "ada_initial_augment_p": "N/A",
  "ada_target": "N/A",
  "ada_kimg": "N/A",
  "ada_interval": "N/A"
}
[INFO] 2022-09-26 14:39:08 > cfgs.RUN =
[INFO] 2022-09-26 14:39:08 > {
  "entity": null,
  "project": "gpm_carb",
  "cfg_file": "src/configs/GPM_carb/WGAN-GP.yaml",
  "data_dir": "data/gpm_carb_256/",
  "save_dir": "./output_carb/",
  "ckpt_dir": null,
  "load_best": false,
  "seed": 3721,
  "distributed_data_parallel": false,
  "backend": "nccl",
  "total_nodes": 1,
  "current_node": 0,
  "num_workers": 8,
  "synchronized_bn": false,
  "mixed_precision": false,
  "truncation_factor": -1.0,
  "truncation_cutoff": null,
  "batch_statistics": false,
  "standing_statistics": false,
  "standing_max_batch": -1,
  "standing_step": -1,
  "freezeD": -1,
  "langevin_sampling": false,
  "langevin_rate": -1,
  "langevin_noise_std": -1,
  "langevin_decay": -1,
  "langevin_decay_steps": -1,
  "langevin_steps": -1,
  "train": true,
  "load_train_hdf5": false,
  "load_data_in_memory": false,
  "eval": false,
  "save_fake_images": true,
  "vis_fake_images": false,
  "k_nearest_neighbor": false,
  "interpolation": false,
  "frequency_analysis": false,
  "tsne_analysis": false,
  "intra_class_fid": false,
  "GAN_train": false,
  "GAN_test": false,
  "resume_classifier_train": false,
  "semantic_factorization": false,
  "num_semantic_axis": -1,
  "maximum_variations": -1,
  "print_every": 100,
  "save_every": 100,
  "eval_backbone": "Inception_V3",
  "ref_dataset": "train"
}
[INFO] 2022-09-26 14:39:08 > cfgs.STYLEGAN2 =
[INFO] 2022-09-26 14:39:08 > {
  "cond_type": [
    "PD",
    "SPD",
    "2C",
    "D2DCE"
  ],
  "g_reg_interval": "N/A",
  "d_reg_interval": "N/A",
  "mapping_network": "N/A",
  "style_mixing_p": "N/A",
  "g_ema_kimg": "N/A",
  "g_ema_rampup": "N/A",
  "apply_pl_reg": false,
  "pl_weight": "N/A",
  "d_architecture": "N/A",
  "d_epilogue_mbstd_group_size": "N/A"
}
[INFO] 2022-09-26 14:39:08 > Load gpm train dataset.
[INFO] 2022-09-26 14:39:08 > Train dataset size: 1750
[INFO] 2022-09-26 14:39:08 > Build a Generative Adversarial Network.
[INFO] 2022-09-26 14:39:08 > Modules are located on './src/models.resnet'.
[INFO] 2022-09-26 14:39:11 > Number of parameters: 18895
[INFO] 2022-09-26 14:39:11 > Generator(
  (linear0): Linear(in_features=16, out_features=512, bias=True)
  (blocks): ModuleList(
    (0): ModuleList(
      (0): GenBlock(
        (bn1): BatchNorm2d(32, eps=0.0001, momentum=0.1, affine=True, track_running_stats=True)
        (bn2): BatchNorm2d(16, eps=0.0001, momentum=0.1, affine=True, track_running_stats=True)
        (activation): ReLU(inplace=True)
        (conv2d0): Conv2d(32, 16, kernel_size=(1, 1), stride=(1, 1))
        (conv2d1): Conv2d(32, 16, kernel_size=(3, 3), stride=(1, 1), padding=(1, 1))
        (conv2d2): Conv2d(16, 16, kernel_size=(3, 3), stride=(1, 1), padding=(1, 1))
      )
    )
    (1): ModuleList(
      (0): GenBlock(
        (bn1): BatchNorm2d(16, eps=0.0001, momentum=0.1, affine=True, track_running_stats=True)
        (bn2): BatchNorm2d(8, eps=0.0001, momentum=0.1, affine=True, track_running_stats=True)
        (activation): ReLU(inplace=True)
        (conv2d0): Conv2d(16, 8, kernel_size=(1, 1), stride=(1, 1))
        (conv2d1): Conv2d(16, 8, kernel_size=(3, 3), stride=(1, 1), padding=(1, 1))
        (conv2d2): Conv2d(8, 8, kernel_size=(3, 3), stride=(1, 1), padding=(1, 1))
      )
    )
    (2): ModuleList(
      (0): GenBlock(
        (bn1): BatchNorm2d(8, eps=0.0001, momentum=0.1, affine=True, track_running_stats=True)
        (bn2): BatchNorm2d(4, eps=0.0001, momentum=0.1, affine=True, track_running_stats=True)
        (activation): ReLU(inplace=True)
        (conv2d0): Conv2d(8, 4, kernel_size=(1, 1), stride=(1, 1))
        (conv2d1): Conv2d(8, 4, kernel_size=(3, 3), stride=(1, 1), padding=(1, 1))
        (conv2d2): Conv2d(4, 4, kernel_size=(3, 3), stride=(1, 1), padding=(1, 1))
      )
    )
    (3): ModuleList(
      (0): GenBlock(
        (bn1): BatchNorm2d(4, eps=0.0001, momentum=0.1, affine=True, track_running_stats=True)
        (bn2): BatchNorm2d(2, eps=0.0001, momentum=0.1, affine=True, track_running_stats=True)
        (activation): ReLU(inplace=True)
        (conv2d0): Conv2d(4, 2, kernel_size=(1, 1), stride=(1, 1))
        (conv2d1): Conv2d(4, 2, kernel_size=(3, 3), stride=(1, 1), padding=(1, 1))
        (conv2d2): Conv2d(2, 2, kernel_size=(3, 3), stride=(1, 1), padding=(1, 1))
      )
    )
  )
  (bn4): BatchNorm2d(2, eps=0.0001, momentum=0.1, affine=True, track_running_stats=True)
  (activation): ReLU(inplace=True)
  (conv2d5): Conv2d(2, 3, kernel_size=(3, 3), stride=(1, 1), padding=(1, 1))
  (tanh): Tanh()
)
[INFO] 2022-09-26 14:39:11 > Number of parameters: 19605
[INFO] 2022-09-26 14:39:11 > Discriminator(
  (blocks): ModuleList(
    (0): ModuleList(
      (0): DiscOptBlock(
        (conv2d0): Conv2d(3, 2, kernel_size=(1, 1), stride=(1, 1))
        (conv2d1): Conv2d(3, 2, kernel_size=(3, 3), stride=(1, 1), padding=(1, 1))
        (conv2d2): Conv2d(2, 2, kernel_size=(3, 3), stride=(1, 1), padding=(1, 1))
        (bn0): BatchNorm2d(3, eps=0.0001, momentum=0.1, affine=True, track_running_stats=True)
        (bn1): BatchNorm2d(2, eps=0.0001, momentum=0.1, affine=True, track_running_stats=True)
        (activation): ReLU(inplace=True)
        (average_pooling): AvgPool2d(kernel_size=2, stride=2, padding=0)
      )
    )
    (1): ModuleList(
      (0): DiscBlock(
        (activation): ReLU(inplace=True)
        (conv2d0): Conv2d(2, 4, kernel_size=(1, 1), stride=(1, 1))
        (bn0): BatchNorm2d(2, eps=0.0001, momentum=0.1, affine=True, track_running_stats=True)
        (conv2d1): Conv2d(2, 4, kernel_size=(3, 3), stride=(1, 1), padding=(1, 1))
        (conv2d2): Conv2d(4, 4, kernel_size=(3, 3), stride=(1, 1), padding=(1, 1))
        (bn1): BatchNorm2d(2, eps=0.0001, momentum=0.1, affine=True, track_running_stats=True)
        (bn2): BatchNorm2d(4, eps=0.0001, momentum=0.1, affine=True, track_running_stats=True)
        (average_pooling): AvgPool2d(kernel_size=2, stride=2, padding=0)
      )
    )
    (2): ModuleList(
      (0): DiscBlock(
        (activation): ReLU(inplace=True)
        (conv2d0): Conv2d(4, 8, kernel_size=(1, 1), stride=(1, 1))
        (bn0): BatchNorm2d(4, eps=0.0001, momentum=0.1, affine=True, track_running_stats=True)
        (conv2d1): Conv2d(4, 8, kernel_size=(3, 3), stride=(1, 1), padding=(1, 1))
        (conv2d2): Conv2d(8, 8, kernel_size=(3, 3), stride=(1, 1), padding=(1, 1))
        (bn1): BatchNorm2d(4, eps=0.0001, momentum=0.1, affine=True, track_running_stats=True)
        (bn2): BatchNorm2d(8, eps=0.0001, momentum=0.1, affine=True, track_running_stats=True)
        (average_pooling): AvgPool2d(kernel_size=2, stride=2, padding=0)
      )
    )
    (3): ModuleList(
      (0): DiscBlock(
        (activation): ReLU(inplace=True)
        (conv2d0): Conv2d(8, 16, kernel_size=(1, 1), stride=(1, 1))
        (bn0): BatchNorm2d(8, eps=0.0001, momentum=0.1, affine=True, track_running_stats=True)
        (conv2d1): Conv2d(8, 16, kernel_size=(3, 3), stride=(1, 1), padding=(1, 1))
        (conv2d2): Conv2d(16, 16, kernel_size=(3, 3), stride=(1, 1), padding=(1, 1))
        (bn1): BatchNorm2d(8, eps=0.0001, momentum=0.1, affine=True, track_running_stats=True)
        (bn2): BatchNorm2d(16, eps=0.0001, momentum=0.1, affine=True, track_running_stats=True)
        (average_pooling): AvgPool2d(kernel_size=2, stride=2, padding=0)
      )
    )
    (4): ModuleList(
      (0): DiscBlock(
        (activation): ReLU(inplace=True)
        (conv2d0): Conv2d(16, 32, kernel_size=(1, 1), stride=(1, 1))
        (bn0): BatchNorm2d(16, eps=0.0001, momentum=0.1, affine=True, track_running_stats=True)
        (conv2d1): Conv2d(16, 32, kernel_size=(3, 3), stride=(1, 1), padding=(1, 1))
        (conv2d2): Conv2d(32, 32, kernel_size=(3, 3), stride=(1, 1), padding=(1, 1))
        (bn1): BatchNorm2d(16, eps=0.0001, momentum=0.1, affine=True, track_running_stats=True)
        (bn2): BatchNorm2d(32, eps=0.0001, momentum=0.1, affine=True, track_running_stats=True)
        (average_pooling): AvgPool2d(kernel_size=2, stride=2, padding=0)
      )
    )
  )
  (activation): ReLU(inplace=True)
  (linear1): Linear(in_features=32, out_features=1, bias=True)
)
[INFO] 2022-09-26 14:39:15 > Start training!
[INFO] 2022-09-26 14:40:14 > Step:    100 Progress: 0.3% Elapsed: 0:00:59 Gen_loss: 19.75 Dis_loss: -0.7353 Cls_loss: N/A Topk:  N/A ada_p: N/A 
[INFO] 2022-09-26 14:40:14 > Visualize (num_rows x 8) fake image canvans.
[INFO] 2022-09-26 14:40:15 > Save image canvas to ./output_carb/figures/gpm-WGAN-GP-train-2022_09_26_14_39_08/generated_canvas_100.png
[INFO] 2022-09-26 14:40:15 > Save model to ./output_carb/checkpoints/gpm-WGAN-GP-train-2022_09_26_14_39_08
[INFO] 2022-09-26 14:41:12 > Step:    200 Progress: 0.7% Elapsed: 0:01:57 Gen_loss: 15.63 Dis_loss: -19.81 Cls_loss: N/A Topk:  N/A ada_p: N/A 
[INFO] 2022-09-26 14:41:12 > Visualize (num_rows x 8) fake image canvans.
[INFO] 2022-09-26 14:41:13 > Save image canvas to ./output_carb/figures/gpm-WGAN-GP-train-2022_09_26_14_39_08/generated_canvas_200.png
[INFO] 2022-09-26 14:41:13 > Save model to ./output_carb/checkpoints/gpm-WGAN-GP-train-2022_09_26_14_39_08
[INFO] 2022-09-26 14:42:08 > Step:    300 Progress: 1.0% Elapsed: 0:02:53 Gen_loss: 46.65 Dis_loss: -1.103 Cls_loss: N/A Topk:  N/A ada_p: N/A 
[INFO] 2022-09-26 14:42:08 > Visualize (num_rows x 8) fake image canvans.
[INFO] 2022-09-26 14:42:09 > Save image canvas to ./output_carb/figures/gpm-WGAN-GP-train-2022_09_26_14_39_08/generated_canvas_300.png
[INFO] 2022-09-26 14:42:09 > Save model to ./output_carb/checkpoints/gpm-WGAN-GP-train-2022_09_26_14_39_08
[INFO] 2022-09-26 14:43:04 > Step:    400 Progress: 1.3% Elapsed: 0:03:49 Gen_loss: -32.63 Dis_loss: -69.98 Cls_loss: N/A Topk:  N/A ada_p: N/A 
[INFO] 2022-09-26 14:43:04 > Visualize (num_rows x 8) fake image canvans.
[INFO] 2022-09-26 14:43:04 > Save image canvas to ./output_carb/figures/gpm-WGAN-GP-train-2022_09_26_14_39_08/generated_canvas_400.png
[INFO] 2022-09-26 14:43:04 > Save model to ./output_carb/checkpoints/gpm-WGAN-GP-train-2022_09_26_14_39_08
[INFO] 2022-09-26 14:43:59 > Step:    500 Progress: 1.7% Elapsed: 0:04:44 Gen_loss: -1.281 Dis_loss: 4.99 Cls_loss: N/A Topk:  N/A ada_p: N/A 
[INFO] 2022-09-26 14:43:59 > Visualize (num_rows x 8) fake image canvans.
[INFO] 2022-09-26 14:43:59 > Save image canvas to ./output_carb/figures/gpm-WGAN-GP-train-2022_09_26_14_39_08/generated_canvas_500.png
[INFO] 2022-09-26 14:43:59 > Save model to ./output_carb/checkpoints/gpm-WGAN-GP-train-2022_09_26_14_39_08
[INFO] 2022-09-26 14:44:53 > Step:    600 Progress: 2.0% Elapsed: 0:05:38 Gen_loss: 4.028 Dis_loss: 1.536 Cls_loss: N/A Topk:  N/A ada_p: N/A 
[INFO] 2022-09-26 14:44:53 > Visualize (num_rows x 8) fake image canvans.
[INFO] 2022-09-26 14:44:53 > Save image canvas to ./output_carb/figures/gpm-WGAN-GP-train-2022_09_26_14_39_08/generated_canvas_600.png
[INFO] 2022-09-26 14:44:53 > Save model to ./output_carb/checkpoints/gpm-WGAN-GP-train-2022_09_26_14_39_08
[INFO] 2022-09-26 14:45:48 > Step:    700 Progress: 2.3% Elapsed: 0:06:33 Gen_loss: 16.45 Dis_loss: -0.008825 Cls_loss: N/A Topk:  N/A ada_p: N/A 
[INFO] 2022-09-26 14:45:48 > Visualize (num_rows x 8) fake image canvans.
[INFO] 2022-09-26 14:45:49 > Save image canvas to ./output_carb/figures/gpm-WGAN-GP-train-2022_09_26_14_39_08/generated_canvas_700.png
[INFO] 2022-09-26 14:45:49 > Save model to ./output_carb/checkpoints/gpm-WGAN-GP-train-2022_09_26_14_39_08
[INFO] 2022-09-26 14:46:44 > Step:    800 Progress: 2.7% Elapsed: 0:07:29 Gen_loss: 28.77 Dis_loss: -2.608 Cls_loss: N/A Topk:  N/A ada_p: N/A 
[INFO] 2022-09-26 14:46:44 > Visualize (num_rows x 8) fake image canvans.
[INFO] 2022-09-26 14:46:44 > Save image canvas to ./output_carb/figures/gpm-WGAN-GP-train-2022_09_26_14_39_08/generated_canvas_800.png
[INFO] 2022-09-26 14:46:44 > Save model to ./output_carb/checkpoints/gpm-WGAN-GP-train-2022_09_26_14_39_08
[INFO] 2022-09-26 14:47:39 > Step:    900 Progress: 3.0% Elapsed: 0:08:24 Gen_loss: 34.06 Dis_loss: -7.872 Cls_loss: N/A Topk:  N/A ada_p: N/A 
[INFO] 2022-09-26 14:47:39 > Visualize (num_rows x 8) fake image canvans.
[INFO] 2022-09-26 14:47:40 > Save image canvas to ./output_carb/figures/gpm-WGAN-GP-train-2022_09_26_14_39_08/generated_canvas_900.png
[INFO] 2022-09-26 14:47:40 > Save model to ./output_carb/checkpoints/gpm-WGAN-GP-train-2022_09_26_14_39_08
[INFO] 2022-09-26 14:48:35 > Step:   1000 Progress: 3.3% Elapsed: 0:09:20 Gen_loss: 55.08 Dis_loss: -5.652 Cls_loss: N/A Topk:  N/A ada_p: N/A 
[INFO] 2022-09-26 14:48:35 > Visualize (num_rows x 8) fake image canvans.
[INFO] 2022-09-26 14:48:35 > Save image canvas to ./output_carb/figures/gpm-WGAN-GP-train-2022_09_26_14_39_08/generated_canvas_1000.png
[INFO] 2022-09-26 14:48:36 > Save model to ./output_carb/checkpoints/gpm-WGAN-GP-train-2022_09_26_14_39_08
[INFO] 2022-09-26 14:49:31 > Step:   1100 Progress: 3.7% Elapsed: 0:10:16 Gen_loss: 33.11 Dis_loss: -1.347 Cls_loss: N/A Topk:  N/A ada_p: N/A 
[INFO] 2022-09-26 14:49:31 > Visualize (num_rows x 8) fake image canvans.
[INFO] 2022-09-26 14:49:31 > Save image canvas to ./output_carb/figures/gpm-WGAN-GP-train-2022_09_26_14_39_08/generated_canvas_1100.png
[INFO] 2022-09-26 14:49:32 > Save model to ./output_carb/checkpoints/gpm-WGAN-GP-train-2022_09_26_14_39_08
[INFO] 2022-09-26 14:50:27 > Step:   1200 Progress: 4.0% Elapsed: 0:11:11 Gen_loss: 42.32 Dis_loss: -8.343 Cls_loss: N/A Topk:  N/A ada_p: N/A 
[INFO] 2022-09-26 14:50:27 > Visualize (num_rows x 8) fake image canvans.
[INFO] 2022-09-26 14:50:27 > Save image canvas to ./output_carb/figures/gpm-WGAN-GP-train-2022_09_26_14_39_08/generated_canvas_1200.png
[INFO] 2022-09-26 14:50:27 > Save model to ./output_carb/checkpoints/gpm-WGAN-GP-train-2022_09_26_14_39_08
[INFO] 2022-09-26 14:51:22 > Step:   1300 Progress: 4.3% Elapsed: 0:12:07 Gen_loss: 3.727 Dis_loss: -4.309 Cls_loss: N/A Topk:  N/A ada_p: N/A 
[INFO] 2022-09-26 14:51:22 > Visualize (num_rows x 8) fake image canvans.
[INFO] 2022-09-26 14:51:22 > Save image canvas to ./output_carb/figures/gpm-WGAN-GP-train-2022_09_26_14_39_08/generated_canvas_1300.png
[INFO] 2022-09-26 14:51:23 > Save model to ./output_carb/checkpoints/gpm-WGAN-GP-train-2022_09_26_14_39_08
[INFO] 2022-09-26 14:52:17 > Step:   1400 Progress: 4.7% Elapsed: 0:13:02 Gen_loss: -75.02 Dis_loss: 5.756 Cls_loss: N/A Topk:  N/A ada_p: N/A 
[INFO] 2022-09-26 14:52:17 > Visualize (num_rows x 8) fake image canvans.
[INFO] 2022-09-26 14:52:18 > Save image canvas to ./output_carb/figures/gpm-WGAN-GP-train-2022_09_26_14_39_08/generated_canvas_1400.png
[INFO] 2022-09-26 14:52:18 > Save model to ./output_carb/checkpoints/gpm-WGAN-GP-train-2022_09_26_14_39_08
[INFO] 2022-09-26 14:53:12 > Step:   1500 Progress: 5.0% Elapsed: 0:13:57 Gen_loss: 83.26 Dis_loss: -3.808 Cls_loss: N/A Topk:  N/A ada_p: N/A 
[INFO] 2022-09-26 14:53:12 > Visualize (num_rows x 8) fake image canvans.
[INFO] 2022-09-26 14:53:12 > Save image canvas to ./output_carb/figures/gpm-WGAN-GP-train-2022_09_26_14_39_08/generated_canvas_1500.png
[INFO] 2022-09-26 14:53:12 > Save model to ./output_carb/checkpoints/gpm-WGAN-GP-train-2022_09_26_14_39_08
[INFO] 2022-09-26 14:54:07 > Step:   1600 Progress: 5.3% Elapsed: 0:14:52 Gen_loss: 128.8 Dis_loss: -1.389 Cls_loss: N/A Topk:  N/A ada_p: N/A 
[INFO] 2022-09-26 14:54:07 > Visualize (num_rows x 8) fake image canvans.
[INFO] 2022-09-26 14:54:07 > Save image canvas to ./output_carb/figures/gpm-WGAN-GP-train-2022_09_26_14_39_08/generated_canvas_1600.png
[INFO] 2022-09-26 14:54:07 > Save model to ./output_carb/checkpoints/gpm-WGAN-GP-train-2022_09_26_14_39_08
[INFO] 2022-09-26 14:54:50 > Step:   1700 Progress: 5.7% Elapsed: 0:15:35 Gen_loss: 100.4 Dis_loss: -5.039 Cls_loss: N/A Topk:  N/A ada_p: N/A 
[INFO] 2022-09-26 14:54:50 > Visualize (num_rows x 8) fake image canvans.
[INFO] 2022-09-26 14:54:51 > Save image canvas to ./output_carb/figures/gpm-WGAN-GP-train-2022_09_26_14_39_08/generated_canvas_1700.png
[INFO] 2022-09-26 14:54:51 > Save model to ./output_carb/checkpoints/gpm-WGAN-GP-train-2022_09_26_14_39_08
[INFO] 2022-09-26 14:55:26 > Step:   1800 Progress: 6.0% Elapsed: 0:16:11 Gen_loss: 160.0 Dis_loss: -7.966 Cls_loss: N/A Topk:  N/A ada_p: N/A 
[INFO] 2022-09-26 14:55:26 > Visualize (num_rows x 8) fake image canvans.
[INFO] 2022-09-26 14:55:26 > Save image canvas to ./output_carb/figures/gpm-WGAN-GP-train-2022_09_26_14_39_08/generated_canvas_1800.png
[INFO] 2022-09-26 14:55:26 > Save model to ./output_carb/checkpoints/gpm-WGAN-GP-train-2022_09_26_14_39_08
[INFO] 2022-09-26 14:56:01 > Step:   1900 Progress: 6.3% Elapsed: 0:16:46 Gen_loss: 73.39 Dis_loss: -0.7463 Cls_loss: N/A Topk:  N/A ada_p: N/A 
[INFO] 2022-09-26 14:56:01 > Visualize (num_rows x 8) fake image canvans.
[INFO] 2022-09-26 14:56:01 > Save image canvas to ./output_carb/figures/gpm-WGAN-GP-train-2022_09_26_14_39_08/generated_canvas_1900.png
[INFO] 2022-09-26 14:56:02 > Save model to ./output_carb/checkpoints/gpm-WGAN-GP-train-2022_09_26_14_39_08
[INFO] 2022-09-26 14:56:36 > Step:   2000 Progress: 6.7% Elapsed: 0:17:21 Gen_loss: 130.5 Dis_loss: -18.08 Cls_loss: N/A Topk:  N/A ada_p: N/A 
[INFO] 2022-09-26 14:56:36 > Visualize (num_rows x 8) fake image canvans.
[INFO] 2022-09-26 14:56:37 > Save image canvas to ./output_carb/figures/gpm-WGAN-GP-train-2022_09_26_14_39_08/generated_canvas_2000.png
[INFO] 2022-09-26 14:56:37 > Save model to ./output_carb/checkpoints/gpm-WGAN-GP-train-2022_09_26_14_39_08
[INFO] 2022-09-26 14:57:11 > Step:   2100 Progress: 7.0% Elapsed: 0:17:56 Gen_loss: 157.1 Dis_loss: -8.974 Cls_loss: N/A Topk:  N/A ada_p: N/A 
[INFO] 2022-09-26 14:57:11 > Visualize (num_rows x 8) fake image canvans.
[INFO] 2022-09-26 14:57:11 > Save image canvas to ./output_carb/figures/gpm-WGAN-GP-train-2022_09_26_14_39_08/generated_canvas_2100.png
[INFO] 2022-09-26 14:57:12 > Save model to ./output_carb/checkpoints/gpm-WGAN-GP-train-2022_09_26_14_39_08
[INFO] 2022-09-26 14:57:50 > Step:   2200 Progress: 7.3% Elapsed: 0:18:35 Gen_loss: 183.2 Dis_loss: -1.373 Cls_loss: N/A Topk:  N/A ada_p: N/A 
[INFO] 2022-09-26 14:57:50 > Visualize (num_rows x 8) fake image canvans.
[INFO] 2022-09-26 14:57:50 > Save image canvas to ./output_carb/figures/gpm-WGAN-GP-train-2022_09_26_14_39_08/generated_canvas_2200.png
[INFO] 2022-09-26 14:57:51 > Save model to ./output_carb/checkpoints/gpm-WGAN-GP-train-2022_09_26_14_39_08
[INFO] 2022-09-26 14:58:39 > Step:   2300 Progress: 7.7% Elapsed: 0:19:24 Gen_loss: 57.98 Dis_loss: 0.6198 Cls_loss: N/A Topk:  N/A ada_p: N/A 
[INFO] 2022-09-26 14:58:39 > Visualize (num_rows x 8) fake image canvans.
[INFO] 2022-09-26 14:58:39 > Save image canvas to ./output_carb/figures/gpm-WGAN-GP-train-2022_09_26_14_39_08/generated_canvas_2300.png
[INFO] 2022-09-26 14:58:40 > Save model to ./output_carb/checkpoints/gpm-WGAN-GP-train-2022_09_26_14_39_08
[INFO] 2022-09-26 14:59:28 > Step:   2400 Progress: 8.0% Elapsed: 0:20:12 Gen_loss: 37.93 Dis_loss: -11.54 Cls_loss: N/A Topk:  N/A ada_p: N/A 
[INFO] 2022-09-26 14:59:28 > Visualize (num_rows x 8) fake image canvans.
[INFO] 2022-09-26 14:59:28 > Save image canvas to ./output_carb/figures/gpm-WGAN-GP-train-2022_09_26_14_39_08/generated_canvas_2400.png
[INFO] 2022-09-26 14:59:28 > Save model to ./output_carb/checkpoints/gpm-WGAN-GP-train-2022_09_26_14_39_08
