[INFO] 2022-09-27 10:40:05 > Run name : gpm-WGAN-GP-train-2022_09_27_10_40_03
[INFO] 2022-09-27 10:40:05 > cfgs.DATA =
[INFO] 2022-09-27 10:40:05 > {
  "name": "gpm",
  "img_size": 64,
  "num_classes": 1,
  "img_channels": 3,
  "num_dims": 2
}
[INFO] 2022-09-27 10:40:05 > cfgs.MODEL =
[INFO] 2022-09-27 10:40:05 > {
  "backbone": "big_resnet",
  "g_cond_mtd": "W/O",
  "d_cond_mtd": "W/O",
  "aux_cls_type": "W/O",
  "normalize_d_embed": false,
  "d_embed_dim": "N/A",
  "apply_g_sn": false,
  "apply_d_sn": false,
  "g_act_fn": "ReLU",
  "d_act_fn": "ReLU",
  "apply_attn": false,
  "attn_g_loc": [
    "N/A"
  ],
  "attn_d_loc": [
    "N/A"
  ],
  "z_prior": "gaussian",
  "z_dim": 15,
  "w_dim": "N/A",
  "g_shared_dim": 2,
  "g_conv_dim": 4,
  "d_conv_dim": 4,
  "g_depth": "N/A",
  "d_depth": "N/A",
  "apply_g_ema": false,
  "g_ema_decay": "N/A",
  "g_ema_start": "N/A",
  "g_init": "ortho",
  "d_init": "ortho"
}
[INFO] 2022-09-27 10:40:05 > cfgs.LOSS =
[INFO] 2022-09-27 10:40:05 > {
  "adv_loss": "wasserstein",
  "cond_lambda": "N/A",
  "tac_gen_lambda": "N/A",
  "tac_dis_lambda": "N/A",
  "mh_lambda": "N/A",
  "apply_fm": false,
  "fm_lambda": "N/A",
  "apply_r1_reg": false,
  "r1_lambda": "N/A",
  "m_p": "N/A",
  "temperature": "N/A",
  "apply_wc": false,
  "wc_bound": "N/A",
  "apply_gp": true,
  "gp_lambda": 10.0,
  "apply_dra": false,
  "dra_labmda": "N/A",
  "apply_maxgp": false,
  "maxgp_lambda": "N/A",
  "apply_cr": false,
  "cr_lambda": "N/A",
  "apply_bcr": false,
  "real_lambda": "N/A",
  "fake_lambda": "N/A",
  "apply_zcr": false,
  "radius": "N/A",
  "g_lambda": "N/A",
  "d_lambda": "N/A",
  "apply_lo": false,
  "lo_alpha": "N/A",
  "lo_beta": "N/A",
  "lo_rate": "N/A",
  "lo_lambda": "N/A",
  "lo_steps4train": "N/A",
  "lo_steps4eval": "N/A",
  "apply_topk": false,
  "topk_gamma": "N/A",
  "topk_nu": "N/A"
}
[INFO] 2022-09-27 10:40:05 > cfgs.OPTIMIZATION =
[INFO] 2022-09-27 10:40:05 > {
  "type_": "Adam",
  "batch_size": 64,
  "acml_steps": 1,
  "g_lr": 0.0008,
  "d_lr": 0.0008,
  "g_weight_decay": 0.0,
  "d_weight_decay": 0.0,
  "momentum": "N/A",
  "nesterov": "N/A",
  "alpha": "N/A",
  "beta1": 0.1,
  "beta2": 0.999,
  "g_updates_per_step": 1,
  "d_updates_per_step": 1,
  "total_steps": 30000,
  "world_size": 2
}
[INFO] 2022-09-27 10:40:05 > cfgs.PRE =
[INFO] 2022-09-27 10:40:05 > {
  "apply_rflip": true,
  "crop_long_edge": false,
  "resize_size": null
}
[INFO] 2022-09-27 10:40:05 > cfgs.AUG =
[INFO] 2022-09-27 10:40:05 > {
  "apply_diffaug": false,
  "apply_ada": false,
  "cr_aug_type": "W/O",
  "bcr_aug_type": "W/O",
  "diffaug_type": "W/O",
  "ada_aug_type": "W/O",
  "ada_initial_augment_p": "N/A",
  "ada_target": "N/A",
  "ada_kimg": "N/A",
  "ada_interval": "N/A"
}
[INFO] 2022-09-27 10:40:05 > cfgs.RUN =
[INFO] 2022-09-27 10:40:05 > {
  "entity": null,
  "project": "gpm_carb",
  "cfg_file": "src/configs/GPM_carb/WGAN-GP.yaml",
  "data_dir": "data/gpm_carb_64/",
  "save_dir": "./output_carb/",
  "ckpt_dir": null,
  "load_best": false,
  "seed": 2128,
  "distributed_data_parallel": false,
  "backend": "nccl",
  "total_nodes": 1,
  "current_node": 0,
  "num_workers": 8,
  "synchronized_bn": false,
  "mixed_precision": false,
  "truncation_factor": -1.0,
  "truncation_cutoff": null,
  "batch_statistics": false,
  "standing_statistics": false,
  "standing_max_batch": -1,
  "standing_step": -1,
  "freezeD": -1,
  "langevin_sampling": false,
  "langevin_rate": -1,
  "langevin_noise_std": -1,
  "langevin_decay": -1,
  "langevin_decay_steps": -1,
  "langevin_steps": -1,
  "train": true,
  "load_train_hdf5": true,
  "load_data_in_memory": true,
  "eval": false,
  "save_fake_images": true,
  "vis_fake_images": false,
  "k_nearest_neighbor": false,
  "interpolation": false,
  "frequency_analysis": false,
  "tsne_analysis": false,
  "intra_class_fid": false,
  "GAN_train": false,
  "GAN_test": false,
  "resume_classifier_train": false,
  "semantic_factorization": false,
  "num_semantic_axis": -1,
  "maximum_variations": -1,
  "print_every": 100,
  "save_every": 500,
  "eval_backbone": "Inception_V3",
  "ref_dataset": "train"
}
[INFO] 2022-09-27 10:40:05 > cfgs.STYLEGAN2 =
[INFO] 2022-09-27 10:40:05 > {
  "cond_type": [
    "PD",
    "SPD",
    "2C",
    "D2DCE"
  ],
  "g_reg_interval": "N/A",
  "d_reg_interval": "N/A",
  "mapping_network": "N/A",
  "style_mixing_p": "N/A",
  "g_ema_kimg": "N/A",
  "g_ema_rampup": "N/A",
  "apply_pl_reg": false,
  "pl_weight": "N/A",
  "d_architecture": "N/A",
  "d_epilogue_mbstd_group_size": "N/A"
}
[INFO] 2022-09-27 10:40:05 > Load gpm train dataset.
[INFO] 2022-09-27 10:40:05 > Train dataset size: 1750
[INFO] 2022-09-27 10:40:05 > Build a Generative Adversarial Network.
[INFO] 2022-09-27 10:40:05 > Modules are located on './src/models.big_resnet'.
[INFO] 2022-09-27 10:40:08 > Number of parameters: 56483
[INFO] 2022-09-27 10:40:08 > Generator(
  (linear0): Linear(in_features=15, out_features=1024, bias=True)
  (blocks): ModuleList(
    (0): ModuleList(
      (0): GenBlock(
        (bn1): BatchNorm2d(64, eps=0.0001, momentum=0.1, affine=True, track_running_stats=True)
        (bn2): BatchNorm2d(32, eps=0.0001, momentum=0.1, affine=True, track_running_stats=True)
        (activation): ReLU(inplace=True)
        (conv2d0): Conv2d(64, 32, kernel_size=(1, 1), stride=(1, 1))
        (conv2d1): Conv2d(64, 32, kernel_size=(3, 3), stride=(1, 1), padding=(1, 1))
        (conv2d2): Conv2d(32, 32, kernel_size=(3, 3), stride=(1, 1), padding=(1, 1))
      )
    )
    (1): ModuleList(
      (0): GenBlock(
        (bn1): BatchNorm2d(32, eps=0.0001, momentum=0.1, affine=True, track_running_stats=True)
        (bn2): BatchNorm2d(16, eps=0.0001, momentum=0.1, affine=True, track_running_stats=True)
        (activation): ReLU(inplace=True)
        (conv2d0): Conv2d(32, 16, kernel_size=(1, 1), stride=(1, 1))
        (conv2d1): Conv2d(32, 16, kernel_size=(3, 3), stride=(1, 1), padding=(1, 1))
        (conv2d2): Conv2d(16, 16, kernel_size=(3, 3), stride=(1, 1), padding=(1, 1))
      )
    )
    (2): ModuleList(
      (0): GenBlock(
        (bn1): BatchNorm2d(16, eps=0.0001, momentum=0.1, affine=True, track_running_stats=True)
        (bn2): BatchNorm2d(8, eps=0.0001, momentum=0.1, affine=True, track_running_stats=True)
        (activation): ReLU(inplace=True)
        (conv2d0): Conv2d(16, 8, kernel_size=(1, 1), stride=(1, 1))
        (conv2d1): Conv2d(16, 8, kernel_size=(3, 3), stride=(1, 1), padding=(1, 1))
        (conv2d2): Conv2d(8, 8, kernel_size=(3, 3), stride=(1, 1), padding=(1, 1))
      )
    )
    (3): ModuleList(
      (0): GenBlock(
        (bn1): BatchNorm2d(8, eps=0.0001, momentum=0.1, affine=True, track_running_stats=True)
        (bn2): BatchNorm2d(4, eps=0.0001, momentum=0.1, affine=True, track_running_stats=True)
        (activation): ReLU(inplace=True)
        (conv2d0): Conv2d(8, 4, kernel_size=(1, 1), stride=(1, 1))
        (conv2d1): Conv2d(8, 4, kernel_size=(3, 3), stride=(1, 1), padding=(1, 1))
        (conv2d2): Conv2d(4, 4, kernel_size=(3, 3), stride=(1, 1), padding=(1, 1))
      )
    )
  )
  (bn4): BatchNorm2d(4, eps=0.0001, momentum=0.1, affine=True, track_running_stats=True)
  (activation): ReLU(inplace=True)
  (conv2d5): Conv2d(4, 3, kernel_size=(3, 3), stride=(1, 1), padding=(1, 1))
  (tanh): Tanh()
)
[INFO] 2022-09-27 10:40:08 > Number of parameters: 77355
[INFO] 2022-09-27 10:40:08 > Discriminator(
  (blocks): ModuleList(
    (0): ModuleList(
      (0): DiscOptBlock(
        (conv2d0): Conv2d(3, 4, kernel_size=(1, 1), stride=(1, 1))
        (conv2d1): Conv2d(3, 4, kernel_size=(3, 3), stride=(1, 1), padding=(1, 1))
        (conv2d2): Conv2d(4, 4, kernel_size=(3, 3), stride=(1, 1), padding=(1, 1))
        (bn0): BatchNorm2d(3, eps=0.0001, momentum=0.1, affine=True, track_running_stats=True)
        (bn1): BatchNorm2d(4, eps=0.0001, momentum=0.1, affine=True, track_running_stats=True)
        (activation): ReLU(inplace=True)
        (average_pooling): AvgPool2d(kernel_size=2, stride=2, padding=0)
      )
    )
    (1): ModuleList(
      (0): DiscBlock(
        (activation): ReLU(inplace=True)
        (conv2d0): Conv2d(4, 8, kernel_size=(1, 1), stride=(1, 1))
        (bn0): BatchNorm2d(4, eps=0.0001, momentum=0.1, affine=True, track_running_stats=True)
        (conv2d1): Conv2d(4, 8, kernel_size=(3, 3), stride=(1, 1), padding=(1, 1))
        (conv2d2): Conv2d(8, 8, kernel_size=(3, 3), stride=(1, 1), padding=(1, 1))
        (bn1): BatchNorm2d(4, eps=0.0001, momentum=0.1, affine=True, track_running_stats=True)
        (bn2): BatchNorm2d(8, eps=0.0001, momentum=0.1, affine=True, track_running_stats=True)
        (average_pooling): AvgPool2d(kernel_size=2, stride=2, padding=0)
      )
    )
    (2): ModuleList(
      (0): DiscBlock(
        (activation): ReLU(inplace=True)
        (conv2d0): Conv2d(8, 16, kernel_size=(1, 1), stride=(1, 1))
        (bn0): BatchNorm2d(8, eps=0.0001, momentum=0.1, affine=True, track_running_stats=True)
        (conv2d1): Conv2d(8, 16, kernel_size=(3, 3), stride=(1, 1), padding=(1, 1))
        (conv2d2): Conv2d(16, 16, kernel_size=(3, 3), stride=(1, 1), padding=(1, 1))
        (bn1): BatchNorm2d(8, eps=0.0001, momentum=0.1, affine=True, track_running_stats=True)
        (bn2): BatchNorm2d(16, eps=0.0001, momentum=0.1, affine=True, track_running_stats=True)
        (average_pooling): AvgPool2d(kernel_size=2, stride=2, padding=0)
      )
    )
    (3): ModuleList(
      (0): DiscBlock(
        (activation): ReLU(inplace=True)
        (conv2d0): Conv2d(16, 32, kernel_size=(1, 1), stride=(1, 1))
        (bn0): BatchNorm2d(16, eps=0.0001, momentum=0.1, affine=True, track_running_stats=True)
        (conv2d1): Conv2d(16, 32, kernel_size=(3, 3), stride=(1, 1), padding=(1, 1))
        (conv2d2): Conv2d(32, 32, kernel_size=(3, 3), stride=(1, 1), padding=(1, 1))
        (bn1): BatchNorm2d(16, eps=0.0001, momentum=0.1, affine=True, track_running_stats=True)
        (bn2): BatchNorm2d(32, eps=0.0001, momentum=0.1, affine=True, track_running_stats=True)
        (average_pooling): AvgPool2d(kernel_size=2, stride=2, padding=0)
      )
    )
    (4): ModuleList(
      (0): DiscBlock(
        (activation): ReLU(inplace=True)
        (conv2d0): Conv2d(32, 64, kernel_size=(1, 1), stride=(1, 1))
        (bn0): BatchNorm2d(32, eps=0.0001, momentum=0.1, affine=True, track_running_stats=True)
        (conv2d1): Conv2d(32, 64, kernel_size=(3, 3), stride=(1, 1), padding=(1, 1))
        (conv2d2): Conv2d(64, 64, kernel_size=(3, 3), stride=(1, 1), padding=(1, 1))
        (bn1): BatchNorm2d(32, eps=0.0001, momentum=0.1, affine=True, track_running_stats=True)
        (bn2): BatchNorm2d(64, eps=0.0001, momentum=0.1, affine=True, track_running_stats=True)
        (average_pooling): AvgPool2d(kernel_size=2, stride=2, padding=0)
      )
    )
  )
  (activation): ReLU(inplace=True)
  (linear1): Linear(in_features=64, out_features=1, bias=True)
)
[INFO] 2022-09-27 10:40:13 > Start training!
[INFO] 2022-09-27 10:40:30 > Step:    100 Progress: 0.3% Elapsed: 0:00:17 Gen_loss: 10.51 Dis_loss: -8.8 Cls_loss: N/A Topk:  N/A ada_p: N/A 
[INFO] 2022-09-27 10:40:45 > Step:    200 Progress: 0.7% Elapsed: 0:00:32 Gen_loss: -13.66 Dis_loss: -62.11 Cls_loss: N/A Topk:  N/A ada_p: N/A 
[INFO] 2022-09-27 10:41:00 > Step:    300 Progress: 1.0% Elapsed: 0:00:46 Gen_loss: -151.8 Dis_loss: -176.0 Cls_loss: N/A Topk:  N/A ada_p: N/A 
[INFO] 2022-09-27 10:41:13 > Step:    400 Progress: 1.3% Elapsed: 0:01:00 Gen_loss: -25.97 Dis_loss: -923.4 Cls_loss: N/A Topk:  N/A ada_p: N/A 
[INFO] 2022-09-27 10:41:31 > Step:    500 Progress: 1.7% Elapsed: 0:01:18 Gen_loss: -95.49 Dis_loss: -1.355e+03 Cls_loss: N/A Topk:  N/A ada_p: N/A 
[INFO] 2022-09-27 10:41:31 > Visualize (num_rows x 8) fake image canvans.
[INFO] 2022-09-27 10:41:31 > Save image canvas to ./output_carb/figures/gpm-WGAN-GP-train-2022_09_27_10_40_03/generated_canvas_500.png
[INFO] 2022-09-27 10:41:32 > Save model to ./output_carb/checkpoints/gpm-WGAN-GP-train-2022_09_27_10_40_03
[INFO] 2022-09-27 10:41:52 > Step:    600 Progress: 2.0% Elapsed: 0:01:39 Gen_loss: -29.42 Dis_loss: -3.096e+03 Cls_loss: N/A Topk:  N/A ada_p: N/A 
[INFO] 2022-09-27 10:42:09 > Step:    700 Progress: 2.3% Elapsed: 0:01:56 Gen_loss: -540.7 Dis_loss: -491.3 Cls_loss: N/A Topk:  N/A ada_p: N/A 
[INFO] 2022-09-27 10:42:26 > Step:    800 Progress: 2.7% Elapsed: 0:02:13 Gen_loss: -1.951e+03 Dis_loss: -1.748e+03 Cls_loss: N/A Topk:  N/A ada_p: N/A 
[INFO] 2022-09-27 10:42:40 > Step:    900 Progress: 3.0% Elapsed: 0:02:27 Gen_loss: -130.6 Dis_loss: 109.6 Cls_loss: N/A Topk:  N/A ada_p: N/A 
[INFO] 2022-09-27 10:42:55 > Step:   1000 Progress: 3.3% Elapsed: 0:02:42 Gen_loss: -342.8 Dis_loss: 54.76 Cls_loss: N/A Topk:  N/A ada_p: N/A 
[INFO] 2022-09-27 10:42:55 > Visualize (num_rows x 8) fake image canvans.
[INFO] 2022-09-27 10:42:55 > Save image canvas to ./output_carb/figures/gpm-WGAN-GP-train-2022_09_27_10_40_03/generated_canvas_1000.png
[INFO] 2022-09-27 10:42:55 > Save model to ./output_carb/checkpoints/gpm-WGAN-GP-train-2022_09_27_10_40_03
[INFO] 2022-09-27 10:43:11 > Step:   1100 Progress: 3.7% Elapsed: 0:02:58 Gen_loss: -574.8 Dis_loss: 48.51 Cls_loss: N/A Topk:  N/A ada_p: N/A 
[INFO] 2022-09-27 10:43:26 > Step:   1200 Progress: 4.0% Elapsed: 0:03:12 Gen_loss: -462.1 Dis_loss: 21.23 Cls_loss: N/A Topk:  N/A ada_p: N/A 
[INFO] 2022-09-27 10:43:52 > Step:   1300 Progress: 4.3% Elapsed: 0:03:38 Gen_loss: -151.3 Dis_loss: 116.1 Cls_loss: N/A Topk:  N/A ada_p: N/A 
[INFO] 2022-09-27 10:44:17 > Step:   1400 Progress: 4.7% Elapsed: 0:04:04 Gen_loss: -73.27 Dis_loss: 19.23 Cls_loss: N/A Topk:  N/A ada_p: N/A 
[INFO] 2022-09-27 10:44:39 > Step:   1500 Progress: 5.0% Elapsed: 0:04:26 Gen_loss: -60.22 Dis_loss: -2.327 Cls_loss: N/A Topk:  N/A ada_p: N/A 
[INFO] 2022-09-27 10:44:39 > Visualize (num_rows x 8) fake image canvans.
[INFO] 2022-09-27 10:44:39 > Save image canvas to ./output_carb/figures/gpm-WGAN-GP-train-2022_09_27_10_40_03/generated_canvas_1500.png
[INFO] 2022-09-27 10:44:39 > Save model to ./output_carb/checkpoints/gpm-WGAN-GP-train-2022_09_27_10_40_03
[INFO] 2022-09-27 10:45:01 > Step:   1600 Progress: 5.3% Elapsed: 0:04:48 Gen_loss: -73.37 Dis_loss: 5.598 Cls_loss: N/A Topk:  N/A ada_p: N/A 
[INFO] 2022-09-27 10:45:23 > Step:   1700 Progress: 5.7% Elapsed: 0:05:10 Gen_loss: -93.51 Dis_loss: -2.226 Cls_loss: N/A Topk:  N/A ada_p: N/A 
[INFO] 2022-09-27 10:45:47 > Step:   1800 Progress: 6.0% Elapsed: 0:05:34 Gen_loss: -120.8 Dis_loss: 16.65 Cls_loss: N/A Topk:  N/A ada_p: N/A 
[INFO] 2022-09-27 10:46:09 > Step:   1900 Progress: 6.3% Elapsed: 0:05:55 Gen_loss: -92.64 Dis_loss: 0.4682 Cls_loss: N/A Topk:  N/A ada_p: N/A 
[INFO] 2022-09-27 10:46:36 > Step:   2000 Progress: 6.7% Elapsed: 0:06:23 Gen_loss: -108.4 Dis_loss: 19.03 Cls_loss: N/A Topk:  N/A ada_p: N/A 
[INFO] 2022-09-27 10:46:36 > Visualize (num_rows x 8) fake image canvans.
[INFO] 2022-09-27 10:46:36 > Save image canvas to ./output_carb/figures/gpm-WGAN-GP-train-2022_09_27_10_40_03/generated_canvas_2000.png
[INFO] 2022-09-27 10:46:37 > Save model to ./output_carb/checkpoints/gpm-WGAN-GP-train-2022_09_27_10_40_03
[INFO] 2022-09-27 10:46:58 > Step:   2100 Progress: 7.0% Elapsed: 0:06:45 Gen_loss: -101.3 Dis_loss: -1.046 Cls_loss: N/A Topk:  N/A ada_p: N/A 
[INFO] 2022-09-27 10:47:19 > Step:   2200 Progress: 7.3% Elapsed: 0:07:06 Gen_loss: -133.2 Dis_loss: 13.57 Cls_loss: N/A Topk:  N/A ada_p: N/A 
[INFO] 2022-09-27 10:47:42 > Step:   2300 Progress: 7.7% Elapsed: 0:07:29 Gen_loss: -135.4 Dis_loss: 9.604 Cls_loss: N/A Topk:  N/A ada_p: N/A 
[INFO] 2022-09-27 10:48:05 > Step:   2400 Progress: 8.0% Elapsed: 0:07:52 Gen_loss: -147.7 Dis_loss: 13.09 Cls_loss: N/A Topk:  N/A ada_p: N/A 
[INFO] 2022-09-27 10:48:29 > Step:   2500 Progress: 8.3% Elapsed: 0:08:16 Gen_loss: -212.8 Dis_loss: -0.6152 Cls_loss: N/A Topk:  N/A ada_p: N/A 
[INFO] 2022-09-27 10:48:29 > Visualize (num_rows x 8) fake image canvans.
[INFO] 2022-09-27 10:48:30 > Save image canvas to ./output_carb/figures/gpm-WGAN-GP-train-2022_09_27_10_40_03/generated_canvas_2500.png
[INFO] 2022-09-27 10:48:30 > Save model to ./output_carb/checkpoints/gpm-WGAN-GP-train-2022_09_27_10_40_03
[INFO] 2022-09-27 10:48:54 > Step:   2600 Progress: 8.7% Elapsed: 0:08:41 Gen_loss: -140.7 Dis_loss: 17.11 Cls_loss: N/A Topk:  N/A ada_p: N/A 
[INFO] 2022-09-27 10:49:19 > Step:   2700 Progress: 9.0% Elapsed: 0:09:06 Gen_loss: -27.22 Dis_loss: 16.1 Cls_loss: N/A Topk:  N/A ada_p: N/A 
[INFO] 2022-09-27 10:49:44 > Step:   2800 Progress: 9.3% Elapsed: 0:09:31 Gen_loss: 47.99 Dis_loss: 56.13 Cls_loss: N/A Topk:  N/A ada_p: N/A 
[INFO] 2022-09-27 10:50:08 > Step:   2900 Progress: 9.7% Elapsed: 0:09:55 Gen_loss: 51.82 Dis_loss: 4.547 Cls_loss: N/A Topk:  N/A ada_p: N/A 
[INFO] 2022-09-27 10:50:31 > Step:   3000 Progress: 10.0% Elapsed: 0:10:18 Gen_loss: 2.52 Dis_loss: 3.827 Cls_loss: N/A Topk:  N/A ada_p: N/A 
[INFO] 2022-09-27 10:50:31 > Visualize (num_rows x 8) fake image canvans.
[INFO] 2022-09-27 10:50:32 > Save image canvas to ./output_carb/figures/gpm-WGAN-GP-train-2022_09_27_10_40_03/generated_canvas_3000.png
[INFO] 2022-09-27 10:50:32 > Save model to ./output_carb/checkpoints/gpm-WGAN-GP-train-2022_09_27_10_40_03
[INFO] 2022-09-27 10:50:55 > Step:   3100 Progress: 10.3% Elapsed: 0:10:42 Gen_loss: -8.048 Dis_loss: -1.486 Cls_loss: N/A Topk:  N/A ada_p: N/A 
[INFO] 2022-09-27 10:51:16 > Step:   3200 Progress: 10.7% Elapsed: 0:11:03 Gen_loss: -46.41 Dis_loss: 2.332 Cls_loss: N/A Topk:  N/A ada_p: N/A 
[INFO] 2022-09-27 10:51:38 > Step:   3300 Progress: 11.0% Elapsed: 0:11:24 Gen_loss: -94.32 Dis_loss: 25.38 Cls_loss: N/A Topk:  N/A ada_p: N/A 
[INFO] 2022-09-27 10:52:01 > Step:   3400 Progress: 11.3% Elapsed: 0:11:48 Gen_loss: -69.59 Dis_loss: -14.38 Cls_loss: N/A Topk:  N/A ada_p: N/A 
[INFO] 2022-09-27 10:52:25 > Step:   3500 Progress: 11.7% Elapsed: 0:12:12 Gen_loss: -16.19 Dis_loss: 16.08 Cls_loss: N/A Topk:  N/A ada_p: N/A 
[INFO] 2022-09-27 10:52:25 > Visualize (num_rows x 8) fake image canvans.
[INFO] 2022-09-27 10:52:25 > Save image canvas to ./output_carb/figures/gpm-WGAN-GP-train-2022_09_27_10_40_03/generated_canvas_3500.png
[INFO] 2022-09-27 10:52:25 > Save model to ./output_carb/checkpoints/gpm-WGAN-GP-train-2022_09_27_10_40_03
[INFO] 2022-09-27 10:52:48 > Step:   3600 Progress: 12.0% Elapsed: 0:12:35 Gen_loss: -49.33 Dis_loss: 4.753 Cls_loss: N/A Topk:  N/A ada_p: N/A 
[INFO] 2022-09-27 10:53:11 > Step:   3700 Progress: 12.3% Elapsed: 0:12:58 Gen_loss: -18.91 Dis_loss: -4.482 Cls_loss: N/A Topk:  N/A ada_p: N/A 
[INFO] 2022-09-27 10:53:40 > Step:   3800 Progress: 12.7% Elapsed: 0:13:26 Gen_loss: -15.41 Dis_loss: -0.3526 Cls_loss: N/A Topk:  N/A ada_p: N/A 
[INFO] 2022-09-27 10:54:04 > Step:   3900 Progress: 13.0% Elapsed: 0:13:50 Gen_loss: -22.89 Dis_loss: 7.719 Cls_loss: N/A Topk:  N/A ada_p: N/A 
[INFO] 2022-09-27 10:54:25 > Step:   4000 Progress: 13.3% Elapsed: 0:14:12 Gen_loss: -55.02 Dis_loss: 4.487 Cls_loss: N/A Topk:  N/A ada_p: N/A 
[INFO] 2022-09-27 10:54:25 > Visualize (num_rows x 8) fake image canvans.
[INFO] 2022-09-27 10:54:25 > Save image canvas to ./output_carb/figures/gpm-WGAN-GP-train-2022_09_27_10_40_03/generated_canvas_4000.png
[INFO] 2022-09-27 10:54:26 > Save model to ./output_carb/checkpoints/gpm-WGAN-GP-train-2022_09_27_10_40_03
[INFO] 2022-09-27 10:54:50 > Step:   4100 Progress: 13.7% Elapsed: 0:14:37 Gen_loss: -88.93 Dis_loss: 6.542 Cls_loss: N/A Topk:  N/A ada_p: N/A 
[INFO] 2022-09-27 10:55:13 > Step:   4200 Progress: 14.0% Elapsed: 0:15:00 Gen_loss: -148.0 Dis_loss: 6.42 Cls_loss: N/A Topk:  N/A ada_p: N/A 
[INFO] 2022-09-27 10:55:37 > Step:   4300 Progress: 14.3% Elapsed: 0:15:24 Gen_loss: -117.0 Dis_loss: 4.496 Cls_loss: N/A Topk:  N/A ada_p: N/A 
[INFO] 2022-09-27 10:56:03 > Step:   4400 Progress: 14.7% Elapsed: 0:15:50 Gen_loss: -73.3 Dis_loss: 5.645 Cls_loss: N/A Topk:  N/A ada_p: N/A 
[INFO] 2022-09-27 10:56:28 > Step:   4500 Progress: 15.0% Elapsed: 0:16:15 Gen_loss: -70.36 Dis_loss: -4.754 Cls_loss: N/A Topk:  N/A ada_p: N/A 
[INFO] 2022-09-27 10:56:28 > Visualize (num_rows x 8) fake image canvans.
[INFO] 2022-09-27 10:56:28 > Save image canvas to ./output_carb/figures/gpm-WGAN-GP-train-2022_09_27_10_40_03/generated_canvas_4500.png
[INFO] 2022-09-27 10:56:29 > Save model to ./output_carb/checkpoints/gpm-WGAN-GP-train-2022_09_27_10_40_03
[INFO] 2022-09-27 10:56:51 > Step:   4600 Progress: 15.3% Elapsed: 0:16:38 Gen_loss: -119.5 Dis_loss: 15.95 Cls_loss: N/A Topk:  N/A ada_p: N/A 
[INFO] 2022-09-27 10:57:12 > Step:   4700 Progress: 15.7% Elapsed: 0:16:58 Gen_loss: -153.2 Dis_loss: 3.221 Cls_loss: N/A Topk:  N/A ada_p: N/A 
[INFO] 2022-09-27 10:57:32 > Step:   4800 Progress: 16.0% Elapsed: 0:17:19 Gen_loss: -192.0 Dis_loss: -4.394 Cls_loss: N/A Topk:  N/A ada_p: N/A 
