[INFO] 2021-11-23 16:55:01 > Run name : gpm-WGAN-GP-train-2021_11_23_16_55_01
[INFO] 2021-11-23 16:55:01 > cfgs.DATA =
[INFO] 2021-11-23 16:55:01 > {
  "name": "gpm",
  "img_size": 32,
  "num_classes": 1,
  "img_channels": 1
}
[INFO] 2021-11-23 16:55:01 > cfgs.MODEL =
[INFO] 2021-11-23 16:55:01 > {
  "backbone": "resnet",
  "g_cond_mtd": "W/O",
  "d_cond_mtd": "W/O",
  "aux_cls_type": "W/O",
  "normalize_d_embed": false,
  "d_embed_dim": "N/A",
  "apply_g_sn": false,
  "apply_d_sn": false,
  "g_act_fn": "ReLU",
  "d_act_fn": "ReLU",
  "apply_attn": false,
  "attn_g_loc": [
    "N/A"
  ],
  "attn_d_loc": [
    "N/A"
  ],
  "z_prior": "gaussian",
  "z_dim": 32,
  "w_dim": "N/A",
  "g_shared_dim": "N/A",
  "g_conv_dim": 64,
  "d_conv_dim": 64,
  "g_depth": "N/A",
  "d_depth": "N/A",
  "apply_g_ema": false,
  "g_ema_decay": "N/A",
  "g_ema_start": "N/A",
  "g_init": "ortho",
  "d_init": "ortho"
}
[INFO] 2021-11-23 16:55:01 > cfgs.LOSS =
[INFO] 2021-11-23 16:55:01 > {
  "adv_loss": "wasserstein",
  "cond_lambda": "N/A",
  "tac_gen_lambda": "N/A",
  "tac_dis_lambda": "N/A",
  "mh_lambda": "N/A",
  "apply_fm": false,
  "fm_lambda": "N/A",
  "apply_r1_reg": false,
  "r1_lambda": "N/A",
  "m_p": "N/A",
  "temperature": "N/A",
  "apply_wc": false,
  "wc_bound": "N/A",
  "apply_gp": true,
  "gp_lambda": 10.0,
  "apply_dra": false,
  "dra_labmda": "N/A",
  "apply_maxgp": false,
  "maxgp_lambda": "N/A",
  "apply_cr": false,
  "cr_lambda": "N/A",
  "apply_bcr": false,
  "real_lambda": "N/A",
  "fake_lambda": "N/A",
  "apply_zcr": false,
  "radius": "N/A",
  "g_lambda": "N/A",
  "d_lambda": "N/A",
  "apply_lo": false,
  "lo_alpha": "N/A",
  "lo_beta": "N/A",
  "lo_rate": "N/A",
  "lo_lambda": "N/A",
  "lo_steps4train": "N/A",
  "lo_steps4eval": "N/A",
  "apply_topk": false,
  "topk_gamma": "N/A",
  "topk_nu": "N/A"
}
[INFO] 2021-11-23 16:55:01 > cfgs.OPTIMIZATION =
[INFO] 2021-11-23 16:55:01 > {
  "type_": "Adam",
  "batch_size": 256,
  "acml_steps": 1,
  "g_lr": 0.0001,
  "d_lr": 0.0004,
  "g_weight_decay": 0.0,
  "d_weight_decay": 0.0,
  "momentum": "N/A",
  "nesterov": "N/A",
  "alpha": "N/A",
  "beta1": 0.0,
  "beta2": 0.999,
  "g_updates_per_step": 1,
  "d_updates_per_step": 5,
  "total_steps": 100000,
  "world_size": 1
}
[INFO] 2021-11-23 16:55:01 > cfgs.PRE =
[INFO] 2021-11-23 16:55:01 > {
  "apply_rflip": true,
  "crop_long_edge": true,
  "resize_size": 32
}
[INFO] 2021-11-23 16:55:01 > cfgs.AUG =
[INFO] 2021-11-23 16:55:01 > {
  "apply_diffaug": false,
  "apply_ada": false,
  "cr_aug_type": "W/O",
  "bcr_aug_type": "W/O",
  "diffaug_type": "W/O",
  "ada_aug_type": "W/O",
  "ada_initial_augment_p": "N/A",
  "ada_target": "N/A",
  "ada_kimg": "N/A",
  "ada_interval": "N/A"
}
[INFO] 2021-11-23 16:55:01 > cfgs.RUN =
[INFO] 2021-11-23 16:55:01 > {
  "entity": null,
  "project": null,
  "cfg_file": "src/configs/GPM/WGAN-GP.yaml",
  "data_dir": "./data/gpm_37_32px/",
  "save_dir": "./output/",
  "ckpt_dir": null,
  "load_best": false,
  "seed": 2914,
  "distributed_data_parallel": false,
  "backend": "nccl",
  "total_nodes": 1,
  "current_node": 0,
  "num_workers": 0,
  "synchronized_bn": false,
  "mixed_precision": false,
  "truncation_factor": -1.0,
  "truncation_cutoff": null,
  "batch_statistics": false,
  "standing_statistics": false,
  "standing_max_batch": -1,
  "standing_step": -1,
  "freezeD": -1,
  "langevin_sampling": false,
  "langevin_rate": -1,
  "langevin_noise_std": -1,
  "langevin_decay": -1,
  "langevin_decay_steps": -1,
  "langevin_steps": -1,
  "train": true,
  "load_train_hdf5": false,
  "load_data_in_memory": false,
  "eval": false,
  "save_fake_images": true,
  "vis_fake_images": false,
  "k_nearest_neighbor": false,
  "interpolation": false,
  "frequency_analysis": false,
  "tsne_analysis": false,
  "intra_class_fid": false,
  "GAN_train": false,
  "GAN_test": false,
  "resume_classifier_train": false,
  "semantic_factorization": false,
  "num_semantic_axis": -1,
  "maximum_variations": -1,
  "print_every": 100,
  "save_every": 100,
  "eval_backbone": "Inception_V3",
  "ref_dataset": "train"
}
[INFO] 2021-11-23 16:55:01 > cfgs.STYLEGAN2 =
[INFO] 2021-11-23 16:55:01 > {
  "cond_type": [
    "PD",
    "SPD",
    "2C",
    "D2DCE"
  ],
  "g_reg_interval": "N/A",
  "d_reg_interval": "N/A",
  "mapping_network": "N/A",
  "style_mixing_p": "N/A",
  "g_ema_kimg": "N/A",
  "g_ema_rampup": "N/A",
  "apply_pl_reg": false,
  "pl_weight": "N/A",
  "d_architecture": "N/A",
  "d_epilogue_mbstd_group_size": "N/A"
}
[INFO] 2021-11-23 16:55:01 > Load gpm train dataset.
[INFO] 2021-11-23 16:55:01 > Train dataset size: 3831
[INFO] 2021-11-23 16:55:01 > Build a Generative Adversarial Network.
[INFO] 2021-11-23 16:55:01 > Modules are located on './src/models.resnet'.
[INFO] 2021-11-23 16:55:11 > Number of parameters: 3883523
[INFO] 2021-11-23 16:55:11 > Generator(
  (linear0): Linear(in_features=32, out_features=4096, bias=True)
  (blocks): ModuleList(
    (0): ModuleList(
      (0): GenBlock(
        (bn1): BatchNorm2d(256, eps=0.0001, momentum=0.1, affine=True, track_running_stats=True)
        (bn2): BatchNorm2d(256, eps=0.0001, momentum=0.1, affine=True, track_running_stats=True)
        (activation): ReLU(inplace=True)
        (conv2d0): Conv2d(256, 256, kernel_size=(1, 1), stride=(1, 1))
        (conv2d1): Conv2d(256, 256, kernel_size=(3, 3), stride=(1, 1), padding=(1, 1))
        (conv2d2): Conv2d(256, 256, kernel_size=(3, 3), stride=(1, 1), padding=(1, 1))
      )
    )
    (1): ModuleList(
      (0): GenBlock(
        (bn1): BatchNorm2d(256, eps=0.0001, momentum=0.1, affine=True, track_running_stats=True)
        (bn2): BatchNorm2d(256, eps=0.0001, momentum=0.1, affine=True, track_running_stats=True)
        (activation): ReLU(inplace=True)
        (conv2d0): Conv2d(256, 256, kernel_size=(1, 1), stride=(1, 1))
        (conv2d1): Conv2d(256, 256, kernel_size=(3, 3), stride=(1, 1), padding=(1, 1))
        (conv2d2): Conv2d(256, 256, kernel_size=(3, 3), stride=(1, 1), padding=(1, 1))
      )
    )
    (2): ModuleList(
      (0): GenBlock(
        (bn1): BatchNorm2d(256, eps=0.0001, momentum=0.1, affine=True, track_running_stats=True)
        (bn2): BatchNorm2d(256, eps=0.0001, momentum=0.1, affine=True, track_running_stats=True)
        (activation): ReLU(inplace=True)
        (conv2d0): Conv2d(256, 256, kernel_size=(1, 1), stride=(1, 1))
        (conv2d1): Conv2d(256, 256, kernel_size=(3, 3), stride=(1, 1), padding=(1, 1))
        (conv2d2): Conv2d(256, 256, kernel_size=(3, 3), stride=(1, 1), padding=(1, 1))
      )
    )
  )
  (bn4): BatchNorm2d(256, eps=0.0001, momentum=0.1, affine=True, track_running_stats=True)
  (activation): ReLU(inplace=True)
  (conv2d5): Conv2d(256, 3, kernel_size=(3, 3), stride=(1, 1), padding=(1, 1))
  (tanh): Tanh()
)
[INFO] 2021-11-23 16:55:11 > Number of parameters: 1055879
[INFO] 2021-11-23 16:55:11 > Discriminator(
  (blocks): ModuleList(
    (0): ModuleList(
      (0): DiscOptBlock(
        (conv2d0): Conv2d(3, 128, kernel_size=(1, 1), stride=(1, 1))
        (conv2d1): Conv2d(3, 128, kernel_size=(3, 3), stride=(1, 1), padding=(1, 1))
        (conv2d2): Conv2d(128, 128, kernel_size=(3, 3), stride=(1, 1), padding=(1, 1))
        (bn0): BatchNorm2d(3, eps=0.0001, momentum=0.1, affine=True, track_running_stats=True)
        (bn1): BatchNorm2d(128, eps=0.0001, momentum=0.1, affine=True, track_running_stats=True)
        (activation): ReLU(inplace=True)
        (average_pooling): AvgPool2d(kernel_size=2, stride=2, padding=0)
      )
    )
    (1): ModuleList(
      (0): DiscBlock(
        (activation): ReLU(inplace=True)
        (conv2d0): Conv2d(128, 128, kernel_size=(1, 1), stride=(1, 1))
        (bn0): BatchNorm2d(128, eps=0.0001, momentum=0.1, affine=True, track_running_stats=True)
        (conv2d1): Conv2d(128, 128, kernel_size=(3, 3), stride=(1, 1), padding=(1, 1))
        (conv2d2): Conv2d(128, 128, kernel_size=(3, 3), stride=(1, 1), padding=(1, 1))
        (bn1): BatchNorm2d(128, eps=0.0001, momentum=0.1, affine=True, track_running_stats=True)
        (bn2): BatchNorm2d(128, eps=0.0001, momentum=0.1, affine=True, track_running_stats=True)
        (average_pooling): AvgPool2d(kernel_size=2, stride=2, padding=0)
      )
    )
    (2): ModuleList(
      (0): DiscBlock(
        (activation): ReLU(inplace=True)
        (conv2d1): Conv2d(128, 128, kernel_size=(3, 3), stride=(1, 1), padding=(1, 1))
        (conv2d2): Conv2d(128, 128, kernel_size=(3, 3), stride=(1, 1), padding=(1, 1))
        (bn1): BatchNorm2d(128, eps=0.0001, momentum=0.1, affine=True, track_running_stats=True)
        (bn2): BatchNorm2d(128, eps=0.0001, momentum=0.1, affine=True, track_running_stats=True)
        (average_pooling): AvgPool2d(kernel_size=2, stride=2, padding=0)
      )
    )
    (3): ModuleList(
      (0): DiscBlock(
        (activation): ReLU(inplace=True)
        (conv2d1): Conv2d(128, 128, kernel_size=(3, 3), stride=(1, 1), padding=(1, 1))
        (conv2d2): Conv2d(128, 128, kernel_size=(3, 3), stride=(1, 1), padding=(1, 1))
        (bn1): BatchNorm2d(128, eps=0.0001, momentum=0.1, affine=True, track_running_stats=True)
        (bn2): BatchNorm2d(128, eps=0.0001, momentum=0.1, affine=True, track_running_stats=True)
        (average_pooling): AvgPool2d(kernel_size=2, stride=2, padding=0)
      )
    )
  )
  (activation): ReLU(inplace=True)
  (linear1): Linear(in_features=128, out_features=1, bias=True)
)
[INFO] 2021-11-23 16:55:22 > Start training!
[INFO] 2021-11-23 17:19:14 > Step:    100 Progress: 0.1% Elapsed: 0:23:49 Gen_loss: -39.55 Dis_loss: -0.4879 Cls_loss: N/A Topk:  N/A ada_p: N/A 
[INFO] 2021-11-23 17:19:14 > Visualize (num_rows x 8) fake image canvans.
[INFO] 2021-11-23 17:19:14 > Save image canvas to ./output/figures/gpm-WGAN-GP-train-2021_11_23_16_55_01/generated_canvas_100.png
[INFO] 2021-11-23 17:19:15 > Save model to ./output/checkpoints/gpm-WGAN-GP-train-2021_11_23_16_55_01
[INFO] 2021-11-23 17:48:40 > Step:    200 Progress: 0.2% Elapsed: 0:53:16 Gen_loss: -81.67 Dis_loss: -3.233 Cls_loss: N/A Topk:  N/A ada_p: N/A 
[INFO] 2021-11-23 17:48:40 > Visualize (num_rows x 8) fake image canvans.
[INFO] 2021-11-23 17:48:41 > Save image canvas to ./output/figures/gpm-WGAN-GP-train-2021_11_23_16_55_01/generated_canvas_200.png
[INFO] 2021-11-23 17:48:41 > Save model to ./output/checkpoints/gpm-WGAN-GP-train-2021_11_23_16_55_01
[INFO] 2021-11-23 18:20:50 > Step:    300 Progress: 0.3% Elapsed: 1:25:25 Gen_loss: -58.05 Dis_loss: -20.93 Cls_loss: N/A Topk:  N/A ada_p: N/A 
[INFO] 2021-11-23 18:20:50 > Visualize (num_rows x 8) fake image canvans.
[INFO] 2021-11-23 18:20:50 > Save image canvas to ./output/figures/gpm-WGAN-GP-train-2021_11_23_16_55_01/generated_canvas_300.png
[INFO] 2021-11-23 18:20:51 > Save model to ./output/checkpoints/gpm-WGAN-GP-train-2021_11_23_16_55_01
[INFO] 2021-11-23 18:52:16 > Step:    400 Progress: 0.4% Elapsed: 1:56:51 Gen_loss: -96.02 Dis_loss: -12.68 Cls_loss: N/A Topk:  N/A ada_p: N/A 
[INFO] 2021-11-23 18:52:16 > Visualize (num_rows x 8) fake image canvans.
[INFO] 2021-11-23 18:52:16 > Save image canvas to ./output/figures/gpm-WGAN-GP-train-2021_11_23_16_55_01/generated_canvas_400.png
[INFO] 2021-11-23 18:52:17 > Save model to ./output/checkpoints/gpm-WGAN-GP-train-2021_11_23_16_55_01
[INFO] 2021-11-23 19:23:03 > Step:    500 Progress: 0.5% Elapsed: 2:27:38 Gen_loss: -20.04 Dis_loss: -4.09 Cls_loss: N/A Topk:  N/A ada_p: N/A 
[INFO] 2021-11-23 19:23:03 > Visualize (num_rows x 8) fake image canvans.
[INFO] 2021-11-23 19:23:04 > Save image canvas to ./output/figures/gpm-WGAN-GP-train-2021_11_23_16_55_01/generated_canvas_500.png
[INFO] 2021-11-23 19:23:04 > Save model to ./output/checkpoints/gpm-WGAN-GP-train-2021_11_23_16_55_01
[INFO] 2021-11-23 19:54:10 > Step:    600 Progress: 0.6% Elapsed: 2:58:45 Gen_loss: -14.65 Dis_loss: -27.97 Cls_loss: N/A Topk:  N/A ada_p: N/A 
[INFO] 2021-11-23 19:54:10 > Visualize (num_rows x 8) fake image canvans.
[INFO] 2021-11-23 19:54:11 > Save image canvas to ./output/figures/gpm-WGAN-GP-train-2021_11_23_16_55_01/generated_canvas_600.png
[INFO] 2021-11-23 19:54:11 > Save model to ./output/checkpoints/gpm-WGAN-GP-train-2021_11_23_16_55_01
[INFO] 2021-11-23 20:25:03 > Step:    700 Progress: 0.7% Elapsed: 3:29:38 Gen_loss: -10.41 Dis_loss: -181.1 Cls_loss: N/A Topk:  N/A ada_p: N/A 
[INFO] 2021-11-23 20:25:03 > Visualize (num_rows x 8) fake image canvans.
[INFO] 2021-11-23 20:25:03 > Save image canvas to ./output/figures/gpm-WGAN-GP-train-2021_11_23_16_55_01/generated_canvas_700.png
[INFO] 2021-11-23 20:25:04 > Save model to ./output/checkpoints/gpm-WGAN-GP-train-2021_11_23_16_55_01
[INFO] 2021-11-23 20:55:34 > Step:    800 Progress: 0.8% Elapsed: 4:00:09 Gen_loss: -38.81 Dis_loss: 1.642 Cls_loss: N/A Topk:  N/A ada_p: N/A 
[INFO] 2021-11-23 20:55:34 > Visualize (num_rows x 8) fake image canvans.
[INFO] 2021-11-23 20:55:35 > Save image canvas to ./output/figures/gpm-WGAN-GP-train-2021_11_23_16_55_01/generated_canvas_800.png
[INFO] 2021-11-23 20:55:35 > Save model to ./output/checkpoints/gpm-WGAN-GP-train-2021_11_23_16_55_01
[INFO] 2021-11-23 21:26:26 > Step:    900 Progress: 0.9% Elapsed: 4:31:01 Gen_loss: -34.1 Dis_loss: -13.08 Cls_loss: N/A Topk:  N/A ada_p: N/A 
[INFO] 2021-11-23 21:26:26 > Visualize (num_rows x 8) fake image canvans.
[INFO] 2021-11-23 21:26:27 > Save image canvas to ./output/figures/gpm-WGAN-GP-train-2021_11_23_16_55_01/generated_canvas_900.png
[INFO] 2021-11-23 21:26:27 > Save model to ./output/checkpoints/gpm-WGAN-GP-train-2021_11_23_16_55_01
[INFO] 2021-11-23 21:57:33 > Step:   1000 Progress: 1.0% Elapsed: 5:02:08 Gen_loss: -34.41 Dis_loss: 6.748 Cls_loss: N/A Topk:  N/A ada_p: N/A 
[INFO] 2021-11-23 21:57:33 > Visualize (num_rows x 8) fake image canvans.
[INFO] 2021-11-23 21:57:34 > Save image canvas to ./output/figures/gpm-WGAN-GP-train-2021_11_23_16_55_01/generated_canvas_1000.png
[INFO] 2021-11-23 21:57:34 > Save model to ./output/checkpoints/gpm-WGAN-GP-train-2021_11_23_16_55_01
[INFO] 2021-11-23 22:28:18 > Step:   1100 Progress: 1.1% Elapsed: 5:32:54 Gen_loss: -28.21 Dis_loss: -0.8153 Cls_loss: N/A Topk:  N/A ada_p: N/A 
[INFO] 2021-11-23 22:28:18 > Visualize (num_rows x 8) fake image canvans.
[INFO] 2021-11-23 22:28:19 > Save image canvas to ./output/figures/gpm-WGAN-GP-train-2021_11_23_16_55_01/generated_canvas_1100.png
[INFO] 2021-11-23 22:28:19 > Save model to ./output/checkpoints/gpm-WGAN-GP-train-2021_11_23_16_55_01
[INFO] 2021-11-23 22:54:17 > Step:   1200 Progress: 1.2% Elapsed: 5:58:52 Gen_loss: -25.68 Dis_loss: -1.405 Cls_loss: N/A Topk:  N/A ada_p: N/A 
[INFO] 2021-11-23 22:54:17 > Visualize (num_rows x 8) fake image canvans.
[INFO] 2021-11-23 22:54:18 > Save image canvas to ./output/figures/gpm-WGAN-GP-train-2021_11_23_16_55_01/generated_canvas_1200.png
[INFO] 2021-11-23 22:54:18 > Save model to ./output/checkpoints/gpm-WGAN-GP-train-2021_11_23_16_55_01
[INFO] 2021-11-23 23:17:41 > Step:   1300 Progress: 1.3% Elapsed: 6:22:16 Gen_loss: -30.06 Dis_loss: -1.767 Cls_loss: N/A Topk:  N/A ada_p: N/A 
[INFO] 2021-11-23 23:17:41 > Visualize (num_rows x 8) fake image canvans.
[INFO] 2021-11-23 23:17:42 > Save image canvas to ./output/figures/gpm-WGAN-GP-train-2021_11_23_16_55_01/generated_canvas_1300.png
[INFO] 2021-11-23 23:17:42 > Save model to ./output/checkpoints/gpm-WGAN-GP-train-2021_11_23_16_55_01
[INFO] 2021-11-23 23:40:45 > Step:   1400 Progress: 1.4% Elapsed: 6:45:20 Gen_loss: -33.32 Dis_loss: -1.618 Cls_loss: N/A Topk:  N/A ada_p: N/A 
[INFO] 2021-11-23 23:40:45 > Visualize (num_rows x 8) fake image canvans.
[INFO] 2021-11-23 23:40:46 > Save image canvas to ./output/figures/gpm-WGAN-GP-train-2021_11_23_16_55_01/generated_canvas_1400.png
[INFO] 2021-11-23 23:40:46 > Save model to ./output/checkpoints/gpm-WGAN-GP-train-2021_11_23_16_55_01
[INFO] 2021-11-24 00:03:49 > Step:   1500 Progress: 1.5% Elapsed: 7:08:24 Gen_loss: -19.21 Dis_loss: -5.013 Cls_loss: N/A Topk:  N/A ada_p: N/A 
[INFO] 2021-11-24 00:03:49 > Visualize (num_rows x 8) fake image canvans.
[INFO] 2021-11-24 00:03:50 > Save image canvas to ./output/figures/gpm-WGAN-GP-train-2021_11_23_16_55_01/generated_canvas_1500.png
[INFO] 2021-11-24 00:03:50 > Save model to ./output/checkpoints/gpm-WGAN-GP-train-2021_11_23_16_55_01
[INFO] 2021-11-24 00:26:53 > Step:   1600 Progress: 1.6% Elapsed: 7:31:28 Gen_loss: -21.82 Dis_loss: -8.426 Cls_loss: N/A Topk:  N/A ada_p: N/A 
[INFO] 2021-11-24 00:26:53 > Visualize (num_rows x 8) fake image canvans.
[INFO] 2021-11-24 00:26:54 > Save image canvas to ./output/figures/gpm-WGAN-GP-train-2021_11_23_16_55_01/generated_canvas_1600.png
[INFO] 2021-11-24 00:26:54 > Save model to ./output/checkpoints/gpm-WGAN-GP-train-2021_11_23_16_55_01
[INFO] 2021-11-24 00:49:57 > Step:   1700 Progress: 1.7% Elapsed: 7:54:32 Gen_loss: -6.977 Dis_loss: -0.2244 Cls_loss: N/A Topk:  N/A ada_p: N/A 
[INFO] 2021-11-24 00:49:57 > Visualize (num_rows x 8) fake image canvans.
[INFO] 2021-11-24 00:49:58 > Save image canvas to ./output/figures/gpm-WGAN-GP-train-2021_11_23_16_55_01/generated_canvas_1700.png
[INFO] 2021-11-24 00:49:58 > Save model to ./output/checkpoints/gpm-WGAN-GP-train-2021_11_23_16_55_01
