[INFO] 2021-11-23 15:04:11 > Run name : gpm-WGAN-GP-train-2021_11_23_15_04_11
[INFO] 2021-11-23 15:04:11 > cfgs.DATA =
[INFO] 2021-11-23 15:04:11 > {
  "name": "gpm",
  "img_size": 64,
  "num_classes": 1,
  "img_channels": 1
}
[INFO] 2021-11-23 15:04:11 > cfgs.MODEL =
[INFO] 2021-11-23 15:04:11 > {
  "backbone": "resnet",
  "g_cond_mtd": "W/O",
  "d_cond_mtd": "W/O",
  "aux_cls_type": "W/O",
  "normalize_d_embed": false,
  "d_embed_dim": "N/A",
  "apply_g_sn": false,
  "apply_d_sn": false,
  "g_act_fn": "ReLU",
  "d_act_fn": "ReLU",
  "apply_attn": false,
  "attn_g_loc": [
    "N/A"
  ],
  "attn_d_loc": [
    "N/A"
  ],
  "z_prior": "gaussian",
  "z_dim": 32,
  "w_dim": "N/A",
  "g_shared_dim": "N/A",
  "g_conv_dim": 32,
  "d_conv_dim": 32,
  "g_depth": "N/A",
  "d_depth": "N/A",
  "apply_g_ema": false,
  "g_ema_decay": "N/A",
  "g_ema_start": "N/A",
  "g_init": "ortho",
  "d_init": "ortho"
}
[INFO] 2021-11-23 15:04:11 > cfgs.LOSS =
[INFO] 2021-11-23 15:04:11 > {
  "adv_loss": "wasserstein",
  "cond_lambda": "N/A",
  "tac_gen_lambda": "N/A",
  "tac_dis_lambda": "N/A",
  "mh_lambda": "N/A",
  "apply_fm": false,
  "fm_lambda": "N/A",
  "apply_r1_reg": false,
  "r1_lambda": "N/A",
  "m_p": "N/A",
  "temperature": "N/A",
  "apply_wc": false,
  "wc_bound": "N/A",
  "apply_gp": true,
  "gp_lambda": 10.0,
  "apply_dra": false,
  "dra_labmda": "N/A",
  "apply_maxgp": false,
  "maxgp_lambda": "N/A",
  "apply_cr": false,
  "cr_lambda": "N/A",
  "apply_bcr": false,
  "real_lambda": "N/A",
  "fake_lambda": "N/A",
  "apply_zcr": false,
  "radius": "N/A",
  "g_lambda": "N/A",
  "d_lambda": "N/A",
  "apply_lo": false,
  "lo_alpha": "N/A",
  "lo_beta": "N/A",
  "lo_rate": "N/A",
  "lo_lambda": "N/A",
  "lo_steps4train": "N/A",
  "lo_steps4eval": "N/A",
  "apply_topk": false,
  "topk_gamma": "N/A",
  "topk_nu": "N/A"
}
[INFO] 2021-11-23 15:04:11 > cfgs.OPTIMIZATION =
[INFO] 2021-11-23 15:04:11 > {
  "type_": "Adam",
  "batch_size": 256,
  "acml_steps": 1,
  "g_lr": 0.0001,
  "d_lr": 0.0004,
  "g_weight_decay": 0.0,
  "d_weight_decay": 0.0,
  "momentum": "N/A",
  "nesterov": "N/A",
  "alpha": "N/A",
  "beta1": 0.0,
  "beta2": 0.999,
  "g_updates_per_step": 1,
  "d_updates_per_step": 5,
  "total_steps": 100000,
  "world_size": 1
}
[INFO] 2021-11-23 15:04:11 > cfgs.PRE =
[INFO] 2021-11-23 15:04:11 > {
  "apply_rflip": true,
  "crop_long_edge": true,
  "resize_size": 64
}
[INFO] 2021-11-23 15:04:11 > cfgs.AUG =
[INFO] 2021-11-23 15:04:11 > {
  "apply_diffaug": false,
  "apply_ada": false,
  "cr_aug_type": "W/O",
  "bcr_aug_type": "W/O",
  "diffaug_type": "W/O",
  "ada_aug_type": "W/O",
  "ada_initial_augment_p": "N/A",
  "ada_target": "N/A",
  "ada_kimg": "N/A",
  "ada_interval": "N/A"
}
[INFO] 2021-11-23 15:04:11 > cfgs.RUN =
[INFO] 2021-11-23 15:04:11 > {
  "entity": null,
  "project": null,
  "cfg_file": "src/configs/GPM/WGAN-GP.yaml",
  "data_dir": "./data/gpm_37_64px/",
  "save_dir": "./output/",
  "ckpt_dir": null,
  "load_best": false,
  "seed": 2242,
  "distributed_data_parallel": false,
  "backend": "nccl",
  "total_nodes": 1,
  "current_node": 0,
  "num_workers": 1,
  "synchronized_bn": false,
  "mixed_precision": false,
  "truncation_factor": -1.0,
  "truncation_cutoff": null,
  "batch_statistics": false,
  "standing_statistics": false,
  "standing_max_batch": -1,
  "standing_step": -1,
  "freezeD": -1,
  "langevin_sampling": false,
  "langevin_rate": -1,
  "langevin_noise_std": -1,
  "langevin_decay": -1,
  "langevin_decay_steps": -1,
  "langevin_steps": -1,
  "train": true,
  "load_train_hdf5": false,
  "load_data_in_memory": false,
  "eval": false,
  "save_fake_images": true,
  "vis_fake_images": false,
  "k_nearest_neighbor": false,
  "interpolation": false,
  "frequency_analysis": false,
  "tsne_analysis": false,
  "intra_class_fid": false,
  "GAN_train": false,
  "GAN_test": false,
  "resume_classifier_train": false,
  "semantic_factorization": false,
  "num_semantic_axis": -1,
  "maximum_variations": -1,
  "print_every": 100,
  "save_every": 100,
  "eval_backbone": "Inception_V3",
  "ref_dataset": "train"
}
[INFO] 2021-11-23 15:04:11 > cfgs.STYLEGAN2 =
[INFO] 2021-11-23 15:04:11 > {
  "cond_type": [
    "PD",
    "SPD",
    "2C",
    "D2DCE"
  ],
  "g_reg_interval": "N/A",
  "d_reg_interval": "N/A",
  "mapping_network": "N/A",
  "style_mixing_p": "N/A",
  "g_ema_kimg": "N/A",
  "g_ema_rampup": "N/A",
  "apply_pl_reg": false,
  "pl_weight": "N/A",
  "d_architecture": "N/A",
  "d_epilogue_mbstd_group_size": "N/A"
}
[INFO] 2021-11-23 15:04:11 > Load gpm train dataset.
[INFO] 2021-11-23 15:04:11 > Train dataset size: 3831
[INFO] 2021-11-23 15:04:11 > Build a Generative Adversarial Network.
[INFO] 2021-11-23 15:04:11 > Modules are located on './src/models.resnet'.
[INFO] 2021-11-23 15:04:14 > Number of parameters: 2799747
[INFO] 2021-11-23 15:04:14 > Generator(
  (linear0): Linear(in_features=32, out_features=8192, bias=True)
  (blocks): ModuleList(
    (0): ModuleList(
      (0): GenBlock(
        (bn1): BatchNorm2d(512, eps=0.0001, momentum=0.1, affine=True, track_running_stats=True)
        (bn2): BatchNorm2d(256, eps=0.0001, momentum=0.1, affine=True, track_running_stats=True)
        (activation): ReLU(inplace=True)
        (conv2d0): Conv2d(512, 256, kernel_size=(1, 1), stride=(1, 1))
        (conv2d1): Conv2d(512, 256, kernel_size=(3, 3), stride=(1, 1), padding=(1, 1))
        (conv2d2): Conv2d(256, 256, kernel_size=(3, 3), stride=(1, 1), padding=(1, 1))
      )
    )
    (1): ModuleList(
      (0): GenBlock(
        (bn1): BatchNorm2d(256, eps=0.0001, momentum=0.1, affine=True, track_running_stats=True)
        (bn2): BatchNorm2d(128, eps=0.0001, momentum=0.1, affine=True, track_running_stats=True)
        (activation): ReLU(inplace=True)
        (conv2d0): Conv2d(256, 128, kernel_size=(1, 1), stride=(1, 1))
        (conv2d1): Conv2d(256, 128, kernel_size=(3, 3), stride=(1, 1), padding=(1, 1))
        (conv2d2): Conv2d(128, 128, kernel_size=(3, 3), stride=(1, 1), padding=(1, 1))
      )
    )
    (2): ModuleList(
      (0): GenBlock(
        (bn1): BatchNorm2d(128, eps=0.0001, momentum=0.1, affine=True, track_running_stats=True)
        (bn2): BatchNorm2d(64, eps=0.0001, momentum=0.1, affine=True, track_running_stats=True)
        (activation): ReLU(inplace=True)
        (conv2d0): Conv2d(128, 64, kernel_size=(1, 1), stride=(1, 1))
        (conv2d1): Conv2d(128, 64, kernel_size=(3, 3), stride=(1, 1), padding=(1, 1))
        (conv2d2): Conv2d(64, 64, kernel_size=(3, 3), stride=(1, 1), padding=(1, 1))
      )
    )
    (3): ModuleList(
      (0): GenBlock(
        (bn1): BatchNorm2d(64, eps=0.0001, momentum=0.1, affine=True, track_running_stats=True)
        (bn2): BatchNorm2d(32, eps=0.0001, momentum=0.1, affine=True, track_running_stats=True)
        (activation): ReLU(inplace=True)
        (conv2d0): Conv2d(64, 32, kernel_size=(1, 1), stride=(1, 1))
        (conv2d1): Conv2d(64, 32, kernel_size=(3, 3), stride=(1, 1), padding=(1, 1))
        (conv2d2): Conv2d(32, 32, kernel_size=(3, 3), stride=(1, 1), padding=(1, 1))
      )
    )
  )
  (bn4): BatchNorm2d(32, eps=0.0001, momentum=0.1, affine=True, track_running_stats=True)
  (activation): ReLU(inplace=True)
  (conv2d5): Conv2d(32, 3, kernel_size=(3, 3), stride=(1, 1), padding=(1, 1))
  (tanh): Tanh()
)
[INFO] 2021-11-23 15:04:14 > Number of parameters: 4891815
[INFO] 2021-11-23 15:04:14 > Discriminator(
  (blocks): ModuleList(
    (0): ModuleList(
      (0): DiscOptBlock(
        (conv2d0): Conv2d(3, 32, kernel_size=(1, 1), stride=(1, 1))
        (conv2d1): Conv2d(3, 32, kernel_size=(3, 3), stride=(1, 1), padding=(1, 1))
        (conv2d2): Conv2d(32, 32, kernel_size=(3, 3), stride=(1, 1), padding=(1, 1))
        (bn0): BatchNorm2d(3, eps=0.0001, momentum=0.1, affine=True, track_running_stats=True)
        (bn1): BatchNorm2d(32, eps=0.0001, momentum=0.1, affine=True, track_running_stats=True)
        (activation): ReLU(inplace=True)
        (average_pooling): AvgPool2d(kernel_size=2, stride=2, padding=0)
      )
    )
    (1): ModuleList(
      (0): DiscBlock(
        (activation): ReLU(inplace=True)
        (conv2d0): Conv2d(32, 64, kernel_size=(1, 1), stride=(1, 1))
        (bn0): BatchNorm2d(32, eps=0.0001, momentum=0.1, affine=True, track_running_stats=True)
        (conv2d1): Conv2d(32, 64, kernel_size=(3, 3), stride=(1, 1), padding=(1, 1))
        (conv2d2): Conv2d(64, 64, kernel_size=(3, 3), stride=(1, 1), padding=(1, 1))
        (bn1): BatchNorm2d(32, eps=0.0001, momentum=0.1, affine=True, track_running_stats=True)
        (bn2): BatchNorm2d(64, eps=0.0001, momentum=0.1, affine=True, track_running_stats=True)
        (average_pooling): AvgPool2d(kernel_size=2, stride=2, padding=0)
      )
    )
    (2): ModuleList(
      (0): DiscBlock(
        (activation): ReLU(inplace=True)
        (conv2d0): Conv2d(64, 128, kernel_size=(1, 1), stride=(1, 1))
        (bn0): BatchNorm2d(64, eps=0.0001, momentum=0.1, affine=True, track_running_stats=True)
        (conv2d1): Conv2d(64, 128, kernel_size=(3, 3), stride=(1, 1), padding=(1, 1))
        (conv2d2): Conv2d(128, 128, kernel_size=(3, 3), stride=(1, 1), padding=(1, 1))
        (bn1): BatchNorm2d(64, eps=0.0001, momentum=0.1, affine=True, track_running_stats=True)
        (bn2): BatchNorm2d(128, eps=0.0001, momentum=0.1, affine=True, track_running_stats=True)
        (average_pooling): AvgPool2d(kernel_size=2, stride=2, padding=0)
      )
    )
    (3): ModuleList(
      (0): DiscBlock(
        (activation): ReLU(inplace=True)
        (conv2d0): Conv2d(128, 256, kernel_size=(1, 1), stride=(1, 1))
        (bn0): BatchNorm2d(128, eps=0.0001, momentum=0.1, affine=True, track_running_stats=True)
        (conv2d1): Conv2d(128, 256, kernel_size=(3, 3), stride=(1, 1), padding=(1, 1))
        (conv2d2): Conv2d(256, 256, kernel_size=(3, 3), stride=(1, 1), padding=(1, 1))
        (bn1): BatchNorm2d(128, eps=0.0001, momentum=0.1, affine=True, track_running_stats=True)
        (bn2): BatchNorm2d(256, eps=0.0001, momentum=0.1, affine=True, track_running_stats=True)
        (average_pooling): AvgPool2d(kernel_size=2, stride=2, padding=0)
      )
    )
    (4): ModuleList(
      (0): DiscBlock(
        (activation): ReLU(inplace=True)
        (conv2d0): Conv2d(256, 512, kernel_size=(1, 1), stride=(1, 1))
        (bn0): BatchNorm2d(256, eps=0.0001, momentum=0.1, affine=True, track_running_stats=True)
        (conv2d1): Conv2d(256, 512, kernel_size=(3, 3), stride=(1, 1), padding=(1, 1))
        (conv2d2): Conv2d(512, 512, kernel_size=(3, 3), stride=(1, 1), padding=(1, 1))
        (bn1): BatchNorm2d(256, eps=0.0001, momentum=0.1, affine=True, track_running_stats=True)
        (bn2): BatchNorm2d(512, eps=0.0001, momentum=0.1, affine=True, track_running_stats=True)
        (average_pooling): AvgPool2d(kernel_size=2, stride=2, padding=0)
      )
    )
  )
  (activation): ReLU(inplace=True)
  (linear1): Linear(in_features=512, out_features=1, bias=True)
)
[INFO] 2021-11-23 15:04:28 > Start training!
[INFO] 2021-11-23 15:34:14 > Step:    100 Progress: 0.1% Elapsed: 0:29:44 Gen_loss: -208.3 Dis_loss: -2.65e+04 Cls_loss: N/A Topk:  N/A ada_p: N/A 
[INFO] 2021-11-23 15:34:14 > Visualize (num_rows x 8) fake image canvans.
[INFO] 2021-11-23 15:34:15 > Save image canvas to ./output/figures/gpm-WGAN-GP-train-2021_11_23_15_04_11/generated_canvas_100.png
[INFO] 2021-11-23 15:34:16 > Save model to ./output/checkpoints/gpm-WGAN-GP-train-2021_11_23_15_04_11
[INFO] 2021-11-23 16:05:01 > Step:    200 Progress: 0.2% Elapsed: 1:00:31 Gen_loss: 113.6 Dis_loss: 240.8 Cls_loss: N/A Topk:  N/A ada_p: N/A 
[INFO] 2021-11-23 16:05:01 > Visualize (num_rows x 8) fake image canvans.
[INFO] 2021-11-23 16:05:02 > Save image canvas to ./output/figures/gpm-WGAN-GP-train-2021_11_23_15_04_11/generated_canvas_200.png
[INFO] 2021-11-23 16:05:03 > Save model to ./output/checkpoints/gpm-WGAN-GP-train-2021_11_23_15_04_11
[INFO] 2021-11-23 16:35:13 > Step:    300 Progress: 0.3% Elapsed: 1:30:43 Gen_loss: -128.2 Dis_loss: 120.0 Cls_loss: N/A Topk:  N/A ada_p: N/A 
[INFO] 2021-11-23 16:35:13 > Visualize (num_rows x 8) fake image canvans.
[INFO] 2021-11-23 16:35:14 > Save image canvas to ./output/figures/gpm-WGAN-GP-train-2021_11_23_15_04_11/generated_canvas_300.png
[INFO] 2021-11-23 16:35:15 > Save model to ./output/checkpoints/gpm-WGAN-GP-train-2021_11_23_15_04_11
[INFO] 2021-11-23 17:04:06 > Step:    400 Progress: 0.4% Elapsed: 1:59:36 Gen_loss: -350.6 Dis_loss: 151.7 Cls_loss: N/A Topk:  N/A ada_p: N/A 
[INFO] 2021-11-23 17:04:06 > Visualize (num_rows x 8) fake image canvans.
[INFO] 2021-11-23 17:04:06 > Save image canvas to ./output/figures/gpm-WGAN-GP-train-2021_11_23_15_04_11/generated_canvas_400.png
[INFO] 2021-11-23 17:04:07 > Save model to ./output/checkpoints/gpm-WGAN-GP-train-2021_11_23_15_04_11
[INFO] 2021-11-23 17:33:20 > Step:    500 Progress: 0.5% Elapsed: 2:28:50 Gen_loss: -2.615e+03 Dis_loss: 725.3 Cls_loss: N/A Topk:  N/A ada_p: N/A 
[INFO] 2021-11-23 17:33:20 > Visualize (num_rows x 8) fake image canvans.
[INFO] 2021-11-23 17:33:21 > Save image canvas to ./output/figures/gpm-WGAN-GP-train-2021_11_23_15_04_11/generated_canvas_500.png
[INFO] 2021-11-23 17:33:22 > Save model to ./output/checkpoints/gpm-WGAN-GP-train-2021_11_23_15_04_11
[INFO] 2021-11-23 18:03:52 > Step:    600 Progress: 0.6% Elapsed: 2:59:22 Gen_loss: -2.873e+03 Dis_loss: 1.289e+03 Cls_loss: N/A Topk:  N/A ada_p: N/A 
[INFO] 2021-11-23 18:03:52 > Visualize (num_rows x 8) fake image canvans.
[INFO] 2021-11-23 18:03:53 > Save image canvas to ./output/figures/gpm-WGAN-GP-train-2021_11_23_15_04_11/generated_canvas_600.png
[INFO] 2021-11-23 18:03:54 > Save model to ./output/checkpoints/gpm-WGAN-GP-train-2021_11_23_15_04_11
[INFO] 2021-11-23 18:34:31 > Step:    700 Progress: 0.7% Elapsed: 3:30:01 Gen_loss: -2.289e+03 Dis_loss: 204.1 Cls_loss: N/A Topk:  N/A ada_p: N/A 
[INFO] 2021-11-23 18:34:31 > Visualize (num_rows x 8) fake image canvans.
[INFO] 2021-11-23 18:34:32 > Save image canvas to ./output/figures/gpm-WGAN-GP-train-2021_11_23_15_04_11/generated_canvas_700.png
[INFO] 2021-11-23 18:34:33 > Save model to ./output/checkpoints/gpm-WGAN-GP-train-2021_11_23_15_04_11
[INFO] 2021-11-23 19:05:04 > Step:    800 Progress: 0.8% Elapsed: 4:00:34 Gen_loss: -2.004e+03 Dis_loss: 51.2 Cls_loss: N/A Topk:  N/A ada_p: N/A 
[INFO] 2021-11-23 19:05:04 > Visualize (num_rows x 8) fake image canvans.
[INFO] 2021-11-23 19:05:05 > Save image canvas to ./output/figures/gpm-WGAN-GP-train-2021_11_23_15_04_11/generated_canvas_800.png
[INFO] 2021-11-23 19:05:06 > Save model to ./output/checkpoints/gpm-WGAN-GP-train-2021_11_23_15_04_11
[INFO] 2021-11-23 19:35:39 > Step:    900 Progress: 0.9% Elapsed: 4:31:09 Gen_loss: -2.259e+03 Dis_loss: 169.1 Cls_loss: N/A Topk:  N/A ada_p: N/A 
[INFO] 2021-11-23 19:35:39 > Visualize (num_rows x 8) fake image canvans.
[INFO] 2021-11-23 19:35:40 > Save image canvas to ./output/figures/gpm-WGAN-GP-train-2021_11_23_15_04_11/generated_canvas_900.png
[INFO] 2021-11-23 19:35:41 > Save model to ./output/checkpoints/gpm-WGAN-GP-train-2021_11_23_15_04_11
[INFO] 2021-11-23 20:06:10 > Step:   1000 Progress: 1.0% Elapsed: 5:01:40 Gen_loss: -1.401e+03 Dis_loss: 305.2 Cls_loss: N/A Topk:  N/A ada_p: N/A 
[INFO] 2021-11-23 20:06:10 > Visualize (num_rows x 8) fake image canvans.
[INFO] 2021-11-23 20:06:11 > Save image canvas to ./output/figures/gpm-WGAN-GP-train-2021_11_23_15_04_11/generated_canvas_1000.png
[INFO] 2021-11-23 20:06:12 > Save model to ./output/checkpoints/gpm-WGAN-GP-train-2021_11_23_15_04_11
[INFO] 2021-11-23 20:36:30 > Step:   1100 Progress: 1.1% Elapsed: 5:32:00 Gen_loss: -2.213e+03 Dis_loss: 824.8 Cls_loss: N/A Topk:  N/A ada_p: N/A 
[INFO] 2021-11-23 20:36:30 > Visualize (num_rows x 8) fake image canvans.
[INFO] 2021-11-23 20:36:31 > Save image canvas to ./output/figures/gpm-WGAN-GP-train-2021_11_23_15_04_11/generated_canvas_1100.png
[INFO] 2021-11-23 20:36:32 > Save model to ./output/checkpoints/gpm-WGAN-GP-train-2021_11_23_15_04_11
[INFO] 2021-11-23 21:06:51 > Step:   1200 Progress: 1.2% Elapsed: 6:02:21 Gen_loss: -851.7 Dis_loss: 86.3 Cls_loss: N/A Topk:  N/A ada_p: N/A 
[INFO] 2021-11-23 21:06:51 > Visualize (num_rows x 8) fake image canvans.
[INFO] 2021-11-23 21:06:52 > Save image canvas to ./output/figures/gpm-WGAN-GP-train-2021_11_23_15_04_11/generated_canvas_1200.png
[INFO] 2021-11-23 21:06:53 > Save model to ./output/checkpoints/gpm-WGAN-GP-train-2021_11_23_15_04_11
[INFO] 2021-11-23 21:37:04 > Step:   1300 Progress: 1.3% Elapsed: 6:32:34 Gen_loss: -249.8 Dis_loss: 86.41 Cls_loss: N/A Topk:  N/A ada_p: N/A 
[INFO] 2021-11-23 21:37:04 > Visualize (num_rows x 8) fake image canvans.
[INFO] 2021-11-23 21:37:05 > Save image canvas to ./output/figures/gpm-WGAN-GP-train-2021_11_23_15_04_11/generated_canvas_1300.png
[INFO] 2021-11-23 21:37:06 > Save model to ./output/checkpoints/gpm-WGAN-GP-train-2021_11_23_15_04_11
[INFO] 2021-11-23 22:07:23 > Step:   1400 Progress: 1.4% Elapsed: 7:02:53 Gen_loss: 2.5e+03 Dis_loss: -2.28e+04 Cls_loss: N/A Topk:  N/A ada_p: N/A 
[INFO] 2021-11-23 22:07:23 > Visualize (num_rows x 8) fake image canvans.
[INFO] 2021-11-23 22:07:24 > Save image canvas to ./output/figures/gpm-WGAN-GP-train-2021_11_23_15_04_11/generated_canvas_1400.png
[INFO] 2021-11-23 22:07:24 > Save model to ./output/checkpoints/gpm-WGAN-GP-train-2021_11_23_15_04_11
[INFO] 2021-11-23 22:37:43 > Step:   1500 Progress: 1.5% Elapsed: 7:33:13 Gen_loss: 444.8 Dis_loss: 1.276e+03 Cls_loss: N/A Topk:  N/A ada_p: N/A 
[INFO] 2021-11-23 22:37:43 > Visualize (num_rows x 8) fake image canvans.
[INFO] 2021-11-23 22:37:43 > Save image canvas to ./output/figures/gpm-WGAN-GP-train-2021_11_23_15_04_11/generated_canvas_1500.png
[INFO] 2021-11-23 22:37:44 > Save model to ./output/checkpoints/gpm-WGAN-GP-train-2021_11_23_15_04_11
[INFO] 2021-11-23 23:06:38 > Step:   1600 Progress: 1.6% Elapsed: 8:02:08 Gen_loss: -1.418e+03 Dis_loss: 1.713e+03 Cls_loss: N/A Topk:  N/A ada_p: N/A 
[INFO] 2021-11-23 23:06:38 > Visualize (num_rows x 8) fake image canvans.
[INFO] 2021-11-23 23:06:39 > Save image canvas to ./output/figures/gpm-WGAN-GP-train-2021_11_23_15_04_11/generated_canvas_1600.png
[INFO] 2021-11-23 23:06:40 > Save model to ./output/checkpoints/gpm-WGAN-GP-train-2021_11_23_15_04_11
[INFO] 2021-11-23 23:35:22 > Step:   1700 Progress: 1.7% Elapsed: 8:30:52 Gen_loss: -809.9 Dis_loss: 494.2 Cls_loss: N/A Topk:  N/A ada_p: N/A 
[INFO] 2021-11-23 23:35:22 > Visualize (num_rows x 8) fake image canvans.
[INFO] 2021-11-23 23:35:23 > Save image canvas to ./output/figures/gpm-WGAN-GP-train-2021_11_23_15_04_11/generated_canvas_1700.png
[INFO] 2021-11-23 23:35:24 > Save model to ./output/checkpoints/gpm-WGAN-GP-train-2021_11_23_15_04_11
[INFO] 2021-11-24 00:04:04 > Step:   1800 Progress: 1.8% Elapsed: 8:59:34 Gen_loss: -804.3 Dis_loss: 341.4 Cls_loss: N/A Topk:  N/A ada_p: N/A 
[INFO] 2021-11-24 00:04:04 > Visualize (num_rows x 8) fake image canvans.
[INFO] 2021-11-24 00:04:05 > Save image canvas to ./output/figures/gpm-WGAN-GP-train-2021_11_23_15_04_11/generated_canvas_1800.png
[INFO] 2021-11-24 00:04:06 > Save model to ./output/checkpoints/gpm-WGAN-GP-train-2021_11_23_15_04_11
[INFO] 2021-11-24 00:32:46 > Step:   1900 Progress: 1.9% Elapsed: 9:28:16 Gen_loss: -369.4 Dis_loss: 314.2 Cls_loss: N/A Topk:  N/A ada_p: N/A 
[INFO] 2021-11-24 00:32:46 > Visualize (num_rows x 8) fake image canvans.
[INFO] 2021-11-24 00:32:47 > Save image canvas to ./output/figures/gpm-WGAN-GP-train-2021_11_23_15_04_11/generated_canvas_1900.png
[INFO] 2021-11-24 00:32:48 > Save model to ./output/checkpoints/gpm-WGAN-GP-train-2021_11_23_15_04_11
[INFO] 2021-11-24 01:01:28 > Step:   2000 Progress: 2.0% Elapsed: 9:56:58 Gen_loss: -1.244e+03 Dis_loss: 56.39 Cls_loss: N/A Topk:  N/A ada_p: N/A 
[INFO] 2021-11-24 01:01:28 > Visualize (num_rows x 8) fake image canvans.
[INFO] 2021-11-24 01:01:29 > Save image canvas to ./output/figures/gpm-WGAN-GP-train-2021_11_23_15_04_11/generated_canvas_2000.png
[INFO] 2021-11-24 01:01:30 > Save model to ./output/checkpoints/gpm-WGAN-GP-train-2021_11_23_15_04_11
[INFO] 2021-11-24 01:30:12 > Step:   2100 Progress: 2.1% Elapsed: 10:25:42 Gen_loss: -867.3 Dis_loss: 207.7 Cls_loss: N/A Topk:  N/A ada_p: N/A 
[INFO] 2021-11-24 01:30:12 > Visualize (num_rows x 8) fake image canvans.
[INFO] 2021-11-24 01:30:13 > Save image canvas to ./output/figures/gpm-WGAN-GP-train-2021_11_23_15_04_11/generated_canvas_2100.png
[INFO] 2021-11-24 01:30:13 > Save model to ./output/checkpoints/gpm-WGAN-GP-train-2021_11_23_15_04_11
[INFO] 2021-11-24 01:58:56 > Step:   2200 Progress: 2.2% Elapsed: 10:54:26 Gen_loss: -1.037e+03 Dis_loss: -96.99 Cls_loss: N/A Topk:  N/A ada_p: N/A 
[INFO] 2021-11-24 01:58:56 > Visualize (num_rows x 8) fake image canvans.
[INFO] 2021-11-24 01:58:57 > Save image canvas to ./output/figures/gpm-WGAN-GP-train-2021_11_23_15_04_11/generated_canvas_2200.png
[INFO] 2021-11-24 01:58:58 > Save model to ./output/checkpoints/gpm-WGAN-GP-train-2021_11_23_15_04_11
[INFO] 2021-11-24 02:27:40 > Step:   2300 Progress: 2.3% Elapsed: 11:23:10 Gen_loss: -1.546e+03 Dis_loss: -46.1 Cls_loss: N/A Topk:  N/A ada_p: N/A 
[INFO] 2021-11-24 02:27:40 > Visualize (num_rows x 8) fake image canvans.
[INFO] 2021-11-24 02:27:41 > Save image canvas to ./output/figures/gpm-WGAN-GP-train-2021_11_23_15_04_11/generated_canvas_2300.png
[INFO] 2021-11-24 02:27:42 > Save model to ./output/checkpoints/gpm-WGAN-GP-train-2021_11_23_15_04_11
[INFO] 2021-11-24 02:56:27 > Step:   2400 Progress: 2.4% Elapsed: 11:51:57 Gen_loss: -822.6 Dis_loss: 33.1 Cls_loss: N/A Topk:  N/A ada_p: N/A 
[INFO] 2021-11-24 02:56:27 > Visualize (num_rows x 8) fake image canvans.
[INFO] 2021-11-24 02:56:27 > Save image canvas to ./output/figures/gpm-WGAN-GP-train-2021_11_23_15_04_11/generated_canvas_2400.png
[INFO] 2021-11-24 02:56:28 > Save model to ./output/checkpoints/gpm-WGAN-GP-train-2021_11_23_15_04_11
[INFO] 2021-11-24 03:25:11 > Step:   2500 Progress: 2.5% Elapsed: 12:20:41 Gen_loss: -635.6 Dis_loss: 218.2 Cls_loss: N/A Topk:  N/A ada_p: N/A 
[INFO] 2021-11-24 03:25:11 > Visualize (num_rows x 8) fake image canvans.
[INFO] 2021-11-24 03:25:12 > Save image canvas to ./output/figures/gpm-WGAN-GP-train-2021_11_23_15_04_11/generated_canvas_2500.png
[INFO] 2021-11-24 03:25:13 > Save model to ./output/checkpoints/gpm-WGAN-GP-train-2021_11_23_15_04_11
[INFO] 2021-11-24 03:53:56 > Step:   2600 Progress: 2.6% Elapsed: 12:49:26 Gen_loss: 2.848e+03 Dis_loss: 407.6 Cls_loss: N/A Topk:  N/A ada_p: N/A 
[INFO] 2021-11-24 03:53:56 > Visualize (num_rows x 8) fake image canvans.
[INFO] 2021-11-24 03:53:57 > Save image canvas to ./output/figures/gpm-WGAN-GP-train-2021_11_23_15_04_11/generated_canvas_2600.png
[INFO] 2021-11-24 03:53:57 > Save model to ./output/checkpoints/gpm-WGAN-GP-train-2021_11_23_15_04_11
[INFO] 2021-11-24 04:22:40 > Step:   2700 Progress: 2.7% Elapsed: 13:18:10 Gen_loss: 3.678e+03 Dis_loss: 93.0 Cls_loss: N/A Topk:  N/A ada_p: N/A 
[INFO] 2021-11-24 04:22:40 > Visualize (num_rows x 8) fake image canvans.
[INFO] 2021-11-24 04:22:41 > Save image canvas to ./output/figures/gpm-WGAN-GP-train-2021_11_23_15_04_11/generated_canvas_2700.png
[INFO] 2021-11-24 04:22:42 > Save model to ./output/checkpoints/gpm-WGAN-GP-train-2021_11_23_15_04_11
[INFO] 2021-11-24 04:51:24 > Step:   2800 Progress: 2.8% Elapsed: 13:46:54 Gen_loss: 3.713e+03 Dis_loss: 90.8 Cls_loss: N/A Topk:  N/A ada_p: N/A 
[INFO] 2021-11-24 04:51:24 > Visualize (num_rows x 8) fake image canvans.
[INFO] 2021-11-24 04:51:25 > Save image canvas to ./output/figures/gpm-WGAN-GP-train-2021_11_23_15_04_11/generated_canvas_2800.png
[INFO] 2021-11-24 04:51:26 > Save model to ./output/checkpoints/gpm-WGAN-GP-train-2021_11_23_15_04_11
[INFO] 2021-11-24 05:20:07 > Step:   2900 Progress: 2.9% Elapsed: 14:15:37 Gen_loss: 3.058e+03 Dis_loss: 56.27 Cls_loss: N/A Topk:  N/A ada_p: N/A 
[INFO] 2021-11-24 05:20:07 > Visualize (num_rows x 8) fake image canvans.
[INFO] 2021-11-24 05:20:08 > Save image canvas to ./output/figures/gpm-WGAN-GP-train-2021_11_23_15_04_11/generated_canvas_2900.png
[INFO] 2021-11-24 05:20:09 > Save model to ./output/checkpoints/gpm-WGAN-GP-train-2021_11_23_15_04_11
[INFO] 2021-11-24 05:48:52 > Step:   3000 Progress: 3.0% Elapsed: 14:44:22 Gen_loss: 2.135e+03 Dis_loss: -3.745 Cls_loss: N/A Topk:  N/A ada_p: N/A 
[INFO] 2021-11-24 05:48:52 > Visualize (num_rows x 8) fake image canvans.
[INFO] 2021-11-24 05:48:53 > Save image canvas to ./output/figures/gpm-WGAN-GP-train-2021_11_23_15_04_11/generated_canvas_3000.png
[INFO] 2021-11-24 05:48:54 > Save model to ./output/checkpoints/gpm-WGAN-GP-train-2021_11_23_15_04_11
[INFO] 2021-11-24 06:17:36 > Step:   3100 Progress: 3.1% Elapsed: 15:13:06 Gen_loss: 1.724e+03 Dis_loss: -13.09 Cls_loss: N/A Topk:  N/A ada_p: N/A 
[INFO] 2021-11-24 06:17:36 > Visualize (num_rows x 8) fake image canvans.
[INFO] 2021-11-24 06:17:37 > Save image canvas to ./output/figures/gpm-WGAN-GP-train-2021_11_23_15_04_11/generated_canvas_3100.png
[INFO] 2021-11-24 06:17:38 > Save model to ./output/checkpoints/gpm-WGAN-GP-train-2021_11_23_15_04_11
[INFO] 2021-11-24 06:46:21 > Step:   3200 Progress: 3.2% Elapsed: 15:41:51 Gen_loss: 1.694e+03 Dis_loss: -5.524 Cls_loss: N/A Topk:  N/A ada_p: N/A 
[INFO] 2021-11-24 06:46:21 > Visualize (num_rows x 8) fake image canvans.
[INFO] 2021-11-24 06:46:22 > Save image canvas to ./output/figures/gpm-WGAN-GP-train-2021_11_23_15_04_11/generated_canvas_3200.png
[INFO] 2021-11-24 06:46:23 > Save model to ./output/checkpoints/gpm-WGAN-GP-train-2021_11_23_15_04_11
[INFO] 2021-11-24 07:15:06 > Step:   3300 Progress: 3.3% Elapsed: 16:10:36 Gen_loss: -748.0 Dis_loss: 139.5 Cls_loss: N/A Topk:  N/A ada_p: N/A 
[INFO] 2021-11-24 07:15:06 > Visualize (num_rows x 8) fake image canvans.
[INFO] 2021-11-24 07:15:07 > Save image canvas to ./output/figures/gpm-WGAN-GP-train-2021_11_23_15_04_11/generated_canvas_3300.png
[INFO] 2021-11-24 07:15:08 > Save model to ./output/checkpoints/gpm-WGAN-GP-train-2021_11_23_15_04_11
[INFO] 2021-11-24 07:43:52 > Step:   3400 Progress: 3.4% Elapsed: 16:39:22 Gen_loss: -121.6 Dis_loss: 27.23 Cls_loss: N/A Topk:  N/A ada_p: N/A 
[INFO] 2021-11-24 07:43:52 > Visualize (num_rows x 8) fake image canvans.
[INFO] 2021-11-24 07:43:53 > Save image canvas to ./output/figures/gpm-WGAN-GP-train-2021_11_23_15_04_11/generated_canvas_3400.png
[INFO] 2021-11-24 07:43:54 > Save model to ./output/checkpoints/gpm-WGAN-GP-train-2021_11_23_15_04_11
[INFO] 2021-11-24 08:12:38 > Step:   3500 Progress: 3.5% Elapsed: 17:08:08 Gen_loss: -124.8 Dis_loss: 6.776 Cls_loss: N/A Topk:  N/A ada_p: N/A 
[INFO] 2021-11-24 08:12:38 > Visualize (num_rows x 8) fake image canvans.
[INFO] 2021-11-24 08:12:39 > Save image canvas to ./output/figures/gpm-WGAN-GP-train-2021_11_23_15_04_11/generated_canvas_3500.png
[INFO] 2021-11-24 08:12:40 > Save model to ./output/checkpoints/gpm-WGAN-GP-train-2021_11_23_15_04_11
