[INFO] 2021-11-29 15:10:16 > Run name : gpm-ReACGAN-DiffAug-train-2021_11_29_15_10_16
[INFO] 2021-11-29 15:10:16 > cfgs.DATA =
[INFO] 2021-11-29 15:10:16 > {
  "name": "gpm",
  "img_size": 32,
  "num_classes": 1,
  "img_channels": 1
}
[INFO] 2021-11-29 15:10:16 > cfgs.MODEL =
[INFO] 2021-11-29 15:10:16 > {
  "backbone": "big_resnet",
  "g_cond_mtd": "cBN",
  "d_cond_mtd": "D2DCE",
  "aux_cls_type": "W/O",
  "normalize_d_embed": true,
  "d_embed_dim": 512,
  "apply_g_sn": true,
  "apply_d_sn": true,
  "g_act_fn": "ReLU",
  "d_act_fn": "ReLU",
  "apply_attn": true,
  "attn_g_loc": [
    2
  ],
  "attn_d_loc": [
    1
  ],
  "z_prior": "gaussian",
  "z_dim": 80,
  "w_dim": "N/A",
  "g_shared_dim": 128,
  "g_conv_dim": 96,
  "d_conv_dim": 96,
  "g_depth": "N/A",
  "d_depth": "N/A",
  "apply_g_ema": true,
  "g_ema_decay": 0.9999,
  "g_ema_start": 1000,
  "g_init": "ortho",
  "d_init": "ortho"
}
[INFO] 2021-11-29 15:10:16 > cfgs.LOSS =
[INFO] 2021-11-29 15:10:16 > {
  "adv_loss": "hinge",
  "cond_lambda": 0.5,
  "tac_gen_lambda": "N/A",
  "tac_dis_lambda": "N/A",
  "mh_lambda": "N/A",
  "apply_fm": false,
  "fm_lambda": "N/A",
  "apply_r1_reg": false,
  "r1_lambda": "N/A",
  "m_p": 0.98,
  "temperature": 0.5,
  "apply_wc": false,
  "wc_bound": "N/A",
  "apply_gp": false,
  "gp_lambda": "N/A",
  "apply_dra": false,
  "dra_labmda": "N/A",
  "apply_maxgp": false,
  "maxgp_lambda": "N/A",
  "apply_cr": false,
  "cr_lambda": "N/A",
  "apply_bcr": false,
  "real_lambda": "N/A",
  "fake_lambda": "N/A",
  "apply_zcr": false,
  "radius": "N/A",
  "g_lambda": "N/A",
  "d_lambda": "N/A",
  "apply_lo": false,
  "lo_alpha": "N/A",
  "lo_beta": "N/A",
  "lo_rate": "N/A",
  "lo_lambda": "N/A",
  "lo_steps4train": "N/A",
  "lo_steps4eval": "N/A",
  "apply_topk": false,
  "topk_gamma": "N/A",
  "topk_nu": "N/A"
}
[INFO] 2021-11-29 15:10:16 > cfgs.OPTIMIZATION =
[INFO] 2021-11-29 15:10:16 > {
  "type_": "Adam",
  "batch_size": 128,
  "acml_steps": 1,
  "g_lr": 0.00028284271,
  "d_lr": 0.00028284271,
  "g_weight_decay": 0.0,
  "d_weight_decay": 0.0,
  "momentum": "N/A",
  "nesterov": "N/A",
  "alpha": "N/A",
  "beta1": 0.5,
  "beta2": 0.999,
  "g_updates_per_step": 1,
  "d_updates_per_step": 5,
  "total_steps": 200000,
  "world_size": 1
}
[INFO] 2021-11-29 15:10:16 > cfgs.PRE =
[INFO] 2021-11-29 15:10:16 > {
  "apply_rflip": true,
  "crop_long_edge": false,
  "resize_size": null
}
[INFO] 2021-11-29 15:10:16 > cfgs.AUG =
[INFO] 2021-11-29 15:10:16 > {
  "apply_diffaug": true,
  "apply_ada": false,
  "cr_aug_type": "W/O",
  "bcr_aug_type": "W/O",
  "diffaug_type": "diffaug",
  "ada_aug_type": "W/O",
  "ada_initial_augment_p": "N/A",
  "ada_target": "N/A",
  "ada_kimg": "N/A",
  "ada_interval": "N/A"
}
[INFO] 2021-11-29 15:10:16 > cfgs.RUN =
[INFO] 2021-11-29 15:10:16 > {
  "entity": null,
  "project": null,
  "cfg_file": "src/configs/GPM/ReACGAN-DiffAug.yaml",
  "data_dir": "./data/gpm_35_32px/",
  "save_dir": "./output/",
  "ckpt_dir": null,
  "load_best": false,
  "seed": 3657,
  "distributed_data_parallel": false,
  "backend": "nccl",
  "total_nodes": 1,
  "current_node": 0,
  "num_workers": 0,
  "synchronized_bn": false,
  "mixed_precision": false,
  "truncation_factor": -1.0,
  "truncation_cutoff": null,
  "batch_statistics": false,
  "standing_statistics": false,
  "standing_max_batch": -1,
  "standing_step": -1,
  "freezeD": -1,
  "langevin_sampling": false,
  "langevin_rate": -1,
  "langevin_noise_std": -1,
  "langevin_decay": -1,
  "langevin_decay_steps": -1,
  "langevin_steps": -1,
  "train": true,
  "load_train_hdf5": true,
  "load_data_in_memory": true,
  "eval": false,
  "save_fake_images": true,
  "vis_fake_images": false,
  "k_nearest_neighbor": false,
  "interpolation": false,
  "frequency_analysis": false,
  "tsne_analysis": false,
  "intra_class_fid": false,
  "GAN_train": false,
  "GAN_test": false,
  "resume_classifier_train": false,
  "semantic_factorization": false,
  "num_semantic_axis": -1,
  "maximum_variations": -1,
  "print_every": 100,
  "save_every": 100,
  "eval_backbone": "Inception_V3",
  "ref_dataset": "train"
}
[INFO] 2021-11-29 15:10:16 > cfgs.STYLEGAN2 =
[INFO] 2021-11-29 15:10:16 > {
  "cond_type": [
    "PD",
    "SPD",
    "2C",
    "D2DCE"
  ],
  "g_reg_interval": "N/A",
  "d_reg_interval": "N/A",
  "mapping_network": "N/A",
  "style_mixing_p": "N/A",
  "g_ema_kimg": "N/A",
  "g_ema_rampup": "N/A",
  "apply_pl_reg": false,
  "pl_weight": "N/A",
  "d_architecture": "N/A",
  "d_epilogue_mbstd_group_size": "N/A"
}
[INFO] 2021-11-29 15:10:16 > Load gpm train dataset.
[INFO] 2021-11-29 15:10:16 > Train dataset size: 1849
[INFO] 2021-11-29 15:10:16 > Build a Generative Adversarial Network.
[INFO] 2021-11-29 15:10:16 > Modules are located on './src/models.big_resnet'.
[INFO] 2021-11-29 15:10:29 > Prepare exponential moving average generator with decay rate of 0.9999.
[INFO] 2021-11-29 15:10:29 > Number of parameters: 9408130
[INFO] 2021-11-29 15:10:29 > Generator(
  (linear0): Linear(in_features=20, out_features=6144, bias=True)
  (shared): Embedding(1, 128)
  (blocks): ModuleList(
    (0): ModuleList(
      (0): GenBlock(
        (bn1): BigGANConditionalBatchNorm2d(
          (bn): BatchNorm2d(384, eps=0.0001, momentum=0.1, affine=False, track_running_stats=True)
          (gain): Linear(in_features=148, out_features=384, bias=False)
          (bias): Linear(in_features=148, out_features=384, bias=False)
        )
        (bn2): BigGANConditionalBatchNorm2d(
          (bn): BatchNorm2d(384, eps=0.0001, momentum=0.1, affine=False, track_running_stats=True)
          (gain): Linear(in_features=148, out_features=384, bias=False)
          (bias): Linear(in_features=148, out_features=384, bias=False)
        )
        (activation): ReLU(inplace=True)
        (conv2d0): Conv2d(384, 384, kernel_size=(1, 1), stride=(1, 1))
        (conv2d1): Conv2d(384, 384, kernel_size=(3, 3), stride=(1, 1), padding=(1, 1))
        (conv2d2): Conv2d(384, 384, kernel_size=(3, 3), stride=(1, 1), padding=(1, 1))
      )
    )
    (1): ModuleList(
      (0): GenBlock(
        (bn1): BigGANConditionalBatchNorm2d(
          (bn): BatchNorm2d(384, eps=0.0001, momentum=0.1, affine=False, track_running_stats=True)
          (gain): Linear(in_features=148, out_features=384, bias=False)
          (bias): Linear(in_features=148, out_features=384, bias=False)
        )
        (bn2): BigGANConditionalBatchNorm2d(
          (bn): BatchNorm2d(384, eps=0.0001, momentum=0.1, affine=False, track_running_stats=True)
          (gain): Linear(in_features=148, out_features=384, bias=False)
          (bias): Linear(in_features=148, out_features=384, bias=False)
        )
        (activation): ReLU(inplace=True)
        (conv2d0): Conv2d(384, 384, kernel_size=(1, 1), stride=(1, 1))
        (conv2d1): Conv2d(384, 384, kernel_size=(3, 3), stride=(1, 1), padding=(1, 1))
        (conv2d2): Conv2d(384, 384, kernel_size=(3, 3), stride=(1, 1), padding=(1, 1))
      )
    )
    (2): ModuleList(
      (0): SelfAttention(
        (conv1x1_theta): Conv2d(384, 48, kernel_size=(1, 1), stride=(1, 1), bias=False)
        (conv1x1_phi): Conv2d(384, 48, kernel_size=(1, 1), stride=(1, 1), bias=False)
        (conv1x1_g): Conv2d(384, 192, kernel_size=(1, 1), stride=(1, 1), bias=False)
        (conv1x1_attn): Conv2d(192, 384, kernel_size=(1, 1), stride=(1, 1), bias=False)
        (maxpool): MaxPool2d(kernel_size=2, stride=2, padding=0, dilation=1, ceil_mode=False)
        (softmax): Softmax(dim=-1)
      )
    )
    (3): ModuleList(
      (0): GenBlock(
        (bn1): BigGANConditionalBatchNorm2d(
          (bn): BatchNorm2d(384, eps=0.0001, momentum=0.1, affine=False, track_running_stats=True)
          (gain): Linear(in_features=148, out_features=384, bias=False)
          (bias): Linear(in_features=148, out_features=384, bias=False)
        )
        (bn2): BigGANConditionalBatchNorm2d(
          (bn): BatchNorm2d(384, eps=0.0001, momentum=0.1, affine=False, track_running_stats=True)
          (gain): Linear(in_features=148, out_features=384, bias=False)
          (bias): Linear(in_features=148, out_features=384, bias=False)
        )
        (activation): ReLU(inplace=True)
        (conv2d0): Conv2d(384, 384, kernel_size=(1, 1), stride=(1, 1))
        (conv2d1): Conv2d(384, 384, kernel_size=(3, 3), stride=(1, 1), padding=(1, 1))
        (conv2d2): Conv2d(384, 384, kernel_size=(3, 3), stride=(1, 1), padding=(1, 1))
      )
    )
  )
  (bn4): BatchNorm2d(384, eps=0.0001, momentum=0.1, affine=True, track_running_stats=True)
  (activation): ReLU(inplace=True)
  (conv2d5): Conv2d(384, 1, kernel_size=(3, 3), stride=(1, 1), padding=(1, 1))
  (tanh): Tanh()
)
[INFO] 2021-11-29 15:10:29 > Number of parameters: 2508738
[INFO] 2021-11-29 15:10:29 > Discriminator(
  (blocks): ModuleList(
    (0): ModuleList(
      (0): DiscOptBlock(
        (conv2d0): Conv2d(1, 192, kernel_size=(1, 1), stride=(1, 1))
        (conv2d1): Conv2d(1, 192, kernel_size=(3, 3), stride=(1, 1), padding=(1, 1))
        (conv2d2): Conv2d(192, 192, kernel_size=(3, 3), stride=(1, 1), padding=(1, 1))
        (activation): ReLU(inplace=True)
        (average_pooling): AvgPool2d(kernel_size=2, stride=2, padding=0)
      )
    )
    (1): ModuleList(
      (0): SelfAttention(
        (conv1x1_theta): Conv2d(192, 24, kernel_size=(1, 1), stride=(1, 1), bias=False)
        (conv1x1_phi): Conv2d(192, 24, kernel_size=(1, 1), stride=(1, 1), bias=False)
        (conv1x1_g): Conv2d(192, 96, kernel_size=(1, 1), stride=(1, 1), bias=False)
        (conv1x1_attn): Conv2d(96, 192, kernel_size=(1, 1), stride=(1, 1), bias=False)
        (maxpool): MaxPool2d(kernel_size=2, stride=2, padding=0, dilation=1, ceil_mode=False)
        (softmax): Softmax(dim=-1)
      )
    )
    (2): ModuleList(
      (0): DiscBlock(
        (activation): ReLU(inplace=True)
        (conv2d0): Conv2d(192, 192, kernel_size=(1, 1), stride=(1, 1))
        (conv2d1): Conv2d(192, 192, kernel_size=(3, 3), stride=(1, 1), padding=(1, 1))
        (conv2d2): Conv2d(192, 192, kernel_size=(3, 3), stride=(1, 1), padding=(1, 1))
        (average_pooling): AvgPool2d(kernel_size=2, stride=2, padding=0)
      )
    )
    (3): ModuleList(
      (0): DiscBlock(
        (activation): ReLU(inplace=True)
        (conv2d1): Conv2d(192, 192, kernel_size=(3, 3), stride=(1, 1), padding=(1, 1))
        (conv2d2): Conv2d(192, 192, kernel_size=(3, 3), stride=(1, 1), padding=(1, 1))
        (average_pooling): AvgPool2d(kernel_size=2, stride=2, padding=0)
      )
    )
    (4): ModuleList(
      (0): DiscBlock(
        (activation): ReLU(inplace=True)
        (conv2d1): Conv2d(192, 192, kernel_size=(3, 3), stride=(1, 1), padding=(1, 1))
        (conv2d2): Conv2d(192, 192, kernel_size=(3, 3), stride=(1, 1), padding=(1, 1))
        (average_pooling): AvgPool2d(kernel_size=2, stride=2, padding=0)
      )
    )
  )
  (activation): ReLU(inplace=True)
  (linear1): Linear(in_features=192, out_features=1, bias=True)
  (linear2): Linear(in_features=192, out_features=512, bias=True)
  (embedding): Embedding(1, 512)
)
[INFO] 2021-11-29 15:10:40 > Start training!
[INFO] 2021-11-29 15:14:04 > Step:    100 Progress: 0.1% Elapsed: 0:03:23 Gen_loss: 0.5478 Dis_loss: 1.726 Cls_loss: -2.515e-08 Topk:  N/A ada_p: N/A 
[INFO] 2021-11-29 15:14:04 > Visualize (num_rows x 8) fake image canvans.
[INFO] 2021-11-29 15:14:05 > Save image canvas to ./output/figures/gpm-ReACGAN-DiffAug-train-2021_11_29_15_10_16/generated_canvas_100.png
[INFO] 2021-11-29 15:14:05 > Save model to ./output/checkpoints/gpm-ReACGAN-DiffAug-train-2021_11_29_15_10_16
[INFO] 2021-11-29 15:17:31 > Step:    200 Progress: 0.1% Elapsed: 0:06:50 Gen_loss: 0.666 Dis_loss: 1.345 Cls_loss: -1.956e-08 Topk:  N/A ada_p: N/A 
[INFO] 2021-11-29 15:17:31 > Visualize (num_rows x 8) fake image canvans.
[INFO] 2021-11-29 15:17:31 > Save image canvas to ./output/figures/gpm-ReACGAN-DiffAug-train-2021_11_29_15_10_16/generated_canvas_200.png
[INFO] 2021-11-29 15:17:31 > Save model to ./output/checkpoints/gpm-ReACGAN-DiffAug-train-2021_11_29_15_10_16
[INFO] 2021-11-29 15:21:00 > Step:    300 Progress: 0.1% Elapsed: 0:10:19 Gen_loss: -0.1384 Dis_loss: 1.389 Cls_loss: -2.421e-08 Topk:  N/A ada_p: N/A 
[INFO] 2021-11-29 15:21:00 > Visualize (num_rows x 8) fake image canvans.
[INFO] 2021-11-29 15:21:00 > Save image canvas to ./output/figures/gpm-ReACGAN-DiffAug-train-2021_11_29_15_10_16/generated_canvas_300.png
[INFO] 2021-11-29 15:21:00 > Save model to ./output/checkpoints/gpm-ReACGAN-DiffAug-train-2021_11_29_15_10_16
[INFO] 2021-11-29 15:24:29 > Step:    400 Progress: 0.2% Elapsed: 0:13:48 Gen_loss: 0.5484 Dis_loss: 1.123 Cls_loss: -2.794e-08 Topk:  N/A ada_p: N/A 
[INFO] 2021-11-29 15:24:29 > Visualize (num_rows x 8) fake image canvans.
[INFO] 2021-11-29 15:24:29 > Save image canvas to ./output/figures/gpm-ReACGAN-DiffAug-train-2021_11_29_15_10_16/generated_canvas_400.png
[INFO] 2021-11-29 15:24:30 > Save model to ./output/checkpoints/gpm-ReACGAN-DiffAug-train-2021_11_29_15_10_16
[INFO] 2021-11-29 15:27:58 > Step:    500 Progress: 0.2% Elapsed: 0:17:17 Gen_loss: 1.726 Dis_loss: 1.297 Cls_loss: -2.608e-08 Topk:  N/A ada_p: N/A 
[INFO] 2021-11-29 15:27:58 > Visualize (num_rows x 8) fake image canvans.
[INFO] 2021-11-29 15:27:58 > Save image canvas to ./output/figures/gpm-ReACGAN-DiffAug-train-2021_11_29_15_10_16/generated_canvas_500.png
[INFO] 2021-11-29 15:27:59 > Save model to ./output/checkpoints/gpm-ReACGAN-DiffAug-train-2021_11_29_15_10_16
[INFO] 2021-11-29 15:31:27 > Step:    600 Progress: 0.3% Elapsed: 0:20:46 Gen_loss: 0.7724 Dis_loss: 0.6611 Cls_loss: -1.77e-08 Topk:  N/A ada_p: N/A 
[INFO] 2021-11-29 15:31:27 > Visualize (num_rows x 8) fake image canvans.
[INFO] 2021-11-29 15:31:27 > Save image canvas to ./output/figures/gpm-ReACGAN-DiffAug-train-2021_11_29_15_10_16/generated_canvas_600.png
[INFO] 2021-11-29 15:31:28 > Save model to ./output/checkpoints/gpm-ReACGAN-DiffAug-train-2021_11_29_15_10_16
[INFO] 2021-11-29 15:34:56 > Step:    700 Progress: 0.4% Elapsed: 0:24:15 Gen_loss: 0.9599 Dis_loss: 0.5885 Cls_loss: -2.515e-08 Topk:  N/A ada_p: N/A 
[INFO] 2021-11-29 15:34:56 > Visualize (num_rows x 8) fake image canvans.
[INFO] 2021-11-29 15:34:57 > Save image canvas to ./output/figures/gpm-ReACGAN-DiffAug-train-2021_11_29_15_10_16/generated_canvas_700.png
[INFO] 2021-11-29 15:34:57 > Save model to ./output/checkpoints/gpm-ReACGAN-DiffAug-train-2021_11_29_15_10_16
[INFO] 2021-11-29 15:38:25 > Step:    800 Progress: 0.4% Elapsed: 0:27:44 Gen_loss: 1.258 Dis_loss: 0.6195 Cls_loss: -2.142e-08 Topk:  N/A ada_p: N/A 
[INFO] 2021-11-29 15:38:25 > Visualize (num_rows x 8) fake image canvans.
[INFO] 2021-11-29 15:38:26 > Save image canvas to ./output/figures/gpm-ReACGAN-DiffAug-train-2021_11_29_15_10_16/generated_canvas_800.png
[INFO] 2021-11-29 15:38:26 > Save model to ./output/checkpoints/gpm-ReACGAN-DiffAug-train-2021_11_29_15_10_16
[INFO] 2021-11-29 15:41:55 > Step:    900 Progress: 0.4% Elapsed: 0:31:14 Gen_loss: 0.8507 Dis_loss: 0.9932 Cls_loss: -1.397e-08 Topk:  N/A ada_p: N/A 
[INFO] 2021-11-29 15:41:55 > Visualize (num_rows x 8) fake image canvans.
[INFO] 2021-11-29 15:41:55 > Save image canvas to ./output/figures/gpm-ReACGAN-DiffAug-train-2021_11_29_15_10_16/generated_canvas_900.png
[INFO] 2021-11-29 15:41:55 > Save model to ./output/checkpoints/gpm-ReACGAN-DiffAug-train-2021_11_29_15_10_16
[INFO] 2021-11-29 15:45:25 > Step:   1000 Progress: 0.5% Elapsed: 0:34:44 Gen_loss: 1.096 Dis_loss: 0.631 Cls_loss: -1.863e-08 Topk:  N/A ada_p: N/A 
[INFO] 2021-11-29 15:45:25 > Visualize (num_rows x 8) fake image canvans.
[INFO] 2021-11-29 15:45:25 > Save image canvas to ./output/figures/gpm-ReACGAN-DiffAug-train-2021_11_29_15_10_16/generated_canvas_1000.png
[INFO] 2021-11-29 15:45:25 > Save model to ./output/checkpoints/gpm-ReACGAN-DiffAug-train-2021_11_29_15_10_16
[INFO] 2021-11-29 15:48:54 > Step:   1100 Progress: 0.5% Elapsed: 0:38:13 Gen_loss: 1.22 Dis_loss: 0.359 Cls_loss: -1.77e-08 Topk:  N/A ada_p: N/A 
[INFO] 2021-11-29 15:48:54 > Visualize (num_rows x 8) fake image canvans.
[INFO] 2021-11-29 15:48:54 > Save image canvas to ./output/figures/gpm-ReACGAN-DiffAug-train-2021_11_29_15_10_16/generated_canvas_1100.png
[INFO] 2021-11-29 15:48:54 > Save model to ./output/checkpoints/gpm-ReACGAN-DiffAug-train-2021_11_29_15_10_16
[INFO] 2021-11-29 15:52:23 > Step:   1200 Progress: 0.6% Elapsed: 0:41:42 Gen_loss: 1.019 Dis_loss: 0.4607 Cls_loss: -1.583e-08 Topk:  N/A ada_p: N/A 
[INFO] 2021-11-29 15:52:23 > Visualize (num_rows x 8) fake image canvans.
[INFO] 2021-11-29 15:52:23 > Save image canvas to ./output/figures/gpm-ReACGAN-DiffAug-train-2021_11_29_15_10_16/generated_canvas_1200.png
[INFO] 2021-11-29 15:52:24 > Save model to ./output/checkpoints/gpm-ReACGAN-DiffAug-train-2021_11_29_15_10_16
[INFO] 2021-11-29 15:55:52 > Step:   1300 Progress: 0.7% Elapsed: 0:45:11 Gen_loss: 1.114 Dis_loss: 0.3304 Cls_loss: -1.956e-08 Topk:  N/A ada_p: N/A 
[INFO] 2021-11-29 15:55:52 > Visualize (num_rows x 8) fake image canvans.
[INFO] 2021-11-29 15:55:52 > Save image canvas to ./output/figures/gpm-ReACGAN-DiffAug-train-2021_11_29_15_10_16/generated_canvas_1300.png
[INFO] 2021-11-29 15:55:52 > Save model to ./output/checkpoints/gpm-ReACGAN-DiffAug-train-2021_11_29_15_10_16
[INFO] 2021-11-29 15:59:21 > Step:   1400 Progress: 0.7% Elapsed: 0:48:40 Gen_loss: 1.156 Dis_loss: 0.4665 Cls_loss: -1.956e-08 Topk:  N/A ada_p: N/A 
[INFO] 2021-11-29 15:59:21 > Visualize (num_rows x 8) fake image canvans.
[INFO] 2021-11-29 15:59:22 > Save image canvas to ./output/figures/gpm-ReACGAN-DiffAug-train-2021_11_29_15_10_16/generated_canvas_1400.png
[INFO] 2021-11-29 15:59:22 > Save model to ./output/checkpoints/gpm-ReACGAN-DiffAug-train-2021_11_29_15_10_16
[INFO] 2021-11-29 16:02:50 > Step:   1500 Progress: 0.8% Elapsed: 0:52:09 Gen_loss: 1.059 Dis_loss: 0.2671 Cls_loss: -2.235e-08 Topk:  N/A ada_p: N/A 
[INFO] 2021-11-29 16:02:50 > Visualize (num_rows x 8) fake image canvans.
[INFO] 2021-11-29 16:02:51 > Save image canvas to ./output/figures/gpm-ReACGAN-DiffAug-train-2021_11_29_15_10_16/generated_canvas_1500.png
[INFO] 2021-11-29 16:02:51 > Save model to ./output/checkpoints/gpm-ReACGAN-DiffAug-train-2021_11_29_15_10_16
