[INFO] 2021-11-23 11:03:32 > Run name : gpm-WGAN-GP-train-2021_11_23_11_03_32
[INFO] 2021-11-23 11:03:32 > cfgs.DATA =
[INFO] 2021-11-23 11:03:32 > {
  "name": "gpm",
  "img_size": 32,
  "num_classes": 1,
  "img_channels": 3
}
[INFO] 2021-11-23 11:03:32 > cfgs.MODEL =
[INFO] 2021-11-23 11:03:32 > {
  "backbone": "resnet",
  "g_cond_mtd": "W/O",
  "d_cond_mtd": "W/O",
  "aux_cls_type": "W/O",
  "normalize_d_embed": false,
  "d_embed_dim": "N/A",
  "apply_g_sn": false,
  "apply_d_sn": false,
  "g_act_fn": "ReLU",
  "d_act_fn": "ReLU",
  "apply_attn": false,
  "attn_g_loc": [
    "N/A"
  ],
  "attn_d_loc": [
    "N/A"
  ],
  "z_prior": "gaussian",
  "z_dim": 128,
  "w_dim": "N/A",
  "g_shared_dim": "N/A",
  "g_conv_dim": 64,
  "d_conv_dim": 64,
  "g_depth": "N/A",
  "d_depth": "N/A",
  "apply_g_ema": false,
  "g_ema_decay": "N/A",
  "g_ema_start": "N/A",
  "g_init": "ortho",
  "d_init": "ortho"
}
[INFO] 2021-11-23 11:03:32 > cfgs.LOSS =
[INFO] 2021-11-23 11:03:32 > {
  "adv_loss": "wasserstein",
  "cond_lambda": "N/A",
  "tac_gen_lambda": "N/A",
  "tac_dis_lambda": "N/A",
  "mh_lambda": "N/A",
  "apply_fm": false,
  "fm_lambda": "N/A",
  "apply_r1_reg": false,
  "r1_lambda": "N/A",
  "m_p": "N/A",
  "temperature": "N/A",
  "apply_wc": false,
  "wc_bound": "N/A",
  "apply_gp": true,
  "gp_lambda": 10.0,
  "apply_dra": false,
  "dra_labmda": "N/A",
  "apply_maxgp": false,
  "maxgp_lambda": "N/A",
  "apply_cr": false,
  "cr_lambda": "N/A",
  "apply_bcr": false,
  "real_lambda": "N/A",
  "fake_lambda": "N/A",
  "apply_zcr": false,
  "radius": "N/A",
  "g_lambda": "N/A",
  "d_lambda": "N/A",
  "apply_lo": false,
  "lo_alpha": "N/A",
  "lo_beta": "N/A",
  "lo_rate": "N/A",
  "lo_lambda": "N/A",
  "lo_steps4train": "N/A",
  "lo_steps4eval": "N/A",
  "apply_topk": false,
  "topk_gamma": "N/A",
  "topk_nu": "N/A"
}
[INFO] 2021-11-23 11:03:32 > cfgs.OPTIMIZATION =
[INFO] 2021-11-23 11:03:32 > {
  "type_": "Adam",
  "batch_size": 256,
  "acml_steps": 1,
  "g_lr": 0.0001,
  "d_lr": 0.0004,
  "g_weight_decay": 0.0,
  "d_weight_decay": 0.0,
  "momentum": "N/A",
  "nesterov": "N/A",
  "alpha": "N/A",
  "beta1": 0.0,
  "beta2": 0.999,
  "g_updates_per_step": 1,
  "d_updates_per_step": 1,
  "total_steps": 100000,
  "world_size": 1
}
[INFO] 2021-11-23 11:03:32 > cfgs.PRE =
[INFO] 2021-11-23 11:03:32 > {
  "apply_rflip": true,
  "crop_long_edge": true,
  "resize_size": 32
}
[INFO] 2021-11-23 11:03:32 > cfgs.AUG =
[INFO] 2021-11-23 11:03:32 > {
  "apply_diffaug": false,
  "apply_ada": false,
  "cr_aug_type": "W/O",
  "bcr_aug_type": "W/O",
  "diffaug_type": "W/O",
  "ada_aug_type": "W/O",
  "ada_initial_augment_p": "N/A",
  "ada_target": "N/A",
  "ada_kimg": "N/A",
  "ada_interval": "N/A"
}
[INFO] 2021-11-23 11:03:32 > cfgs.RUN =
[INFO] 2021-11-23 11:03:32 > {
  "entity": null,
  "project": null,
  "cfg_file": "src/configs/GPM/WGAN-GP.yaml",
  "data_dir": "./data/gpm/",
  "save_dir": "./output/",
  "ckpt_dir": null,
  "load_best": false,
  "seed": 238,
  "distributed_data_parallel": false,
  "backend": "nccl",
  "total_nodes": 1,
  "current_node": 0,
  "num_workers": 8,
  "synchronized_bn": false,
  "mixed_precision": false,
  "truncation_factor": -1.0,
  "truncation_cutoff": null,
  "batch_statistics": false,
  "standing_statistics": false,
  "standing_max_batch": -1,
  "standing_step": -1,
  "freezeD": -1,
  "langevin_sampling": false,
  "langevin_rate": -1,
  "langevin_noise_std": -1,
  "langevin_decay": -1,
  "langevin_decay_steps": -1,
  "langevin_steps": -1,
  "train": true,
  "load_train_hdf5": false,
  "load_data_in_memory": false,
  "eval": false,
  "save_fake_images": true,
  "vis_fake_images": false,
  "k_nearest_neighbor": false,
  "interpolation": false,
  "frequency_analysis": false,
  "tsne_analysis": false,
  "intra_class_fid": false,
  "GAN_train": false,
  "GAN_test": false,
  "resume_classifier_train": false,
  "semantic_factorization": false,
  "num_semantic_axis": -1,
  "maximum_variations": -1,
  "print_every": 100,
  "save_every": 2000,
  "eval_backbone": "Inception_V3",
  "ref_dataset": "train"
}
[INFO] 2021-11-23 11:03:32 > cfgs.STYLEGAN2 =
[INFO] 2021-11-23 11:03:32 > {
  "cond_type": [
    "PD",
    "SPD",
    "2C",
    "D2DCE"
  ],
  "g_reg_interval": "N/A",
  "d_reg_interval": "N/A",
  "mapping_network": "N/A",
  "style_mixing_p": "N/A",
  "g_ema_kimg": "N/A",
  "g_ema_rampup": "N/A",
  "apply_pl_reg": false,
  "pl_weight": "N/A",
  "d_architecture": "N/A",
  "d_epilogue_mbstd_group_size": "N/A"
}
[INFO] 2021-11-23 11:03:32 > Load gpm train dataset.
[INFO] 2021-11-23 11:03:32 > Train dataset size: 532
[INFO] 2021-11-23 11:03:32 > Build a Generative Adversarial Network.
[INFO] 2021-11-23 11:03:32 > Modules are located on './src/models.resnet'.
[INFO] 2021-11-23 11:03:34 > Number of parameters: 4276739
[INFO] 2021-11-23 11:03:34 > Generator(
  (linear0): Linear(in_features=128, out_features=4096, bias=True)
  (blocks): ModuleList(
    (0): ModuleList(
      (0): GenBlock(
        (bn1): BatchNorm2d(256, eps=0.0001, momentum=0.1, affine=True, track_running_stats=True)
        (bn2): BatchNorm2d(256, eps=0.0001, momentum=0.1, affine=True, track_running_stats=True)
        (activation): ReLU(inplace=True)
        (conv2d0): Conv2d(256, 256, kernel_size=(1, 1), stride=(1, 1))
        (conv2d1): Conv2d(256, 256, kernel_size=(3, 3), stride=(1, 1), padding=(1, 1))
        (conv2d2): Conv2d(256, 256, kernel_size=(3, 3), stride=(1, 1), padding=(1, 1))
      )
    )
    (1): ModuleList(
      (0): GenBlock(
        (bn1): BatchNorm2d(256, eps=0.0001, momentum=0.1, affine=True, track_running_stats=True)
        (bn2): BatchNorm2d(256, eps=0.0001, momentum=0.1, affine=True, track_running_stats=True)
        (activation): ReLU(inplace=True)
        (conv2d0): Conv2d(256, 256, kernel_size=(1, 1), stride=(1, 1))
        (conv2d1): Conv2d(256, 256, kernel_size=(3, 3), stride=(1, 1), padding=(1, 1))
        (conv2d2): Conv2d(256, 256, kernel_size=(3, 3), stride=(1, 1), padding=(1, 1))
      )
    )
    (2): ModuleList(
      (0): GenBlock(
        (bn1): BatchNorm2d(256, eps=0.0001, momentum=0.1, affine=True, track_running_stats=True)
        (bn2): BatchNorm2d(256, eps=0.0001, momentum=0.1, affine=True, track_running_stats=True)
        (activation): ReLU(inplace=True)
        (conv2d0): Conv2d(256, 256, kernel_size=(1, 1), stride=(1, 1))
        (conv2d1): Conv2d(256, 256, kernel_size=(3, 3), stride=(1, 1), padding=(1, 1))
        (conv2d2): Conv2d(256, 256, kernel_size=(3, 3), stride=(1, 1), padding=(1, 1))
      )
    )
  )
  (bn4): BatchNorm2d(256, eps=0.0001, momentum=0.1, affine=True, track_running_stats=True)
  (activation): ReLU(inplace=True)
  (conv2d5): Conv2d(256, 3, kernel_size=(3, 3), stride=(1, 1), padding=(1, 1))
  (tanh): Tanh()
)
[INFO] 2021-11-23 11:03:34 > Number of parameters: 1055879
[INFO] 2021-11-23 11:03:34 > Discriminator(
  (blocks): ModuleList(
    (0): ModuleList(
      (0): DiscOptBlock(
        (conv2d0): Conv2d(3, 128, kernel_size=(1, 1), stride=(1, 1))
        (conv2d1): Conv2d(3, 128, kernel_size=(3, 3), stride=(1, 1), padding=(1, 1))
        (conv2d2): Conv2d(128, 128, kernel_size=(3, 3), stride=(1, 1), padding=(1, 1))
        (bn0): BatchNorm2d(3, eps=0.0001, momentum=0.1, affine=True, track_running_stats=True)
        (bn1): BatchNorm2d(128, eps=0.0001, momentum=0.1, affine=True, track_running_stats=True)
        (activation): ReLU(inplace=True)
        (average_pooling): AvgPool2d(kernel_size=2, stride=2, padding=0)
      )
    )
    (1): ModuleList(
      (0): DiscBlock(
        (activation): ReLU(inplace=True)
        (conv2d0): Conv2d(128, 128, kernel_size=(1, 1), stride=(1, 1))
        (bn0): BatchNorm2d(128, eps=0.0001, momentum=0.1, affine=True, track_running_stats=True)
        (conv2d1): Conv2d(128, 128, kernel_size=(3, 3), stride=(1, 1), padding=(1, 1))
        (conv2d2): Conv2d(128, 128, kernel_size=(3, 3), stride=(1, 1), padding=(1, 1))
        (bn1): BatchNorm2d(128, eps=0.0001, momentum=0.1, affine=True, track_running_stats=True)
        (bn2): BatchNorm2d(128, eps=0.0001, momentum=0.1, affine=True, track_running_stats=True)
        (average_pooling): AvgPool2d(kernel_size=2, stride=2, padding=0)
      )
    )
    (2): ModuleList(
      (0): DiscBlock(
        (activation): ReLU(inplace=True)
        (conv2d1): Conv2d(128, 128, kernel_size=(3, 3), stride=(1, 1), padding=(1, 1))
        (conv2d2): Conv2d(128, 128, kernel_size=(3, 3), stride=(1, 1), padding=(1, 1))
        (bn1): BatchNorm2d(128, eps=0.0001, momentum=0.1, affine=True, track_running_stats=True)
        (bn2): BatchNorm2d(128, eps=0.0001, momentum=0.1, affine=True, track_running_stats=True)
        (average_pooling): AvgPool2d(kernel_size=2, stride=2, padding=0)
      )
    )
    (3): ModuleList(
      (0): DiscBlock(
        (activation): ReLU(inplace=True)
        (conv2d1): Conv2d(128, 128, kernel_size=(3, 3), stride=(1, 1), padding=(1, 1))
        (conv2d2): Conv2d(128, 128, kernel_size=(3, 3), stride=(1, 1), padding=(1, 1))
        (bn1): BatchNorm2d(128, eps=0.0001, momentum=0.1, affine=True, track_running_stats=True)
        (bn2): BatchNorm2d(128, eps=0.0001, momentum=0.1, affine=True, track_running_stats=True)
        (average_pooling): AvgPool2d(kernel_size=2, stride=2, padding=0)
      )
    )
  )
  (activation): ReLU(inplace=True)
  (linear1): Linear(in_features=128, out_features=1, bias=True)
)
[INFO] 2021-11-23 11:03:44 > Start training!
[INFO] 2021-11-23 11:11:30 > Step:    100 Progress: 0.1% Elapsed: 0:07:44 Gen_loss: 45.91 Dis_loss: -3.47 Cls_loss: N/A Topk:  N/A ada_p: N/A 
[INFO] 2021-11-23 11:19:07 > Step:    200 Progress: 0.2% Elapsed: 0:15:20 Gen_loss: -23.73 Dis_loss: -7.652 Cls_loss: N/A Topk:  N/A ada_p: N/A 
[INFO] 2021-11-23 11:26:43 > Step:    300 Progress: 0.3% Elapsed: 0:22:56 Gen_loss: -10.79 Dis_loss: -10.54 Cls_loss: N/A Topk:  N/A ada_p: N/A 
[INFO] 2021-11-23 11:34:19 > Step:    400 Progress: 0.4% Elapsed: 0:30:32 Gen_loss: 39.15 Dis_loss: -8.23 Cls_loss: N/A Topk:  N/A ada_p: N/A 
[INFO] 2021-11-23 11:41:54 > Step:    500 Progress: 0.5% Elapsed: 0:38:08 Gen_loss: -17.07 Dis_loss: -6.027 Cls_loss: N/A Topk:  N/A ada_p: N/A 
[INFO] 2021-11-23 11:49:30 > Step:    600 Progress: 0.6% Elapsed: 0:45:44 Gen_loss: 12.08 Dis_loss: -9.647 Cls_loss: N/A Topk:  N/A ada_p: N/A 
