[INFO] 2021-11-23 12:26:53 > Run name : gpm-WGAN-GP-train-2021_11_23_12_26_53
[INFO] 2021-11-23 12:26:53 > cfgs.DATA =
[INFO] 2021-11-23 12:26:53 > {
  "name": "gpm",
  "img_size": 32,
  "num_classes": 1,
  "img_channels": 1
}
[INFO] 2021-11-23 12:26:53 > cfgs.MODEL =
[INFO] 2021-11-23 12:26:53 > {
  "backbone": "resnet",
  "g_cond_mtd": "W/O",
  "d_cond_mtd": "W/O",
  "aux_cls_type": "W/O",
  "normalize_d_embed": false,
  "d_embed_dim": "N/A",
  "apply_g_sn": false,
  "apply_d_sn": false,
  "g_act_fn": "ReLU",
  "d_act_fn": "ReLU",
  "apply_attn": false,
  "attn_g_loc": [
    "N/A"
  ],
  "attn_d_loc": [
    "N/A"
  ],
  "z_prior": "gaussian",
  "z_dim": 128,
  "w_dim": "N/A",
  "g_shared_dim": "N/A",
  "g_conv_dim": 64,
  "d_conv_dim": 64,
  "g_depth": "N/A",
  "d_depth": "N/A",
  "apply_g_ema": false,
  "g_ema_decay": "N/A",
  "g_ema_start": "N/A",
  "g_init": "ortho",
  "d_init": "ortho"
}
[INFO] 2021-11-23 12:26:53 > cfgs.LOSS =
[INFO] 2021-11-23 12:26:53 > {
  "adv_loss": "wasserstein",
  "cond_lambda": "N/A",
  "tac_gen_lambda": "N/A",
  "tac_dis_lambda": "N/A",
  "mh_lambda": "N/A",
  "apply_fm": false,
  "fm_lambda": "N/A",
  "apply_r1_reg": false,
  "r1_lambda": "N/A",
  "m_p": "N/A",
  "temperature": "N/A",
  "apply_wc": false,
  "wc_bound": "N/A",
  "apply_gp": true,
  "gp_lambda": 10.0,
  "apply_dra": false,
  "dra_labmda": "N/A",
  "apply_maxgp": false,
  "maxgp_lambda": "N/A",
  "apply_cr": false,
  "cr_lambda": "N/A",
  "apply_bcr": false,
  "real_lambda": "N/A",
  "fake_lambda": "N/A",
  "apply_zcr": false,
  "radius": "N/A",
  "g_lambda": "N/A",
  "d_lambda": "N/A",
  "apply_lo": false,
  "lo_alpha": "N/A",
  "lo_beta": "N/A",
  "lo_rate": "N/A",
  "lo_lambda": "N/A",
  "lo_steps4train": "N/A",
  "lo_steps4eval": "N/A",
  "apply_topk": false,
  "topk_gamma": "N/A",
  "topk_nu": "N/A"
}
[INFO] 2021-11-23 12:26:53 > cfgs.OPTIMIZATION =
[INFO] 2021-11-23 12:26:53 > {
  "type_": "Adam",
  "batch_size": 256,
  "acml_steps": 1,
  "g_lr": 0.0001,
  "d_lr": 0.0004,
  "g_weight_decay": 0.0,
  "d_weight_decay": 0.0,
  "momentum": "N/A",
  "nesterov": "N/A",
  "alpha": "N/A",
  "beta1": 0.0,
  "beta2": 0.999,
  "g_updates_per_step": 1,
  "d_updates_per_step": 1,
  "total_steps": 100000,
  "world_size": 1
}
[INFO] 2021-11-23 12:26:53 > cfgs.PRE =
[INFO] 2021-11-23 12:26:53 > {
  "apply_rflip": true,
  "crop_long_edge": false,
  "resize_size": null
}
[INFO] 2021-11-23 12:26:53 > cfgs.AUG =
[INFO] 2021-11-23 12:26:53 > {
  "apply_diffaug": false,
  "apply_ada": false,
  "cr_aug_type": "W/O",
  "bcr_aug_type": "W/O",
  "diffaug_type": "W/O",
  "ada_aug_type": "W/O",
  "ada_initial_augment_p": "N/A",
  "ada_target": "N/A",
  "ada_kimg": "N/A",
  "ada_interval": "N/A"
}
[INFO] 2021-11-23 12:26:53 > cfgs.RUN =
[INFO] 2021-11-23 12:26:53 > {
  "entity": null,
  "project": null,
  "cfg_file": "src/configs/GPM/WGAN-GP.yaml",
  "data_dir": "./data/gpm/",
  "save_dir": "./output/",
  "ckpt_dir": null,
  "load_best": false,
  "seed": 2783,
  "distributed_data_parallel": false,
  "backend": "nccl",
  "total_nodes": 1,
  "current_node": 0,
  "num_workers": 1,
  "synchronized_bn": false,
  "mixed_precision": false,
  "truncation_factor": -1.0,
  "truncation_cutoff": null,
  "batch_statistics": false,
  "standing_statistics": false,
  "standing_max_batch": -1,
  "standing_step": -1,
  "freezeD": -1,
  "langevin_sampling": false,
  "langevin_rate": -1,
  "langevin_noise_std": -1,
  "langevin_decay": -1,
  "langevin_decay_steps": -1,
  "langevin_steps": -1,
  "train": true,
  "load_train_hdf5": true,
  "load_data_in_memory": true,
  "eval": false,
  "save_fake_images": true,
  "vis_fake_images": false,
  "k_nearest_neighbor": false,
  "interpolation": false,
  "frequency_analysis": false,
  "tsne_analysis": false,
  "intra_class_fid": false,
  "GAN_train": false,
  "GAN_test": false,
  "resume_classifier_train": false,
  "semantic_factorization": false,
  "num_semantic_axis": -1,
  "maximum_variations": -1,
  "print_every": 100,
  "save_every": 100,
  "eval_backbone": "Inception_V3",
  "ref_dataset": "train"
}
[INFO] 2021-11-23 12:26:53 > cfgs.STYLEGAN2 =
[INFO] 2021-11-23 12:26:53 > {
  "cond_type": [
    "PD",
    "SPD",
    "2C",
    "D2DCE"
  ],
  "g_reg_interval": "N/A",
  "d_reg_interval": "N/A",
  "mapping_network": "N/A",
  "style_mixing_p": "N/A",
  "g_ema_kimg": "N/A",
  "g_ema_rampup": "N/A",
  "apply_pl_reg": false,
  "pl_weight": "N/A",
  "d_architecture": "N/A",
  "d_epilogue_mbstd_group_size": "N/A"
}
[INFO] 2021-11-23 12:26:53 > Load gpm train dataset.
[INFO] 2021-11-23 12:26:53 > Train dataset size: 532
[INFO] 2021-11-23 12:26:53 > Build a Generative Adversarial Network.
[INFO] 2021-11-23 12:26:53 > Modules are located on './src/models.resnet'.
[INFO] 2021-11-23 12:26:56 > Number of parameters: 4276739
[INFO] 2021-11-23 12:26:56 > Generator(
  (linear0): Linear(in_features=128, out_features=4096, bias=True)
  (blocks): ModuleList(
    (0): ModuleList(
      (0): GenBlock(
        (bn1): BatchNorm2d(256, eps=0.0001, momentum=0.1, affine=True, track_running_stats=True)
        (bn2): BatchNorm2d(256, eps=0.0001, momentum=0.1, affine=True, track_running_stats=True)
        (activation): ReLU(inplace=True)
        (conv2d0): Conv2d(256, 256, kernel_size=(1, 1), stride=(1, 1))
        (conv2d1): Conv2d(256, 256, kernel_size=(3, 3), stride=(1, 1), padding=(1, 1))
        (conv2d2): Conv2d(256, 256, kernel_size=(3, 3), stride=(1, 1), padding=(1, 1))
      )
    )
    (1): ModuleList(
      (0): GenBlock(
        (bn1): BatchNorm2d(256, eps=0.0001, momentum=0.1, affine=True, track_running_stats=True)
        (bn2): BatchNorm2d(256, eps=0.0001, momentum=0.1, affine=True, track_running_stats=True)
        (activation): ReLU(inplace=True)
        (conv2d0): Conv2d(256, 256, kernel_size=(1, 1), stride=(1, 1))
        (conv2d1): Conv2d(256, 256, kernel_size=(3, 3), stride=(1, 1), padding=(1, 1))
        (conv2d2): Conv2d(256, 256, kernel_size=(3, 3), stride=(1, 1), padding=(1, 1))
      )
    )
    (2): ModuleList(
      (0): GenBlock(
        (bn1): BatchNorm2d(256, eps=0.0001, momentum=0.1, affine=True, track_running_stats=True)
        (bn2): BatchNorm2d(256, eps=0.0001, momentum=0.1, affine=True, track_running_stats=True)
        (activation): ReLU(inplace=True)
        (conv2d0): Conv2d(256, 256, kernel_size=(1, 1), stride=(1, 1))
        (conv2d1): Conv2d(256, 256, kernel_size=(3, 3), stride=(1, 1), padding=(1, 1))
        (conv2d2): Conv2d(256, 256, kernel_size=(3, 3), stride=(1, 1), padding=(1, 1))
      )
    )
  )
  (bn4): BatchNorm2d(256, eps=0.0001, momentum=0.1, affine=True, track_running_stats=True)
  (activation): ReLU(inplace=True)
  (conv2d5): Conv2d(256, 3, kernel_size=(3, 3), stride=(1, 1), padding=(1, 1))
  (tanh): Tanh()
)
[INFO] 2021-11-23 12:26:56 > Number of parameters: 1055879
[INFO] 2021-11-23 12:26:56 > Discriminator(
  (blocks): ModuleList(
    (0): ModuleList(
      (0): DiscOptBlock(
        (conv2d0): Conv2d(3, 128, kernel_size=(1, 1), stride=(1, 1))
        (conv2d1): Conv2d(3, 128, kernel_size=(3, 3), stride=(1, 1), padding=(1, 1))
        (conv2d2): Conv2d(128, 128, kernel_size=(3, 3), stride=(1, 1), padding=(1, 1))
        (bn0): BatchNorm2d(3, eps=0.0001, momentum=0.1, affine=True, track_running_stats=True)
        (bn1): BatchNorm2d(128, eps=0.0001, momentum=0.1, affine=True, track_running_stats=True)
        (activation): ReLU(inplace=True)
        (average_pooling): AvgPool2d(kernel_size=2, stride=2, padding=0)
      )
    )
    (1): ModuleList(
      (0): DiscBlock(
        (activation): ReLU(inplace=True)
        (conv2d0): Conv2d(128, 128, kernel_size=(1, 1), stride=(1, 1))
        (bn0): BatchNorm2d(128, eps=0.0001, momentum=0.1, affine=True, track_running_stats=True)
        (conv2d1): Conv2d(128, 128, kernel_size=(3, 3), stride=(1, 1), padding=(1, 1))
        (conv2d2): Conv2d(128, 128, kernel_size=(3, 3), stride=(1, 1), padding=(1, 1))
        (bn1): BatchNorm2d(128, eps=0.0001, momentum=0.1, affine=True, track_running_stats=True)
        (bn2): BatchNorm2d(128, eps=0.0001, momentum=0.1, affine=True, track_running_stats=True)
        (average_pooling): AvgPool2d(kernel_size=2, stride=2, padding=0)
      )
    )
    (2): ModuleList(
      (0): DiscBlock(
        (activation): ReLU(inplace=True)
        (conv2d1): Conv2d(128, 128, kernel_size=(3, 3), stride=(1, 1), padding=(1, 1))
        (conv2d2): Conv2d(128, 128, kernel_size=(3, 3), stride=(1, 1), padding=(1, 1))
        (bn1): BatchNorm2d(128, eps=0.0001, momentum=0.1, affine=True, track_running_stats=True)
        (bn2): BatchNorm2d(128, eps=0.0001, momentum=0.1, affine=True, track_running_stats=True)
        (average_pooling): AvgPool2d(kernel_size=2, stride=2, padding=0)
      )
    )
    (3): ModuleList(
      (0): DiscBlock(
        (activation): ReLU(inplace=True)
        (conv2d1): Conv2d(128, 128, kernel_size=(3, 3), stride=(1, 1), padding=(1, 1))
        (conv2d2): Conv2d(128, 128, kernel_size=(3, 3), stride=(1, 1), padding=(1, 1))
        (bn1): BatchNorm2d(128, eps=0.0001, momentum=0.1, affine=True, track_running_stats=True)
        (bn2): BatchNorm2d(128, eps=0.0001, momentum=0.1, affine=True, track_running_stats=True)
        (average_pooling): AvgPool2d(kernel_size=2, stride=2, padding=0)
      )
    )
  )
  (activation): ReLU(inplace=True)
  (linear1): Linear(in_features=128, out_features=1, bias=True)
)
[INFO] 2021-11-23 12:27:12 > Start training!
[INFO] 2021-11-23 12:34:58 > Step:    100 Progress: 0.1% Elapsed: 0:07:43 Gen_loss: 6.596 Dis_loss: -8.419 Cls_loss: N/A Topk:  N/A ada_p: N/A 
[INFO] 2021-11-23 12:34:58 > Visualize (num_rows x 8) fake image canvans.
[INFO] 2021-11-23 12:34:59 > Save image canvas to ./output/figures/gpm-WGAN-GP-train-2021_11_23_12_26_53/generated_canvas_100.png
[INFO] 2021-11-23 12:34:59 > Save model to ./output/checkpoints/gpm-WGAN-GP-train-2021_11_23_12_26_53
[INFO] 2021-11-23 12:42:34 > Step:    200 Progress: 0.2% Elapsed: 0:15:19 Gen_loss: 36.05 Dis_loss: -7.846 Cls_loss: N/A Topk:  N/A ada_p: N/A 
[INFO] 2021-11-23 12:42:34 > Visualize (num_rows x 8) fake image canvans.
[INFO] 2021-11-23 12:42:35 > Save image canvas to ./output/figures/gpm-WGAN-GP-train-2021_11_23_12_26_53/generated_canvas_200.png
[INFO] 2021-11-23 12:42:35 > Save model to ./output/checkpoints/gpm-WGAN-GP-train-2021_11_23_12_26_53
[INFO] 2021-11-23 12:50:11 > Step:    300 Progress: 0.3% Elapsed: 0:22:55 Gen_loss: 26.83 Dis_loss: -7.546 Cls_loss: N/A Topk:  N/A ada_p: N/A 
[INFO] 2021-11-23 12:50:11 > Visualize (num_rows x 8) fake image canvans.
[INFO] 2021-11-23 12:50:11 > Save image canvas to ./output/figures/gpm-WGAN-GP-train-2021_11_23_12_26_53/generated_canvas_300.png
[INFO] 2021-11-23 12:50:12 > Save model to ./output/checkpoints/gpm-WGAN-GP-train-2021_11_23_12_26_53
[INFO] 2021-11-23 12:57:47 > Step:    400 Progress: 0.4% Elapsed: 0:30:32 Gen_loss: 36.51 Dis_loss: -7.516 Cls_loss: N/A Topk:  N/A ada_p: N/A 
[INFO] 2021-11-23 12:57:47 > Visualize (num_rows x 8) fake image canvans.
[INFO] 2021-11-23 12:57:47 > Save image canvas to ./output/figures/gpm-WGAN-GP-train-2021_11_23_12_26_53/generated_canvas_400.png
[INFO] 2021-11-23 12:57:48 > Save model to ./output/checkpoints/gpm-WGAN-GP-train-2021_11_23_12_26_53
[INFO] 2021-11-23 13:05:23 > Step:    500 Progress: 0.5% Elapsed: 0:38:08 Gen_loss: 30.87 Dis_loss: -6.855 Cls_loss: N/A Topk:  N/A ada_p: N/A 
[INFO] 2021-11-23 13:05:23 > Visualize (num_rows x 8) fake image canvans.
[INFO] 2021-11-23 13:05:23 > Save image canvas to ./output/figures/gpm-WGAN-GP-train-2021_11_23_12_26_53/generated_canvas_500.png
[INFO] 2021-11-23 13:05:24 > Save model to ./output/checkpoints/gpm-WGAN-GP-train-2021_11_23_12_26_53
[INFO] 2021-11-23 13:12:59 > Step:    600 Progress: 0.6% Elapsed: 0:45:44 Gen_loss: -46.88 Dis_loss: -2.035 Cls_loss: N/A Topk:  N/A ada_p: N/A 
[INFO] 2021-11-23 13:12:59 > Visualize (num_rows x 8) fake image canvans.
[INFO] 2021-11-23 13:13:00 > Save image canvas to ./output/figures/gpm-WGAN-GP-train-2021_11_23_12_26_53/generated_canvas_600.png
[INFO] 2021-11-23 13:13:00 > Save model to ./output/checkpoints/gpm-WGAN-GP-train-2021_11_23_12_26_53
[INFO] 2021-11-23 13:20:35 > Step:    700 Progress: 0.7% Elapsed: 0:53:20 Gen_loss: -30.17 Dis_loss: -6.011 Cls_loss: N/A Topk:  N/A ada_p: N/A 
[INFO] 2021-11-23 13:20:35 > Visualize (num_rows x 8) fake image canvans.
[INFO] 2021-11-23 13:20:36 > Save image canvas to ./output/figures/gpm-WGAN-GP-train-2021_11_23_12_26_53/generated_canvas_700.png
[INFO] 2021-11-23 13:20:36 > Save model to ./output/checkpoints/gpm-WGAN-GP-train-2021_11_23_12_26_53
[INFO] 2021-11-23 13:28:11 > Step:    800 Progress: 0.8% Elapsed: 1:00:56 Gen_loss: -26.73 Dis_loss: -4.249 Cls_loss: N/A Topk:  N/A ada_p: N/A 
[INFO] 2021-11-23 13:28:11 > Visualize (num_rows x 8) fake image canvans.
[INFO] 2021-11-23 13:28:12 > Save image canvas to ./output/figures/gpm-WGAN-GP-train-2021_11_23_12_26_53/generated_canvas_800.png
[INFO] 2021-11-23 13:28:12 > Save model to ./output/checkpoints/gpm-WGAN-GP-train-2021_11_23_12_26_53
[INFO] 2021-11-23 13:35:47 > Step:    900 Progress: 0.9% Elapsed: 1:08:32 Gen_loss: -0.7563 Dis_loss: -5.077 Cls_loss: N/A Topk:  N/A ada_p: N/A 
[INFO] 2021-11-23 13:35:47 > Visualize (num_rows x 8) fake image canvans.
[INFO] 2021-11-23 13:35:48 > Save image canvas to ./output/figures/gpm-WGAN-GP-train-2021_11_23_12_26_53/generated_canvas_900.png
[INFO] 2021-11-23 13:35:48 > Save model to ./output/checkpoints/gpm-WGAN-GP-train-2021_11_23_12_26_53
[INFO] 2021-11-23 13:43:24 > Step:   1000 Progress: 1.0% Elapsed: 1:16:09 Gen_loss: 8.786 Dis_loss: -3.179 Cls_loss: N/A Topk:  N/A ada_p: N/A 
[INFO] 2021-11-23 13:43:24 > Visualize (num_rows x 8) fake image canvans.
[INFO] 2021-11-23 13:43:25 > Save image canvas to ./output/figures/gpm-WGAN-GP-train-2021_11_23_12_26_53/generated_canvas_1000.png
[INFO] 2021-11-23 13:43:25 > Save model to ./output/checkpoints/gpm-WGAN-GP-train-2021_11_23_12_26_53
[INFO] 2021-11-23 13:51:00 > Step:   1100 Progress: 1.1% Elapsed: 1:23:45 Gen_loss: 17.34 Dis_loss: -3.306 Cls_loss: N/A Topk:  N/A ada_p: N/A 
[INFO] 2021-11-23 13:51:00 > Visualize (num_rows x 8) fake image canvans.
[INFO] 2021-11-23 13:51:01 > Save image canvas to ./output/figures/gpm-WGAN-GP-train-2021_11_23_12_26_53/generated_canvas_1100.png
[INFO] 2021-11-23 13:51:01 > Save model to ./output/checkpoints/gpm-WGAN-GP-train-2021_11_23_12_26_53
[INFO] 2021-11-23 13:58:37 > Step:   1200 Progress: 1.2% Elapsed: 1:31:22 Gen_loss: 15.33 Dis_loss: -4.855 Cls_loss: N/A Topk:  N/A ada_p: N/A 
[INFO] 2021-11-23 13:58:37 > Visualize (num_rows x 8) fake image canvans.
[INFO] 2021-11-23 13:58:37 > Save image canvas to ./output/figures/gpm-WGAN-GP-train-2021_11_23_12_26_53/generated_canvas_1200.png
[INFO] 2021-11-23 13:58:38 > Save model to ./output/checkpoints/gpm-WGAN-GP-train-2021_11_23_12_26_53
[INFO] 2021-11-23 14:06:13 > Step:   1300 Progress: 1.3% Elapsed: 1:38:58 Gen_loss: 35.96 Dis_loss: -0.3017 Cls_loss: N/A Topk:  N/A ada_p: N/A 
[INFO] 2021-11-23 14:06:13 > Visualize (num_rows x 8) fake image canvans.
[INFO] 2021-11-23 14:06:14 > Save image canvas to ./output/figures/gpm-WGAN-GP-train-2021_11_23_12_26_53/generated_canvas_1300.png
[INFO] 2021-11-23 14:06:14 > Save model to ./output/checkpoints/gpm-WGAN-GP-train-2021_11_23_12_26_53
[INFO] 2021-11-23 14:13:50 > Step:   1400 Progress: 1.4% Elapsed: 1:46:35 Gen_loss: 6.47 Dis_loss: -3.443 Cls_loss: N/A Topk:  N/A ada_p: N/A 
[INFO] 2021-11-23 14:13:50 > Visualize (num_rows x 8) fake image canvans.
[INFO] 2021-11-23 14:13:50 > Save image canvas to ./output/figures/gpm-WGAN-GP-train-2021_11_23_12_26_53/generated_canvas_1400.png
[INFO] 2021-11-23 14:13:51 > Save model to ./output/checkpoints/gpm-WGAN-GP-train-2021_11_23_12_26_53
[INFO] 2021-11-23 14:21:26 > Step:   1500 Progress: 1.5% Elapsed: 1:54:11 Gen_loss: 26.64 Dis_loss: -4.451 Cls_loss: N/A Topk:  N/A ada_p: N/A 
[INFO] 2021-11-23 14:21:26 > Visualize (num_rows x 8) fake image canvans.
[INFO] 2021-11-23 14:21:27 > Save image canvas to ./output/figures/gpm-WGAN-GP-train-2021_11_23_12_26_53/generated_canvas_1500.png
[INFO] 2021-11-23 14:21:29 > Save model to ./output/checkpoints/gpm-WGAN-GP-train-2021_11_23_12_26_53
[INFO] 2021-11-23 14:29:04 > Step:   1600 Progress: 1.6% Elapsed: 2:01:49 Gen_loss: 24.84 Dis_loss: -7.48 Cls_loss: N/A Topk:  N/A ada_p: N/A 
[INFO] 2021-11-23 14:29:04 > Visualize (num_rows x 8) fake image canvans.
[INFO] 2021-11-23 14:29:05 > Save image canvas to ./output/figures/gpm-WGAN-GP-train-2021_11_23_12_26_53/generated_canvas_1600.png
[INFO] 2021-11-23 14:29:05 > Save model to ./output/checkpoints/gpm-WGAN-GP-train-2021_11_23_12_26_53
[INFO] 2021-11-23 14:36:41 > Step:   1700 Progress: 1.7% Elapsed: 2:09:26 Gen_loss: 8.957 Dis_loss: -7.444 Cls_loss: N/A Topk:  N/A ada_p: N/A 
[INFO] 2021-11-23 14:36:41 > Visualize (num_rows x 8) fake image canvans.
[INFO] 2021-11-23 14:36:41 > Save image canvas to ./output/figures/gpm-WGAN-GP-train-2021_11_23_12_26_53/generated_canvas_1700.png
[INFO] 2021-11-23 14:36:42 > Save model to ./output/checkpoints/gpm-WGAN-GP-train-2021_11_23_12_26_53
[INFO] 2021-11-23 14:44:17 > Step:   1800 Progress: 1.8% Elapsed: 2:17:02 Gen_loss: 42.48 Dis_loss: -1.732 Cls_loss: N/A Topk:  N/A ada_p: N/A 
[INFO] 2021-11-23 14:44:17 > Visualize (num_rows x 8) fake image canvans.
[INFO] 2021-11-23 14:44:18 > Save image canvas to ./output/figures/gpm-WGAN-GP-train-2021_11_23_12_26_53/generated_canvas_1800.png
[INFO] 2021-11-23 14:44:18 > Save model to ./output/checkpoints/gpm-WGAN-GP-train-2021_11_23_12_26_53
