[INFO] 2021-11-29 14:59:57 > Run name : gpm-BigGAN-Mod-train-2021_11_29_14_59_57
[INFO] 2021-11-29 14:59:57 > cfgs.DATA =
[INFO] 2021-11-29 14:59:57 > {
  "name": "gpm",
  "img_size": 32,
  "num_classes": 1,
  "img_channels": 1
}
[INFO] 2021-11-29 14:59:57 > cfgs.MODEL =
[INFO] 2021-11-29 14:59:57 > {
  "backbone": "big_resnet",
  "g_cond_mtd": "cBN",
  "d_cond_mtd": "PD",
  "aux_cls_type": "W/O",
  "normalize_d_embed": false,
  "d_embed_dim": "N/A",
  "apply_g_sn": true,
  "apply_d_sn": true,
  "g_act_fn": "ReLU",
  "d_act_fn": "ReLU",
  "apply_attn": true,
  "attn_g_loc": [
    2
  ],
  "attn_d_loc": [
    1
  ],
  "z_prior": "gaussian",
  "z_dim": 80,
  "w_dim": "N/A",
  "g_shared_dim": 128,
  "g_conv_dim": 96,
  "d_conv_dim": 96,
  "g_depth": "N/A",
  "d_depth": "N/A",
  "apply_g_ema": true,
  "g_ema_decay": 0.9999,
  "g_ema_start": 1000,
  "g_init": "ortho",
  "d_init": "ortho"
}
[INFO] 2021-11-29 14:59:57 > cfgs.LOSS =
[INFO] 2021-11-29 14:59:57 > {
  "adv_loss": "hinge",
  "cond_lambda": "N/A",
  "tac_gen_lambda": "N/A",
  "tac_dis_lambda": "N/A",
  "mh_lambda": "N/A",
  "apply_fm": false,
  "fm_lambda": "N/A",
  "apply_r1_reg": false,
  "r1_lambda": "N/A",
  "m_p": "N/A",
  "temperature": "N/A",
  "apply_wc": false,
  "wc_bound": "N/A",
  "apply_gp": false,
  "gp_lambda": "N/A",
  "apply_dra": false,
  "dra_labmda": "N/A",
  "apply_maxgp": false,
  "maxgp_lambda": "N/A",
  "apply_cr": false,
  "cr_lambda": "N/A",
  "apply_bcr": false,
  "real_lambda": "N/A",
  "fake_lambda": "N/A",
  "apply_zcr": false,
  "radius": "N/A",
  "g_lambda": "N/A",
  "d_lambda": "N/A",
  "apply_lo": false,
  "lo_alpha": "N/A",
  "lo_beta": "N/A",
  "lo_rate": "N/A",
  "lo_lambda": "N/A",
  "lo_steps4train": "N/A",
  "lo_steps4eval": "N/A",
  "apply_topk": false,
  "topk_gamma": "N/A",
  "topk_nu": "N/A"
}
[INFO] 2021-11-29 14:59:57 > cfgs.OPTIMIZATION =
[INFO] 2021-11-29 14:59:57 > {
  "type_": "Adam",
  "batch_size": 64,
  "acml_steps": 1,
  "g_lr": 0.0002,
  "d_lr": 0.0002,
  "g_weight_decay": 0.0,
  "d_weight_decay": 0.0,
  "momentum": "N/A",
  "nesterov": "N/A",
  "alpha": "N/A",
  "beta1": 0.5,
  "beta2": 0.999,
  "g_updates_per_step": 1,
  "d_updates_per_step": 5,
  "total_steps": 100000,
  "world_size": 1
}
[INFO] 2021-11-29 14:59:57 > cfgs.PRE =
[INFO] 2021-11-29 14:59:57 > {
  "apply_rflip": true,
  "crop_long_edge": false,
  "resize_size": null
}
[INFO] 2021-11-29 14:59:57 > cfgs.AUG =
[INFO] 2021-11-29 14:59:57 > {
  "apply_diffaug": false,
  "apply_ada": false,
  "cr_aug_type": "W/O",
  "bcr_aug_type": "W/O",
  "diffaug_type": "W/O",
  "ada_aug_type": "W/O",
  "ada_initial_augment_p": "N/A",
  "ada_target": "N/A",
  "ada_kimg": "N/A",
  "ada_interval": "N/A"
}
[INFO] 2021-11-29 14:59:57 > cfgs.RUN =
[INFO] 2021-11-29 14:59:57 > {
  "entity": null,
  "project": null,
  "cfg_file": "src/configs/GPM/BigGAN-Mod.yaml",
  "data_dir": "./data/gpm_35_32px/",
  "save_dir": "./output/",
  "ckpt_dir": null,
  "load_best": false,
  "seed": 2980,
  "distributed_data_parallel": false,
  "backend": "nccl",
  "total_nodes": 1,
  "current_node": 0,
  "num_workers": 0,
  "synchronized_bn": false,
  "mixed_precision": false,
  "truncation_factor": -1.0,
  "truncation_cutoff": null,
  "batch_statistics": false,
  "standing_statistics": false,
  "standing_max_batch": -1,
  "standing_step": -1,
  "freezeD": -1,
  "langevin_sampling": false,
  "langevin_rate": -1,
  "langevin_noise_std": -1,
  "langevin_decay": -1,
  "langevin_decay_steps": -1,
  "langevin_steps": -1,
  "train": true,
  "load_train_hdf5": true,
  "load_data_in_memory": true,
  "eval": false,
  "save_fake_images": true,
  "vis_fake_images": false,
  "k_nearest_neighbor": false,
  "interpolation": false,
  "frequency_analysis": false,
  "tsne_analysis": false,
  "intra_class_fid": false,
  "GAN_train": false,
  "GAN_test": false,
  "resume_classifier_train": false,
  "semantic_factorization": false,
  "num_semantic_axis": -1,
  "maximum_variations": -1,
  "print_every": 100,
  "save_every": 100,
  "eval_backbone": "Inception_V3",
  "ref_dataset": "train"
}
[INFO] 2021-11-29 14:59:57 > cfgs.STYLEGAN2 =
[INFO] 2021-11-29 14:59:57 > {
  "cond_type": [
    "PD",
    "SPD",
    "2C",
    "D2DCE"
  ],
  "g_reg_interval": "N/A",
  "d_reg_interval": "N/A",
  "mapping_network": "N/A",
  "style_mixing_p": "N/A",
  "g_ema_kimg": "N/A",
  "g_ema_rampup": "N/A",
  "apply_pl_reg": false,
  "pl_weight": "N/A",
  "d_architecture": "N/A",
  "d_epilogue_mbstd_group_size": "N/A"
}
[INFO] 2021-11-29 14:59:57 > Load gpm train dataset.
[INFO] 2021-11-29 14:59:57 > Train dataset size: 1849
[INFO] 2021-11-29 14:59:57 > Build a Generative Adversarial Network.
[INFO] 2021-11-29 14:59:57 > Modules are located on './src/models.big_resnet'.
[INFO] 2021-11-29 15:00:00 > Prepare exponential moving average generator with decay rate of 0.9999.
[INFO] 2021-11-29 15:00:00 > Number of parameters: 9408130
[INFO] 2021-11-29 15:00:00 > Generator(
  (linear0): Linear(in_features=20, out_features=6144, bias=True)
  (shared): Embedding(1, 128)
  (blocks): ModuleList(
    (0): ModuleList(
      (0): GenBlock(
        (bn1): BigGANConditionalBatchNorm2d(
          (bn): BatchNorm2d(384, eps=0.0001, momentum=0.1, affine=False, track_running_stats=True)
          (gain): Linear(in_features=148, out_features=384, bias=False)
          (bias): Linear(in_features=148, out_features=384, bias=False)
        )
        (bn2): BigGANConditionalBatchNorm2d(
          (bn): BatchNorm2d(384, eps=0.0001, momentum=0.1, affine=False, track_running_stats=True)
          (gain): Linear(in_features=148, out_features=384, bias=False)
          (bias): Linear(in_features=148, out_features=384, bias=False)
        )
        (activation): ReLU(inplace=True)
        (conv2d0): Conv2d(384, 384, kernel_size=(1, 1), stride=(1, 1))
        (conv2d1): Conv2d(384, 384, kernel_size=(3, 3), stride=(1, 1), padding=(1, 1))
        (conv2d2): Conv2d(384, 384, kernel_size=(3, 3), stride=(1, 1), padding=(1, 1))
      )
    )
    (1): ModuleList(
      (0): GenBlock(
        (bn1): BigGANConditionalBatchNorm2d(
          (bn): BatchNorm2d(384, eps=0.0001, momentum=0.1, affine=False, track_running_stats=True)
          (gain): Linear(in_features=148, out_features=384, bias=False)
          (bias): Linear(in_features=148, out_features=384, bias=False)
        )
        (bn2): BigGANConditionalBatchNorm2d(
          (bn): BatchNorm2d(384, eps=0.0001, momentum=0.1, affine=False, track_running_stats=True)
          (gain): Linear(in_features=148, out_features=384, bias=False)
          (bias): Linear(in_features=148, out_features=384, bias=False)
        )
        (activation): ReLU(inplace=True)
        (conv2d0): Conv2d(384, 384, kernel_size=(1, 1), stride=(1, 1))
        (conv2d1): Conv2d(384, 384, kernel_size=(3, 3), stride=(1, 1), padding=(1, 1))
        (conv2d2): Conv2d(384, 384, kernel_size=(3, 3), stride=(1, 1), padding=(1, 1))
      )
    )
    (2): ModuleList(
      (0): SelfAttention(
        (conv1x1_theta): Conv2d(384, 48, kernel_size=(1, 1), stride=(1, 1), bias=False)
        (conv1x1_phi): Conv2d(384, 48, kernel_size=(1, 1), stride=(1, 1), bias=False)
        (conv1x1_g): Conv2d(384, 192, kernel_size=(1, 1), stride=(1, 1), bias=False)
        (conv1x1_attn): Conv2d(192, 384, kernel_size=(1, 1), stride=(1, 1), bias=False)
        (maxpool): MaxPool2d(kernel_size=2, stride=2, padding=0, dilation=1, ceil_mode=False)
        (softmax): Softmax(dim=-1)
      )
    )
    (3): ModuleList(
      (0): GenBlock(
        (bn1): BigGANConditionalBatchNorm2d(
          (bn): BatchNorm2d(384, eps=0.0001, momentum=0.1, affine=False, track_running_stats=True)
          (gain): Linear(in_features=148, out_features=384, bias=False)
          (bias): Linear(in_features=148, out_features=384, bias=False)
        )
        (bn2): BigGANConditionalBatchNorm2d(
          (bn): BatchNorm2d(384, eps=0.0001, momentum=0.1, affine=False, track_running_stats=True)
          (gain): Linear(in_features=148, out_features=384, bias=False)
          (bias): Linear(in_features=148, out_features=384, bias=False)
        )
        (activation): ReLU(inplace=True)
        (conv2d0): Conv2d(384, 384, kernel_size=(1, 1), stride=(1, 1))
        (conv2d1): Conv2d(384, 384, kernel_size=(3, 3), stride=(1, 1), padding=(1, 1))
        (conv2d2): Conv2d(384, 384, kernel_size=(3, 3), stride=(1, 1), padding=(1, 1))
      )
    )
  )
  (bn4): BatchNorm2d(384, eps=0.0001, momentum=0.1, affine=True, track_running_stats=True)
  (activation): ReLU(inplace=True)
  (conv2d5): Conv2d(384, 1, kernel_size=(3, 3), stride=(1, 1), padding=(1, 1))
  (tanh): Tanh()
)
[INFO] 2021-11-29 15:00:00 > Number of parameters: 2409602
[INFO] 2021-11-29 15:00:00 > Discriminator(
  (blocks): ModuleList(
    (0): ModuleList(
      (0): DiscOptBlock(
        (conv2d0): Conv2d(1, 192, kernel_size=(1, 1), stride=(1, 1))
        (conv2d1): Conv2d(1, 192, kernel_size=(3, 3), stride=(1, 1), padding=(1, 1))
        (conv2d2): Conv2d(192, 192, kernel_size=(3, 3), stride=(1, 1), padding=(1, 1))
        (activation): ReLU(inplace=True)
        (average_pooling): AvgPool2d(kernel_size=2, stride=2, padding=0)
      )
    )
    (1): ModuleList(
      (0): SelfAttention(
        (conv1x1_theta): Conv2d(192, 24, kernel_size=(1, 1), stride=(1, 1), bias=False)
        (conv1x1_phi): Conv2d(192, 24, kernel_size=(1, 1), stride=(1, 1), bias=False)
        (conv1x1_g): Conv2d(192, 96, kernel_size=(1, 1), stride=(1, 1), bias=False)
        (conv1x1_attn): Conv2d(96, 192, kernel_size=(1, 1), stride=(1, 1), bias=False)
        (maxpool): MaxPool2d(kernel_size=2, stride=2, padding=0, dilation=1, ceil_mode=False)
        (softmax): Softmax(dim=-1)
      )
    )
    (2): ModuleList(
      (0): DiscBlock(
        (activation): ReLU(inplace=True)
        (conv2d0): Conv2d(192, 192, kernel_size=(1, 1), stride=(1, 1))
        (conv2d1): Conv2d(192, 192, kernel_size=(3, 3), stride=(1, 1), padding=(1, 1))
        (conv2d2): Conv2d(192, 192, kernel_size=(3, 3), stride=(1, 1), padding=(1, 1))
        (average_pooling): AvgPool2d(kernel_size=2, stride=2, padding=0)
      )
    )
    (3): ModuleList(
      (0): DiscBlock(
        (activation): ReLU(inplace=True)
        (conv2d1): Conv2d(192, 192, kernel_size=(3, 3), stride=(1, 1), padding=(1, 1))
        (conv2d2): Conv2d(192, 192, kernel_size=(3, 3), stride=(1, 1), padding=(1, 1))
        (average_pooling): AvgPool2d(kernel_size=2, stride=2, padding=0)
      )
    )
    (4): ModuleList(
      (0): DiscBlock(
        (activation): ReLU(inplace=True)
        (conv2d1): Conv2d(192, 192, kernel_size=(3, 3), stride=(1, 1), padding=(1, 1))
        (conv2d2): Conv2d(192, 192, kernel_size=(3, 3), stride=(1, 1), padding=(1, 1))
        (average_pooling): AvgPool2d(kernel_size=2, stride=2, padding=0)
      )
    )
  )
  (activation): ReLU(inplace=True)
  (linear1): Linear(in_features=192, out_features=1, bias=True)
  (embedding): Embedding(1, 192)
)
[INFO] 2021-11-29 15:00:09 > Start training!
[INFO] 2021-11-29 15:01:50 > Step:    100 Progress: 0.1% Elapsed: 0:01:41 Gen_loss: 1.423 Dis_loss: 0.7541 Cls_loss: N/A Topk:  N/A ada_p: N/A 
[INFO] 2021-11-29 15:01:50 > Visualize (num_rows x 8) fake image canvans.
[INFO] 2021-11-29 15:01:50 > Save image canvas to ./output/figures/gpm-BigGAN-Mod-train-2021_11_29_14_59_57/generated_canvas_100.png
[INFO] 2021-11-29 15:01:51 > Save model to ./output/checkpoints/gpm-BigGAN-Mod-train-2021_11_29_14_59_57
[INFO] 2021-11-29 15:03:33 > Step:    200 Progress: 0.2% Elapsed: 0:03:24 Gen_loss: 1.076 Dis_loss: 0.6686 Cls_loss: N/A Topk:  N/A ada_p: N/A 
[INFO] 2021-11-29 15:03:33 > Visualize (num_rows x 8) fake image canvans.
[INFO] 2021-11-29 15:03:33 > Save image canvas to ./output/figures/gpm-BigGAN-Mod-train-2021_11_29_14_59_57/generated_canvas_200.png
[INFO] 2021-11-29 15:03:34 > Save model to ./output/checkpoints/gpm-BigGAN-Mod-train-2021_11_29_14_59_57
[INFO] 2021-11-29 15:05:17 > Step:    300 Progress: 0.3% Elapsed: 0:05:08 Gen_loss: 0.8222 Dis_loss: 0.9383 Cls_loss: N/A Topk:  N/A ada_p: N/A 
[INFO] 2021-11-29 15:05:17 > Visualize (num_rows x 8) fake image canvans.
[INFO] 2021-11-29 15:05:17 > Save image canvas to ./output/figures/gpm-BigGAN-Mod-train-2021_11_29_14_59_57/generated_canvas_300.png
[INFO] 2021-11-29 15:05:17 > Save model to ./output/checkpoints/gpm-BigGAN-Mod-train-2021_11_29_14_59_57
[INFO] 2021-11-29 15:07:00 > Step:    400 Progress: 0.4% Elapsed: 0:06:50 Gen_loss: 0.5314 Dis_loss: 0.3634 Cls_loss: N/A Topk:  N/A ada_p: N/A 
[INFO] 2021-11-29 15:07:00 > Visualize (num_rows x 8) fake image canvans.
[INFO] 2021-11-29 15:07:00 > Save image canvas to ./output/figures/gpm-BigGAN-Mod-train-2021_11_29_14_59_57/generated_canvas_400.png
[INFO] 2021-11-29 15:07:00 > Save model to ./output/checkpoints/gpm-BigGAN-Mod-train-2021_11_29_14_59_57
[INFO] 2021-11-29 15:08:42 > Step:    500 Progress: 0.5% Elapsed: 0:08:33 Gen_loss: 1.026 Dis_loss: 0.4967 Cls_loss: N/A Topk:  N/A ada_p: N/A 
[INFO] 2021-11-29 15:08:43 > Visualize (num_rows x 8) fake image canvans.
[INFO] 2021-11-29 15:08:43 > Save image canvas to ./output/figures/gpm-BigGAN-Mod-train-2021_11_29_14_59_57/generated_canvas_500.png
[INFO] 2021-11-29 15:08:43 > Save model to ./output/checkpoints/gpm-BigGAN-Mod-train-2021_11_29_14_59_57
[INFO] 2021-11-29 15:10:25 > Step:    600 Progress: 0.6% Elapsed: 0:10:16 Gen_loss: 1.152 Dis_loss: 0.4308 Cls_loss: N/A Topk:  N/A ada_p: N/A 
[INFO] 2021-11-29 15:10:25 > Visualize (num_rows x 8) fake image canvans.
[INFO] 2021-11-29 15:10:25 > Save image canvas to ./output/figures/gpm-BigGAN-Mod-train-2021_11_29_14_59_57/generated_canvas_600.png
[INFO] 2021-11-29 15:10:26 > Save model to ./output/checkpoints/gpm-BigGAN-Mod-train-2021_11_29_14_59_57
[INFO] 2021-11-29 15:12:07 > Step:    700 Progress: 0.7% Elapsed: 0:11:58 Gen_loss: 1.424 Dis_loss: 0.2497 Cls_loss: N/A Topk:  N/A ada_p: N/A 
[INFO] 2021-11-29 15:12:07 > Visualize (num_rows x 8) fake image canvans.
[INFO] 2021-11-29 15:12:07 > Save image canvas to ./output/figures/gpm-BigGAN-Mod-train-2021_11_29_14_59_57/generated_canvas_700.png
[INFO] 2021-11-29 15:12:08 > Save model to ./output/checkpoints/gpm-BigGAN-Mod-train-2021_11_29_14_59_57
[INFO] 2021-11-29 15:13:49 > Step:    800 Progress: 0.8% Elapsed: 0:13:40 Gen_loss: 1.481 Dis_loss: 0.3357 Cls_loss: N/A Topk:  N/A ada_p: N/A 
[INFO] 2021-11-29 15:13:49 > Visualize (num_rows x 8) fake image canvans.
[INFO] 2021-11-29 15:13:49 > Save image canvas to ./output/figures/gpm-BigGAN-Mod-train-2021_11_29_14_59_57/generated_canvas_800.png
[INFO] 2021-11-29 15:13:50 > Save model to ./output/checkpoints/gpm-BigGAN-Mod-train-2021_11_29_14_59_57
[INFO] 2021-11-29 15:15:31 > Step:    900 Progress: 0.9% Elapsed: 0:15:22 Gen_loss: 1.203 Dis_loss: 0.2931 Cls_loss: N/A Topk:  N/A ada_p: N/A 
[INFO] 2021-11-29 15:15:31 > Visualize (num_rows x 8) fake image canvans.
[INFO] 2021-11-29 15:15:31 > Save image canvas to ./output/figures/gpm-BigGAN-Mod-train-2021_11_29_14_59_57/generated_canvas_900.png
[INFO] 2021-11-29 15:15:32 > Save model to ./output/checkpoints/gpm-BigGAN-Mod-train-2021_11_29_14_59_57
[INFO] 2021-11-29 15:17:13 > Step:   1000 Progress: 1.0% Elapsed: 0:17:04 Gen_loss: 1.186 Dis_loss: 0.1699 Cls_loss: N/A Topk:  N/A ada_p: N/A 
[INFO] 2021-11-29 15:17:13 > Visualize (num_rows x 8) fake image canvans.
[INFO] 2021-11-29 15:17:13 > Save image canvas to ./output/figures/gpm-BigGAN-Mod-train-2021_11_29_14_59_57/generated_canvas_1000.png
[INFO] 2021-11-29 15:17:14 > Save model to ./output/checkpoints/gpm-BigGAN-Mod-train-2021_11_29_14_59_57
[INFO] 2021-11-29 15:18:55 > Step:   1100 Progress: 1.1% Elapsed: 0:18:46 Gen_loss: 1.002 Dis_loss: 0.2279 Cls_loss: N/A Topk:  N/A ada_p: N/A 
[INFO] 2021-11-29 15:18:55 > Visualize (num_rows x 8) fake image canvans.
[INFO] 2021-11-29 15:18:55 > Save image canvas to ./output/figures/gpm-BigGAN-Mod-train-2021_11_29_14_59_57/generated_canvas_1100.png
[INFO] 2021-11-29 15:18:56 > Save model to ./output/checkpoints/gpm-BigGAN-Mod-train-2021_11_29_14_59_57
[INFO] 2021-11-29 15:20:37 > Step:   1200 Progress: 1.2% Elapsed: 0:20:28 Gen_loss: 1.273 Dis_loss: 0.09447 Cls_loss: N/A Topk:  N/A ada_p: N/A 
[INFO] 2021-11-29 15:20:37 > Visualize (num_rows x 8) fake image canvans.
[INFO] 2021-11-29 15:20:37 > Save image canvas to ./output/figures/gpm-BigGAN-Mod-train-2021_11_29_14_59_57/generated_canvas_1200.png
[INFO] 2021-11-29 15:20:38 > Save model to ./output/checkpoints/gpm-BigGAN-Mod-train-2021_11_29_14_59_57
[INFO] 2021-11-29 15:22:19 > Step:   1300 Progress: 1.3% Elapsed: 0:22:09 Gen_loss: 1.187 Dis_loss: 0.1328 Cls_loss: N/A Topk:  N/A ada_p: N/A 
[INFO] 2021-11-29 15:22:19 > Visualize (num_rows x 8) fake image canvans.
[INFO] 2021-11-29 15:22:19 > Save image canvas to ./output/figures/gpm-BigGAN-Mod-train-2021_11_29_14_59_57/generated_canvas_1300.png
[INFO] 2021-11-29 15:22:19 > Save model to ./output/checkpoints/gpm-BigGAN-Mod-train-2021_11_29_14_59_57
[INFO] 2021-11-29 15:24:01 > Step:   1400 Progress: 1.4% Elapsed: 0:23:51 Gen_loss: 1.112 Dis_loss: 0.07694 Cls_loss: N/A Topk:  N/A ada_p: N/A 
[INFO] 2021-11-29 15:24:01 > Visualize (num_rows x 8) fake image canvans.
[INFO] 2021-11-29 15:24:01 > Save image canvas to ./output/figures/gpm-BigGAN-Mod-train-2021_11_29_14_59_57/generated_canvas_1400.png
[INFO] 2021-11-29 15:24:01 > Save model to ./output/checkpoints/gpm-BigGAN-Mod-train-2021_11_29_14_59_57
[INFO] 2021-11-29 15:25:42 > Step:   1500 Progress: 1.5% Elapsed: 0:25:33 Gen_loss: 1.207 Dis_loss: 0.2468 Cls_loss: N/A Topk:  N/A ada_p: N/A 
[INFO] 2021-11-29 15:25:42 > Visualize (num_rows x 8) fake image canvans.
[INFO] 2021-11-29 15:25:42 > Save image canvas to ./output/figures/gpm-BigGAN-Mod-train-2021_11_29_14_59_57/generated_canvas_1500.png
[INFO] 2021-11-29 15:25:43 > Save model to ./output/checkpoints/gpm-BigGAN-Mod-train-2021_11_29_14_59_57
[INFO] 2021-11-29 15:27:24 > Step:   1600 Progress: 1.6% Elapsed: 0:27:15 Gen_loss: 1.072 Dis_loss: 0.11 Cls_loss: N/A Topk:  N/A ada_p: N/A 
[INFO] 2021-11-29 15:27:24 > Visualize (num_rows x 8) fake image canvans.
[INFO] 2021-11-29 15:27:24 > Save image canvas to ./output/figures/gpm-BigGAN-Mod-train-2021_11_29_14_59_57/generated_canvas_1600.png
[INFO] 2021-11-29 15:27:25 > Save model to ./output/checkpoints/gpm-BigGAN-Mod-train-2021_11_29_14_59_57
[INFO] 2021-11-29 15:29:06 > Step:   1700 Progress: 1.7% Elapsed: 0:28:57 Gen_loss: 0.915 Dis_loss: 0.2193 Cls_loss: N/A Topk:  N/A ada_p: N/A 
[INFO] 2021-11-29 15:29:06 > Visualize (num_rows x 8) fake image canvans.
[INFO] 2021-11-29 15:29:06 > Save image canvas to ./output/figures/gpm-BigGAN-Mod-train-2021_11_29_14_59_57/generated_canvas_1700.png
[INFO] 2021-11-29 15:29:07 > Save model to ./output/checkpoints/gpm-BigGAN-Mod-train-2021_11_29_14_59_57
